<?xml version="1.0" encoding="utf-8"?>
<!DOCTYPE coverage SYSTEM "http://cobertura.sourceforge.net/xml/coverage-04.dtd">
<coverage line-rate="0.753164556962025" branch-rate="0.7" lines-covered="119" lines-valid="158" branches-covered="49" branches-valid="70" complexity="85" version="0" timestamp="1734477036">
  <sources>
    <source>C:\Users\Глеб\</source>
  </sources>
  <packages>
    <package name="ConsoleAppStruct" line-rate="0.680672268907563" branch-rate="0.7" complexity="80">
      <classes>
        <class name="ConsoleAppStruct.DataAccess" filename="C:\Users\Глеб\Desktop\proect\proektirovanieIS\ConsoleAppStruct\DataAccess.cs" line-rate="0.916666666666667" branch-rate="0.5" complexity="7">
          <methods>
            <method name="AccessFileData" signature="()" line-rate="1" branch-rate="0.5" complexity="2">
              <lines>
                <line number="11" hits="1" branch="false" />
                <line number="12" hits="1" branch="true" condition-coverage="50% (1/2)" />
                <line number="13" hits="1" branch="false" />
                <line number="14" hits="1" branch="false" />
              </lines>
            </method>
            <method name="AddFileData" signature="(...)" line-rate="0.857142857142857" branch-rate="0.5" complexity="4">
              <lines>
                <line number="17" hits="1" branch="false" />
                <line number="18" hits="1" branch="true" condition-coverage="50% (2/4)" />
                <line number="19" hits="1" branch="false" />
                <line number="20" hits="1" branch="false" />
                <line number="21" hits="1" branch="false" />
                <line number="23" hits="0" branch="false" />
                <line number="24" hits="1" branch="false" />
              </lines>
            </method>
            <method name=".cctor" signature="()" line-rate="1" branch-rate="1" complexity="1">
              <lines>
                <line number="8" hits="1" branch="false" />
              </lines>
            </method>
          </methods>
          <lines>
            <line number="8" hits="1" branch="false" />
            <line number="11" hits="1" branch="false" />
            <line number="12" hits="1" branch="true" condition-coverage="50% (1/2)" />
            <line number="13" hits="1" branch="false" />
            <line number="14" hits="1" branch="false" />
            <line number="17" hits="1" branch="false" />
            <line number="18" hits="1" branch="true" condition-coverage="50% (2/4)" />
            <line number="19" hits="1" branch="false" />
            <line number="20" hits="1" branch="false" />
            <line number="21" hits="1" branch="false" />
            <line number="23" hits="0" branch="false" />
            <line number="24" hits="1" branch="false" />
          </lines>
        </class>
        <class name="ConsoleAppStruct.DataProcessing" filename="C:\Users\Глеб\Desktop\proect\proektirovanieIS\ConsoleAppStruct\DataProcessing.cs" line-rate="0.810344827586207" branch-rate="0.875" complexity="41">
          <methods>
            <method name="ConvertToSubjects" signature="(...)" line-rate="0" branch-rate="0" complexity="2">
              <lines>
                <line number="10" hits="0" branch="false" />
                <line number="11" hits="0" branch="false" />
                <line number="12" hits="0" branch="false" />
                <line number="13" hits="0" branch="true" condition-coverage="0% (0/2)" />
                <line number="14" hits="0" branch="false" />
                <line number="15" hits="0" branch="false" />
                <line number="16" hits="0" branch="false" />
                <line number="17" hits="0" branch="false" />
                <line number="18" hits="0" branch="false" />
                <line number="19" hits="0" branch="false" />
              </lines>
            </method>
            <method name="ConvertToCorrespondingClass" signature="(...)" line-rate="0.888888888888889" branch-rate="0.666666666666667" complexity="6">
              <lines>
                <line number="22" hits="2" branch="false" />
                <line number="23" hits="2" branch="true" condition-coverage="50% (1/2)" />
                <line number="24" hits="2" branch="false" />
                <line number="25" hits="2" branch="false" />
                <line number="26" hits="2" branch="true" condition-coverage="75% (3/4)" />
                <line number="28" hits="1" branch="false" />
                <line number="29" hits="1" branch="false" />
                <line number="30" hits="0" branch="false" />
                <line number="32" hits="2" branch="false" />
              </lines>
            </method>
            <method name="GetParameters" signature="(...)" line-rate="1" branch-rate="0.96875" complexity="32">
              <lines>
                <line number="35" hits="3" branch="false" />
                <line number="36" hits="3" branch="false" />
                <line number="38" hits="3" branch="false" />
                <line number="39" hits="3" branch="false" />
                <line number="40" hits="3" branch="false" />
                <line number="41" hits="3" branch="false" />
                <line number="42" hits="3" branch="false" />
                <line number="44" hits="417" branch="true" condition-coverage="100% (2/2)" />
                <line number="45" hits="204" branch="false" />
                <line number="46" hits="204" branch="true" condition-coverage="100% (2/2)" />
                <line number="47" hits="101" branch="false" />
                <line number="48" hits="119" branch="true" condition-coverage="100% (2/2)" />
                <line number="49" hits="125" branch="true" condition-coverage="100% (2/2)" />
                <line number="50" hits="243" branch="false" />
                <line number="51" hits="92" branch="false" />
                <line number="54" hits="103" branch="true" condition-coverage="75% (3/4)" />
                <line number="56" hits="103" branch="true" condition-coverage="100% (6/6)" />
                <line number="57" hits="24" branch="false" />
                <line number="59" hits="97" branch="true" condition-coverage="100% (4/4)" />
                <line number="60" hits="15" branch="false" />
                <line number="62" hits="97" branch="true" condition-coverage="100% (8/8)" />
                <line number="63" hits="97" branch="false" />
                <line number="64" hits="9" branch="false" />
                <line number="65" hits="9" branch="false" />
                <line number="66" hits="9" branch="false" />
                <line number="67" hits="9" branch="false" />
                <line number="68" hits="18" branch="false" />
                <line number="69" hits="9" branch="false" />
                <line number="72" hits="88" branch="false" />
                <line number="73" hits="88" branch="false" />
                <line number="74" hits="3" branch="true" condition-coverage="100% (2/2)" />
                <line number="75" hits="6" branch="false" />
                <line number="77" hits="3" branch="false" />
                <line number="78" hits="3" branch="false" />
              </lines>
            </method>
            <method name="TransferToClass" signature="(...)" line-rate="1" branch-rate="1" complexity="1">
              <lines>
                <line number="88" hits="2" branch="false" />
                <line number="89" hits="2" branch="false" />
                <line number="90" hits="2" branch="false" />
                <line number="91" hits="2" branch="false" />
                <line number="92" hits="2" branch="false" />
              </lines>
            </method>
          </methods>
          <lines>
            <line number="10" hits="0" branch="false" />
            <line number="11" hits="0" branch="false" />
            <line number="12" hits="0" branch="false" />
            <line number="13" hits="0" branch="true" condition-coverage="0% (0/2)" />
            <line number="14" hits="0" branch="false" />
            <line number="15" hits="0" branch="false" />
            <line number="16" hits="0" branch="false" />
            <line number="17" hits="0" branch="false" />
            <line number="18" hits="0" branch="false" />
            <line number="19" hits="0" branch="false" />
            <line number="22" hits="2" branch="false" />
            <line number="23" hits="2" branch="true" condition-coverage="50% (1/2)" />
            <line number="24" hits="2" branch="false" />
            <line number="25" hits="2" branch="false" />
            <line number="26" hits="2" branch="true" condition-coverage="75% (3/4)" />
            <line number="28" hits="1" branch="false" />
            <line number="29" hits="1" branch="false" />
            <line number="30" hits="0" branch="false" />
            <line number="32" hits="2" branch="false" />
            <line number="35" hits="3" branch="false" />
            <line number="36" hits="3" branch="false" />
            <line number="38" hits="3" branch="false" />
            <line number="39" hits="3" branch="false" />
            <line number="40" hits="3" branch="false" />
            <line number="41" hits="3" branch="false" />
            <line number="42" hits="3" branch="false" />
            <line number="44" hits="417" branch="true" condition-coverage="100% (2/2)" />
            <line number="45" hits="204" branch="false" />
            <line number="46" hits="204" branch="true" condition-coverage="100% (2/2)" />
            <line number="47" hits="101" branch="false" />
            <line number="48" hits="119" branch="true" condition-coverage="100% (2/2)" />
            <line number="49" hits="125" branch="true" condition-coverage="100% (2/2)" />
            <line number="50" hits="243" branch="false" />
            <line number="51" hits="92" branch="false" />
            <line number="54" hits="103" branch="true" condition-coverage="75% (3/4)" />
            <line number="56" hits="103" branch="true" condition-coverage="100% (6/6)" />
            <line number="57" hits="24" branch="false" />
            <line number="59" hits="97" branch="true" condition-coverage="100% (4/4)" />
            <line number="60" hits="15" branch="false" />
            <line number="62" hits="97" branch="true" condition-coverage="100% (8/8)" />
            <line number="63" hits="97" branch="false" />
            <line number="64" hits="9" branch="false" />
            <line number="65" hits="9" branch="false" />
            <line number="66" hits="9" branch="false" />
            <line number="67" hits="9" branch="false" />
            <line number="68" hits="18" branch="false" />
            <line number="69" hits="9" branch="false" />
            <line number="72" hits="88" branch="false" />
            <line number="73" hits="88" branch="false" />
            <line number="74" hits="3" branch="true" condition-coverage="100% (2/2)" />
            <line number="75" hits="6" branch="false" />
            <line number="77" hits="3" branch="false" />
            <line number="78" hits="3" branch="false" />
            <line number="88" hits="2" branch="false" />
            <line number="89" hits="2" branch="false" />
            <line number="90" hits="2" branch="false" />
            <line number="91" hits="2" branch="false" />
            <line number="92" hits="2" branch="false" />
          </lines>
        </class>
        <class name="ConsoleAppStruct.LectionSubject" filename="C:\Users\Глеб\Desktop\proect\proektirovanieIS\ConsoleAppStruct\LectionSubject.cs" line-rate="0.857142857142857" branch-rate="0.5" complexity="14">
          <methods>
            <method name="get_AmountOfAttendingGroups" signature="()" line-rate="1" branch-rate="1" complexity="1">
              <lines>
                <line number="9" hits="4" branch="false" />
              </lines>
            </method>
            <method name="ToString" signature="()" line-rate="1" branch-rate="1" complexity="1">
              <lines>
                <line number="12" hits="2" branch="false" />
                <line number="13" hits="2" branch="false" />
                <line number="14" hits="2" branch="false" />
              </lines>
            </method>
            <method name="UpdateParameters" signature="(...)" line-rate="0.8" branch-rate="0.5" complexity="12">
              <lines>
                <line number="17" hits="1" branch="false" />
                <line number="18" hits="1" branch="true" condition-coverage="50% (1/2)" />
                <line number="19" hits="1" branch="true" condition-coverage="50% (1/2)" />
                <line number="21" hits="1" branch="true" condition-coverage="50% (2/4)" />
                <line number="22" hits="3" branch="false" />
                <line number="23" hits="0" branch="false" />
                <line number="25" hits="1" branch="true" condition-coverage="50% (2/4)" />
                <line number="26" hits="3" branch="false" />
                <line number="27" hits="0" branch="false" />
                <line number="28" hits="1" branch="false" />
              </lines>
            </method>
          </methods>
          <lines>
            <line number="9" hits="4" branch="false" />
            <line number="12" hits="2" branch="false" />
            <line number="13" hits="2" branch="false" />
            <line number="14" hits="2" branch="false" />
            <line number="17" hits="1" branch="false" />
            <line number="18" hits="1" branch="true" condition-coverage="50% (1/2)" />
            <line number="19" hits="1" branch="true" condition-coverage="50% (1/2)" />
            <line number="21" hits="1" branch="true" condition-coverage="50% (2/4)" />
            <line number="22" hits="3" branch="false" />
            <line number="23" hits="0" branch="false" />
            <line number="25" hits="1" branch="true" condition-coverage="50% (2/4)" />
            <line number="26" hits="3" branch="false" />
            <line number="27" hits="0" branch="false" />
            <line number="28" hits="1" branch="false" />
          </lines>
        </class>
        <class name="ConsoleAppStruct.PracticeSubject" filename="C:\Users\Глеб\Desktop\proect\proektirovanieIS\ConsoleAppStruct\PracticeSubject.cs" line-rate="0.666666666666667" branch-rate="0.5" complexity="12">
          <methods>
            <method name="get_AttendingGroup" signature="()" line-rate="1" branch-rate="1" complexity="1">
              <lines>
                <line number="9" hits="1" branch="false" />
              </lines>
            </method>
            <method name="ToString" signature="()" line-rate="0" branch-rate="1" complexity="1">
              <lines>
                <line number="12" hits="0" branch="false" />
                <line number="13" hits="0" branch="false" />
                <line number="14" hits="0" branch="false" />
              </lines>
            </method>
            <method name="UpdateParameters" signature="(...)" line-rate="0.875" branch-rate="0.5" complexity="10">
              <lines>
                <line number="17" hits="1" branch="false" />
                <line number="18" hits="1" branch="true" condition-coverage="50% (1/2)" />
                <line number="19" hits="1" branch="true" condition-coverage="50% (1/2)" />
                <line number="20" hits="1" branch="true" condition-coverage="50% (1/2)" />
                <line number="22" hits="1" branch="true" condition-coverage="50% (2/4)" />
                <line number="23" hits="3" branch="false" />
                <line number="24" hits="0" branch="false" />
                <line number="25" hits="1" branch="false" />
              </lines>
            </method>
          </methods>
          <lines>
            <line number="9" hits="1" branch="false" />
            <line number="12" hits="0" branch="false" />
            <line number="13" hits="0" branch="false" />
            <line number="14" hits="0" branch="false" />
            <line number="17" hits="1" branch="false" />
            <line number="18" hits="1" branch="true" condition-coverage="50% (1/2)" />
            <line number="19" hits="1" branch="true" condition-coverage="50% (1/2)" />
            <line number="20" hits="1" branch="true" condition-coverage="50% (1/2)" />
            <line number="22" hits="1" branch="true" condition-coverage="50% (2/4)" />
            <line number="23" hits="3" branch="false" />
            <line number="24" hits="0" branch="false" />
            <line number="25" hits="1" branch="false" />
          </lines>
        </class>
        <class name="ConsoleAppStruct.Program" filename="C:\Users\Глеб\Desktop\proect\proektirovanieIS\ConsoleAppStruct\Program.cs" line-rate="0" branch-rate="0" complexity="3">
          <methods>
            <method name="Main" signature="(...)" line-rate="0" branch-rate="0" complexity="2">
              <lines>
                <line number="8" hits="0" branch="false" />
                <line number="10" hits="0" branch="false" />
                <line number="12" hits="0" branch="false" />
                <line number="13" hits="0" branch="false" />
                <line number="14" hits="0" branch="false" />
                <line number="15" hits="0" branch="false" />
                <line number="16" hits="0" branch="false" />
                <line number="19" hits="0" branch="false" />
                <line number="20" hits="0" branch="false" />
                <line number="23" hits="0" branch="true" condition-coverage="0% (0/2)" />
                <line number="24" hits="0" branch="false" />
                <line number="25" hits="0" branch="false" />
                <line number="26" hits="0" branch="false" />
                <line number="27" hits="0" branch="false" />
                <line number="28" hits="0" branch="false" />
              </lines>
            </method>
            <method name="OutputErrorMessage" signature="(...)" line-rate="0" branch-rate="1" complexity="1">
              <lines>
                <line number="31" hits="0" branch="false" />
                <line number="32" hits="0" branch="false" />
                <line number="33" hits="0" branch="false" />
                <line number="34" hits="0" branch="false" />
                <line number="35" hits="0" branch="false" />
              </lines>
            </method>
          </methods>
          <lines>
            <line number="8" hits="0" branch="false" />
            <line number="10" hits="0" branch="false" />
            <line number="12" hits="0" branch="false" />
            <line number="13" hits="0" branch="false" />
            <line number="14" hits="0" branch="false" />
            <line number="15" hits="0" branch="false" />
            <line number="16" hits="0" branch="false" />
            <line number="19" hits="0" branch="false" />
            <line number="20" hits="0" branch="false" />
            <line number="23" hits="0" branch="true" condition-coverage="0% (0/2)" />
            <line number="24" hits="0" branch="false" />
            <line number="25" hits="0" branch="false" />
            <line number="26" hits="0" branch="false" />
            <line number="27" hits="0" branch="false" />
            <line number="28" hits="0" branch="false" />
            <line number="31" hits="0" branch="false" />
            <line number="32" hits="0" branch="false" />
            <line number="33" hits="0" branch="false" />
            <line number="34" hits="0" branch="false" />
            <line number="35" hits="0" branch="false" />
          </lines>
        </class>
        <class name="ConsoleAppStruct.Subject" filename="C:\Users\Глеб\Desktop\proect\proektirovanieIS\ConsoleAppStruct\Subject.cs" line-rate="1" branch-rate="1" complexity="3">
          <methods>
            <method name="get_Date" signature="()" line-rate="1" branch-rate="1" complexity="1">
              <lines>
                <line number="8" hits="7" branch="false" />
              </lines>
            </method>
            <method name="get_ClassroomName" signature="()" line-rate="1" branch-rate="1" complexity="1">
              <lines>
                <line number="9" hits="7" branch="false" />
              </lines>
            </method>
            <method name="get_TeacherName" signature="()" line-rate="1" branch-rate="1" complexity="1">
              <lines>
                <line number="10" hits="7" branch="false" />
              </lines>
            </method>
          </methods>
          <lines>
            <line number="8" hits="7" branch="false" />
            <line number="9" hits="7" branch="false" />
            <line number="10" hits="7" branch="false" />
          </lines>
        </class>
      </classes>
    </package>
    <package name="ConsoleAppTest" line-rate="0.974358974358974" branch-rate="1" complexity="5">
      <classes>
        <class name="AutoGeneratedProgram" filename="C:\Users\Глеб\.nuget\packages\microsoft.net.test.sdk\17.8.0\build\netcoreapp3.1\Microsoft.NET.Test.Sdk.Program.cs" line-rate="0" branch-rate="1" complexity="1">
          <methods>
            <method name="Main" signature="(...)" line-rate="0" branch-rate="1" complexity="1">
              <lines>
                <line number="4" hits="0" branch="false" />
              </lines>
            </method>
          </methods>
          <lines>
            <line number="4" hits="0" branch="false" />
          </lines>
        </class>
        <class name="ConsoleAppTest.DataAccessTests" filename="C:\Users\Глеб\Desktop\proect\proektirovanieIS\ConsoleAppTest\DataAccessTests.cs" line-rate="1" branch-rate="1" complexity="1">
          <methods>
            <method name="AllMethods_AccessDataThenAddData_WorksAsIntented" signature="()" line-rate="1" branch-rate="1" complexity="1">
              <lines>
                <line number="12" hits="1" branch="false" />
                <line number="13" hits="4" branch="false" />
                <line number="14" hits="1" branch="false" />
                <line number="15" hits="1" branch="false" />
                <line number="17" hits="1" branch="false" />
                <line number="19" hits="1" branch="false" />
                <line number="20" hits="1" branch="false" />
                <line number="21" hits="1" branch="false" />
              </lines>
            </method>
          </methods>
          <lines>
            <line number="12" hits="1" branch="false" />
            <line number="13" hits="4" branch="false" />
            <line number="14" hits="1" branch="false" />
            <line number="15" hits="1" branch="false" />
            <line number="17" hits="1" branch="false" />
            <line number="19" hits="1" branch="false" />
            <line number="20" hits="1" branch="false" />
            <line number="21" hits="1" branch="false" />
          </lines>
        </class>
        <class name="ConsoleAppTest.DataProcessingTests" filename="C:\Users\Глеб\Desktop\proect\proektirovanieIS\ConsoleAppTest\DataProcessingTests.cs" line-rate="1" branch-rate="1" complexity="3">
          <methods>
            <method name="ConvertToCorrespondingClass_ConvertToALectionAndCheckIfInfoIsCorrect_LectionSubject" signature="()" line-rate="1" branch-rate="1" complexity="1">
              <lines>
                <line number="15" hits="1" branch="false" />
                <line number="17" hits="2" branch="false" />
                <line number="18" hits="2" branch="false" />
                <line number="19" hits="1" branch="false" />
                <line number="21" hits="1" branch="false" />
                <line number="23" hits="1" branch="false" />
                <line number="24" hits="1" branch="false" />
                <line number="25" hits="1" branch="false" />
                <line number="26" hits="1" branch="false" />
                <line number="27" hits="1" branch="false" />
              </lines>
            </method>
            <method name="ConvertToCorrespondingClass_ConvertToAPracticeAndCheckIfInfoIsCorrect_PracticeSubject" signature="()" line-rate="1" branch-rate="1" complexity="1">
              <lines>
                <line number="31" hits="1" branch="false" />
                <line number="32" hits="2" branch="false" />
                <line number="33" hits="2" branch="false" />
                <line number="34" hits="1" branch="false" />
                <line number="36" hits="1" branch="false" />
                <line number="38" hits="1" branch="false" />
                <line number="39" hits="1" branch="false" />
                <line number="40" hits="1" branch="false" />
                <line number="41" hits="1" branch="false" />
                <line number="42" hits="1" branch="false" />
              </lines>
            </method>
            <method name="GetParameters_ConvertStringParametersToDictionary_Dictionary" signature="()" line-rate="1" branch-rate="1" complexity="1">
              <lines>
                <line number="46" hits="1" branch="false" />
                <line number="47" hits="1" branch="false" />
                <line number="48" hits="1" branch="false" />
                <line number="50" hits="1" branch="false" />
                <line number="52" hits="1" branch="false" />
                <line number="53" hits="1" branch="false" />
                <line number="54" hits="1" branch="false" />
                <line number="55" hits="1" branch="false" />
                <line number="56" hits="1" branch="false" />
                <line number="57" hits="1" branch="false" />
              </lines>
            </method>
          </methods>
          <lines>
            <line number="15" hits="1" branch="false" />
            <line number="17" hits="2" branch="false" />
            <line number="18" hits="2" branch="false" />
            <line number="19" hits="1" branch="false" />
            <line number="21" hits="1" branch="false" />
            <line number="23" hits="1" branch="false" />
            <line number="24" hits="1" branch="false" />
            <line number="25" hits="1" branch="false" />
            <line number="26" hits="1" branch="false" />
            <line number="27" hits="1" branch="false" />
            <line number="31" hits="1" branch="false" />
            <line number="32" hits="2" branch="false" />
            <line number="33" hits="2" branch="false" />
            <line number="34" hits="1" branch="false" />
            <line number="36" hits="1" branch="false" />
            <line number="38" hits="1" branch="false" />
            <line number="39" hits="1" branch="false" />
            <line number="40" hits="1" branch="false" />
            <line number="41" hits="1" branch="false" />
            <line number="42" hits="1" branch="false" />
            <line number="46" hits="1" branch="false" />
            <line number="47" hits="1" branch="false" />
            <line number="48" hits="1" branch="false" />
            <line number="50" hits="1" branch="false" />
            <line number="52" hits="1" branch="false" />
            <line number="53" hits="1" branch="false" />
            <line number="54" hits="1" branch="false" />
            <line number="55" hits="1" branch="false" />
            <line number="56" hits="1" branch="false" />
            <line number="57" hits="1" branch="false" />
          </lines>
        </class>
      </classes>
    </package>
  </packages>
</coverage>