TpTrace Verbose: 0 : 15012, 1, 2024/12/17, 23:10:34.480, 877068968185, vstest.console.dll, Version: 17.12.0-release-24508-01 Current process architecture: X64
TpTrace Verbose: 0 : 15012, 1, 2024/12/17, 23:10:34.485, 877069014061, vstest.console.dll, Runtime location: C:\Program Files\dotnet\shared\Microsoft.NETCore.App\9.0.0
TpTrace Verbose: 0 : 15012, 1, 2024/12/17, 23:10:34.487, 877069038564, vstest.console.dll, ArtifactProcessingPostProcessModeProcessorExecutor.Initialize: ArtifactProcessingMode.Collect
TpTrace Verbose: 0 : 15012, 1, 2024/12/17, 23:10:34.488, 877069041684, vstest.console.dll, TestSessionCorrelationIdProcessorModeProcessorExecutor.Initialize: TestSessionCorrelationId '14972_bed0be13-1045-4c11-8088-f16b31cedb0b'
TpTrace Information: 0 : 15012, 1, 2024/12/17, 23:10:34.496, 877069127541, vstest.console.dll, FilePatternParser: The given file C:\Users\Глеб\Desktop\proect\proektirovanieIS\ConsoleAppTest\bin\x64\Debug\net8.0\fine-code-coverage\build-output\ConsoleAppTest.dll is a full path.
TpTrace Verbose: 0 : 15012, 1, 2024/12/17, 23:10:34.501, 877069175244, vstest.console.dll, TestPluginCache.DiscoverTestExtensions: finding test extensions in assemblies ends with: RuntimeProvider.dll TPluginInfo: Microsoft.VisualStudio.TestPlatform.Common.ExtensionFramework.Utilities.TestRuntimePluginInformation TExtension: Microsoft.VisualStudio.TestPlatform.ObjectModel.Host.ITestRuntimeProvider
TpTrace Verbose: 0 : 15012, 1, 2024/12/17, 23:10:34.502, 877069187762, vstest.console.dll, TestPluginCache.GetExtensionPaths: Filtered extension paths: 
TpTrace Verbose: 0 : 15012, 1, 2024/12/17, 23:10:34.502, 877069189347, vstest.console.dll, TestPluginCache.GetExtensionPaths: Added default extension paths: C:\Program Files\dotnet\sdk\9.0.101\Extensions\Microsoft.Diagnostics.NETCore.Client.dll
C:\Program Files\dotnet\sdk\9.0.101\Extensions\Microsoft.TestPlatform.Extensions.BlameDataCollector.dll
C:\Program Files\dotnet\sdk\9.0.101\Extensions\Microsoft.TestPlatform.Extensions.EventLogCollector.dll
C:\Program Files\dotnet\sdk\9.0.101\Extensions\Microsoft.TestPlatform.TestHostRuntimeProvider.dll
C:\Program Files\dotnet\sdk\9.0.101\Extensions\Microsoft.VisualStudio.TestPlatform.Extensions.Html.TestLogger.dll
C:\Program Files\dotnet\sdk\9.0.101\Extensions\Microsoft.VisualStudio.TestPlatform.Extensions.Trx.TestLogger.dll
TpTrace Verbose: 0 : 15012, 1, 2024/12/17, 23:10:34.503, 877069190444, vstest.console.dll, TestPluginCache.GetExtensionPaths: Added unfilterableExtensionPaths: 
TpTrace Information: 0 : 15012, 1, 2024/12/17, 23:10:34.503, 877069198301, vstest.console.dll, AssemblyResolver.ctor: Creating AssemblyResolver with searchDirectories C:\Program Files\dotnet\sdk\9.0.101\Extensions,C:\Program Files\dotnet\sdk\9.0.101
TpTrace Verbose: 0 : 15012, 1, 2024/12/17, 23:10:34.504, 877069209345, vstest.console.dll, TestPluginCache.DiscoverTestExtensions: Discovering the extensions using extension path.
TpTrace Verbose: 0 : 15012, 1, 2024/12/17, 23:10:34.505, 877069211307, vstest.console.dll, TestPluginCache.GetExtensionPaths: Filtered extension paths: 
TpTrace Verbose: 0 : 15012, 1, 2024/12/17, 23:10:34.505, 877069212449, vstest.console.dll, TestPluginCache.GetExtensionPaths: Added default extension paths: C:\Program Files\dotnet\sdk\9.0.101\Extensions\Microsoft.Diagnostics.NETCore.Client.dll
C:\Program Files\dotnet\sdk\9.0.101\Extensions\Microsoft.TestPlatform.Extensions.BlameDataCollector.dll
C:\Program Files\dotnet\sdk\9.0.101\Extensions\Microsoft.TestPlatform.Extensions.EventLogCollector.dll
C:\Program Files\dotnet\sdk\9.0.101\Extensions\Microsoft.TestPlatform.TestHostRuntimeProvider.dll
C:\Program Files\dotnet\sdk\9.0.101\Extensions\Microsoft.VisualStudio.TestPlatform.Extensions.Html.TestLogger.dll
C:\Program Files\dotnet\sdk\9.0.101\Extensions\Microsoft.VisualStudio.TestPlatform.Extensions.Trx.TestLogger.dll
TpTrace Verbose: 0 : 15012, 1, 2024/12/17, 23:10:34.505, 877069214292, vstest.console.dll, TestPluginCache.GetExtensionPaths: Added unfilterableExtensionPaths: 
TpTrace Verbose: 0 : 15012, 1, 2024/12/17, 23:10:34.505, 877069215824, vstest.console.dll, TestPluginCache.DiscoverTestExtensions: Discovering the extensions using allExtensionPaths: C:\Program Files\dotnet\sdk\9.0.101\Extensions\Microsoft.Diagnostics.NETCore.Client.dll
C:\Program Files\dotnet\sdk\9.0.101\Extensions\Microsoft.TestPlatform.Extensions.BlameDataCollector.dll
C:\Program Files\dotnet\sdk\9.0.101\Extensions\Microsoft.TestPlatform.Extensions.EventLogCollector.dll
C:\Program Files\dotnet\sdk\9.0.101\Extensions\Microsoft.TestPlatform.TestHostRuntimeProvider.dll
C:\Program Files\dotnet\sdk\9.0.101\Extensions\Microsoft.VisualStudio.TestPlatform.Extensions.Html.TestLogger.dll
C:\Program Files\dotnet\sdk\9.0.101\Extensions\Microsoft.VisualStudio.TestPlatform.Extensions.Trx.TestLogger.dll
TpTrace Information: 0 : 15012, 1, 2024/12/17, 23:10:34.505, 877069218358, vstest.console.dll, AssemblyResolver.AddSearchDirectories: Adding more searchDirectories C:\Program Files\dotnet\sdk\9.0.101\Extensions,C:\Program Files\dotnet\sdk\9.0.101
TpTrace Information: 0 : 15012, 1, 2024/12/17, 23:10:34.505, 877069219763, vstest.console.dll, AssemblyResolver.AddSearchDirectories: Adding more searchDirectories C:\Program Files\dotnet\sdk\9.0.101\Extensions,C:\Program Files\dotnet\sdk\9.0.101
TpTrace Information: 0 : 15012, 1, 2024/12/17, 23:10:34.506, 877069220989, vstest.console.dll, AssemblyResolver.AddSearchDirectories: Adding more searchDirectories C:\Program Files\dotnet\sdk\9.0.101\Extensions,C:\Program Files\dotnet\sdk\9.0.101
TpTrace Information: 0 : 15012, 1, 2024/12/17, 23:10:34.506, 877069222086, vstest.console.dll, AssemblyResolver.AddSearchDirectories: Adding more searchDirectories C:\Program Files\dotnet\sdk\9.0.101\Extensions,C:\Program Files\dotnet\sdk\9.0.101
TpTrace Information: 0 : 15012, 1, 2024/12/17, 23:10:34.506, 877069223221, vstest.console.dll, AssemblyResolver.AddSearchDirectories: Adding more searchDirectories C:\Program Files\dotnet\sdk\9.0.101\Extensions,C:\Program Files\dotnet\sdk\9.0.101
TpTrace Information: 0 : 15012, 1, 2024/12/17, 23:10:34.506, 877069224307, vstest.console.dll, AssemblyResolver.AddSearchDirectories: Adding more searchDirectories C:\Program Files\dotnet\sdk\9.0.101\Extensions,C:\Program Files\dotnet\sdk\9.0.101
TpTrace Information: 0 : 15012, 1, 2024/12/17, 23:10:34.506, 877069228917, vstest.console.dll, AssemblyResolver.OnResolve: Microsoft.Diagnostics.NETCore.Client: Resolving assembly.
TpTrace Information: 0 : 15012, 1, 2024/12/17, 23:10:34.507, 877069230550, vstest.console.dll, AssemblyResolver.OnResolve: Microsoft.Diagnostics.NETCore.Client: Searching in: 'C:\Program Files\dotnet\sdk\9.0.101\Extensions'.
TpTrace Information: 0 : 15012, 1, 2024/12/17, 23:10:34.520, 877069370161, vstest.console.dll, AssemblyResolver.OnResolve: Microsoft.Diagnostics.NETCore.Client: Loading assembly 'C:\Program Files\dotnet\sdk\9.0.101\Extensions\Microsoft.Diagnostics.NETCore.Client.dll'.
TpTrace Information: 0 : 15012, 1, 2024/12/17, 23:10:34.521, 877069377171, vstest.console.dll, AssemblyResolver.OnResolve: Resolved assembly: Microsoft.Diagnostics.NETCore.Client, from path: C:\Program Files\dotnet\sdk\9.0.101\Extensions\Microsoft.Diagnostics.NETCore.Client.dll
TpTrace Verbose: 0 : 15012, 1, 2024/12/17, 23:10:34.522, 877069389461, vstest.console.dll, MetadataReaderExtensionsHelper: Discovering extensions inside assembly 'Microsoft.Diagnostics.NETCore.Client, Version=0.2.10.41601, Culture=neutral, PublicKeyToken=31bf3856ad364e35' file path 'C:\Program Files\dotnet\sdk\9.0.101\Extensions\Microsoft.Diagnostics.NETCore.Client.dll'
TpTrace Information: 0 : 15012, 1, 2024/12/17, 23:10:34.526, 877069427243, vstest.console.dll, AssemblyResolver.OnResolve: Microsoft.Bcl.AsyncInterfaces: Resolving assembly.
TpTrace Information: 0 : 15012, 1, 2024/12/17, 23:10:34.526, 877069428943, vstest.console.dll, AssemblyResolver.OnResolve: Microsoft.Bcl.AsyncInterfaces: Searching in: 'C:\Program Files\dotnet\sdk\9.0.101\Extensions'.
TpTrace Information: 0 : 15012, 1, 2024/12/17, 23:10:34.527, 877069431492, vstest.console.dll, AssemblyResolver.OnResolve: Microsoft.Bcl.AsyncInterfaces: Assembly path does not exist: 'C:\Program Files\dotnet\sdk\9.0.101\Extensions\Microsoft.Bcl.AsyncInterfaces.dll', returning.
TpTrace Information: 0 : 15012, 1, 2024/12/17, 23:10:34.527, 877069434756, vstest.console.dll, AssemblyResolver.OnResolve: Microsoft.Bcl.AsyncInterfaces: Assembly path does not exist: 'C:\Program Files\dotnet\sdk\9.0.101\Extensions\Microsoft.Bcl.AsyncInterfaces.exe', returning.
TpTrace Information: 0 : 15012, 1, 2024/12/17, 23:10:34.527, 877069435900, vstest.console.dll, AssemblyResolver.OnResolve: Microsoft.Bcl.AsyncInterfaces: Searching in: 'C:\Program Files\dotnet\sdk\9.0.101'.
TpTrace Information: 0 : 15012, 1, 2024/12/17, 23:10:34.527, 877069437428, vstest.console.dll, AssemblyResolver.OnResolve: Microsoft.Bcl.AsyncInterfaces: Assembly path does not exist: 'C:\Program Files\dotnet\sdk\9.0.101\Microsoft.Bcl.AsyncInterfaces.dll', returning.
TpTrace Information: 0 : 15012, 1, 2024/12/17, 23:10:34.527, 877069438853, vstest.console.dll, AssemblyResolver.OnResolve: Microsoft.Bcl.AsyncInterfaces: Assembly path does not exist: 'C:\Program Files\dotnet\sdk\9.0.101\Microsoft.Bcl.AsyncInterfaces.exe', returning.
TpTrace Information: 0 : 15012, 1, 2024/12/17, 23:10:34.527, 877069439890, vstest.console.dll, AssemblyResolver.OnResolve: Microsoft.Bcl.AsyncInterfaces: Failed to load assembly.
TpTrace Verbose: 0 : 15012, 1, 2024/12/17, 23:10:34.528, 877069440994, vstest.console.dll, CurrentDomainAssemblyResolve: Resolving assembly 'Microsoft.Bcl.AsyncInterfaces'.
TpTrace Information: 0 : 15012, 1, 2024/12/17, 23:10:34.528, 877069442377, vstest.console.dll, AssemblyResolver.OnResolve: Microsoft.Bcl.AsyncInterfaces: Resolving assembly.
TpTrace Information: 0 : 15012, 1, 2024/12/17, 23:10:34.528, 877069444062, vstest.console.dll, AssemblyResolver.OnResolve: Microsoft.Bcl.AsyncInterfaces: Resolved from cache.
TpTrace Verbose: 0 : 15012, 1, 2024/12/17, 23:10:34.528, 877069445122, vstest.console.dll, CurrentDomainAssemblyResolve: Resolving assembly 'Microsoft.Bcl.AsyncInterfaces'.
TpTrace Verbose: 0 : 15012, 1, 2024/12/17, 23:10:34.528, 877069446259, vstest.console.dll, CurrentDomainAssemblyResolve: Failed to resolve assembly 'Microsoft.Bcl.AsyncInterfaces'.
TpTrace Verbose: 0 : 15012, 1, 2024/12/17, 23:10:34.529, 877069453779, vstest.console.dll, CurrentDomainAssemblyResolve: Failed to resolve assembly 'Microsoft.Bcl.AsyncInterfaces'.
TpTrace Warning: 0 : 15012, 1, 2024/12/17, 23:10:34.541, 877069573858, vstest.console.dll, TestPluginDiscoverer: Failed to get types from assembly 'Microsoft.Diagnostics.NETCore.Client, Version=0.2.10.41601, Culture=neutral, PublicKeyToken=31bf3856ad364e35'. Error: System.Reflection.ReflectionTypeLoadException: Unable to load one or more of the requested types.
Could not load file or assembly 'Microsoft.Bcl.AsyncInterfaces, Version=6.0.0.0, Culture=neutral, PublicKeyToken=cc7b13ffcd2ddd51'. Не удается найти указанный файл.
   at System.Reflection.RuntimeModule.GetDefinedTypes()
   at System.Reflection.RuntimeModule.GetTypes()
   at Microsoft.VisualStudio.TestPlatform.Common.ExtensionFramework.TestPluginDiscoverer.GetTestExtensionsFromAssembly[TPluginInfo,TExtension](Assembly assembly, Dictionary`2 pluginInfos, String filePath) in /_/src/Microsoft.TestPlatform.Common/ExtensionFramework/TestPluginDiscoverer.cs:line 159
System.IO.FileNotFoundException: Could not load file or assembly 'Microsoft.Bcl.AsyncInterfaces, Version=6.0.0.0, Culture=neutral, PublicKeyToken=cc7b13ffcd2ddd51'. Не удается найти указанный файл.
File name: 'Microsoft.Bcl.AsyncInterfaces, Version=6.0.0.0, Culture=neutral, PublicKeyToken=cc7b13ffcd2ddd51'
 ---> System.IO.FileNotFoundException: Could not load file or assembly 'Microsoft.Bcl.AsyncInterfaces, Culture=neutral, PublicKeyToken=null'. Не удается найти указанный файл.
File name: 'Microsoft.Bcl.AsyncInterfaces, Culture=neutral, PublicKeyToken=null'
   at System.Reflection.RuntimeAssembly.InternalLoad(AssemblyName assemblyName, StackCrawlMark& stackMark, AssemblyLoadContext assemblyLoadContext, RuntimeAssembly requestingAssembly, Boolean throwOnFileNotFound)
   at System.Reflection.Assembly.Load(AssemblyName assemblyRef)
   at Microsoft.VisualStudio.TestPlatform.Common.ExtensionFramework.TestPluginCache.CurrentDomainAssemblyResolve(Object sender, AssemblyResolveEventArgs args) in /_/src/Microsoft.TestPlatform.Common/ExtensionFramework/TestPluginCache.cs:line 514
   at System.Runtime.Loader.AssemblyLoadContext.GetFirstResolvedAssemblyFromResolvingEvent(AssemblyName assemblyName)
   at System.Runtime.Loader.AssemblyLoadContext.ResolveUsingEvent(AssemblyName assemblyName)
   at System.Runtime.Loader.AssemblyLoadContext.ResolveUsingResolvingEvent(IntPtr gchManagedAssemblyLoadContext, AssemblyName assemblyName)
TpTrace Warning: 0 : 15012, 1, 2024/12/17, 23:10:34.541, 877069579922, vstest.console.dll, LoaderExceptions: System.IO.FileNotFoundException: Could not load file or assembly 'Microsoft.Bcl.AsyncInterfaces, Version=6.0.0.0, Culture=neutral, PublicKeyToken=cc7b13ffcd2ddd51'. Не удается найти указанный файл.
File name: 'Microsoft.Bcl.AsyncInterfaces, Version=6.0.0.0, Culture=neutral, PublicKeyToken=cc7b13ffcd2ddd51'
 ---> System.IO.FileNotFoundException: Could not load file or assembly 'Microsoft.Bcl.AsyncInterfaces, Culture=neutral, PublicKeyToken=null'. Не удается найти указанный файл.
File name: 'Microsoft.Bcl.AsyncInterfaces, Culture=neutral, PublicKeyToken=null'
   at System.Reflection.RuntimeAssembly.InternalLoad(AssemblyName assemblyName, StackCrawlMark& stackMark, AssemblyLoadContext assemblyLoadContext, RuntimeAssembly requestingAssembly, Boolean throwOnFileNotFound)
   at System.Reflection.Assembly.Load(AssemblyName assemblyRef)
   at Microsoft.VisualStudio.TestPlatform.Common.ExtensionFramework.TestPluginCache.CurrentDomainAssemblyResolve(Object sender, AssemblyResolveEventArgs args) in /_/src/Microsoft.TestPlatform.Common/ExtensionFramework/TestPluginCache.cs:line 514
   at System.Runtime.Loader.AssemblyLoadContext.GetFirstResolvedAssemblyFromResolvingEvent(AssemblyName assemblyName)
   at System.Runtime.Loader.AssemblyLoadContext.ResolveUsingEvent(AssemblyName assemblyName)
   at System.Runtime.Loader.AssemblyLoadContext.ResolveUsingResolvingEvent(IntPtr gchManagedAssemblyLoadContext, AssemblyName assemblyName)
TpTrace Information: 0 : 15012, 1, 2024/12/17, 23:10:34.542, 877069582201, vstest.console.dll, AssemblyResolver.OnResolve: Microsoft.TestPlatform.Extensions.BlameDataCollector: Resolving assembly.
TpTrace Information: 0 : 15012, 1, 2024/12/17, 23:10:34.542, 877069584068, vstest.console.dll, AssemblyResolver.OnResolve: Microsoft.TestPlatform.Extensions.BlameDataCollector: Searching in: 'C:\Program Files\dotnet\sdk\9.0.101\Extensions'.
TpTrace Information: 0 : 15012, 1, 2024/12/17, 23:10:34.542, 877069588442, vstest.console.dll, AssemblyResolver.OnResolve: Microsoft.TestPlatform.Extensions.BlameDataCollector: Loading assembly 'C:\Program Files\dotnet\sdk\9.0.101\Extensions\Microsoft.TestPlatform.Extensions.BlameDataCollector.dll'.
TpTrace Information: 0 : 15012, 1, 2024/12/17, 23:10:34.543, 877069593505, vstest.console.dll, AssemblyResolver.OnResolve: Resolved assembly: Microsoft.TestPlatform.Extensions.BlameDataCollector, from path: C:\Program Files\dotnet\sdk\9.0.101\Extensions\Microsoft.TestPlatform.Extensions.BlameDataCollector.dll
TpTrace Verbose: 0 : 15012, 1, 2024/12/17, 23:10:34.543, 877069595421, vstest.console.dll, MetadataReaderExtensionsHelper: Discovering extensions inside assembly 'Microsoft.TestPlatform.Extensions.BlameDataCollector, Version=15.0.0.0, Culture=neutral, PublicKeyToken=b03f5f7f11d50a3a' file path 'C:\Program Files\dotnet\sdk\9.0.101\Extensions\Microsoft.TestPlatform.Extensions.BlameDataCollector.dll'
TpTrace Information: 0 : 15012, 1, 2024/12/17, 23:10:34.545, 877069617098, vstest.console.dll, AssemblyResolver.OnResolve: Microsoft.TestPlatform.Extensions.EventLogCollector: Resolving assembly.
TpTrace Information: 0 : 15012, 1, 2024/12/17, 23:10:34.545, 877069618906, vstest.console.dll, AssemblyResolver.OnResolve: Microsoft.TestPlatform.Extensions.EventLogCollector: Searching in: 'C:\Program Files\dotnet\sdk\9.0.101\Extensions'.
TpTrace Information: 0 : 15012, 1, 2024/12/17, 23:10:34.546, 877069623296, vstest.console.dll, AssemblyResolver.OnResolve: Microsoft.TestPlatform.Extensions.EventLogCollector: Loading assembly 'C:\Program Files\dotnet\sdk\9.0.101\Extensions\Microsoft.TestPlatform.Extensions.EventLogCollector.dll'.
TpTrace Information: 0 : 15012, 1, 2024/12/17, 23:10:34.546, 877069627626, vstest.console.dll, AssemblyResolver.OnResolve: Resolved assembly: Microsoft.TestPlatform.Extensions.EventLogCollector, from path: C:\Program Files\dotnet\sdk\9.0.101\Extensions\Microsoft.TestPlatform.Extensions.EventLogCollector.dll
TpTrace Verbose: 0 : 15012, 1, 2024/12/17, 23:10:34.546, 877069628974, vstest.console.dll, MetadataReaderExtensionsHelper: Discovering extensions inside assembly 'Microsoft.TestPlatform.Extensions.EventLogCollector, Version=15.0.0.0, Culture=neutral, PublicKeyToken=b03f5f7f11d50a3a' file path 'C:\Program Files\dotnet\sdk\9.0.101\Extensions\Microsoft.TestPlatform.Extensions.EventLogCollector.dll'
TpTrace Information: 0 : 15012, 1, 2024/12/17, 23:10:34.548, 877069647540, vstest.console.dll, AssemblyResolver.OnResolve: Microsoft.TestPlatform.TestHostRuntimeProvider: Resolving assembly.
TpTrace Information: 0 : 15012, 1, 2024/12/17, 23:10:34.548, 877069649047, vstest.console.dll, AssemblyResolver.OnResolve: Microsoft.TestPlatform.TestHostRuntimeProvider: Searching in: 'C:\Program Files\dotnet\sdk\9.0.101\Extensions'.
TpTrace Information: 0 : 15012, 1, 2024/12/17, 23:10:34.549, 877069652134, vstest.console.dll, AssemblyResolver.OnResolve: Microsoft.TestPlatform.TestHostRuntimeProvider: Loading assembly 'C:\Program Files\dotnet\sdk\9.0.101\Extensions\Microsoft.TestPlatform.TestHostRuntimeProvider.dll'.
TpTrace Information: 0 : 15012, 1, 2024/12/17, 23:10:34.549, 877069657350, vstest.console.dll, AssemblyResolver.OnResolve: Resolved assembly: Microsoft.TestPlatform.TestHostRuntimeProvider, from path: C:\Program Files\dotnet\sdk\9.0.101\Extensions\Microsoft.TestPlatform.TestHostRuntimeProvider.dll
TpTrace Verbose: 0 : 15012, 1, 2024/12/17, 23:10:34.549, 877069658760, vstest.console.dll, MetadataReaderExtensionsHelper: Discovering extensions inside assembly 'Microsoft.TestPlatform.TestHostRuntimeProvider, Version=15.0.0.0, Culture=neutral, PublicKeyToken=b03f5f7f11d50a3a' file path 'C:\Program Files\dotnet\sdk\9.0.101\Extensions\Microsoft.TestPlatform.TestHostRuntimeProvider.dll'
TpTrace Information: 0 : 15012, 1, 2024/12/17, 23:10:34.551, 877069677451, vstest.console.dll, GetTestExtensionFromType: Register extension with identifier data 'HostProvider://DefaultTestHost' and type 'Microsoft.VisualStudio.TestPlatform.CrossPlatEngine.Hosting.DefaultTestHostManager, Microsoft.TestPlatform.TestHostRuntimeProvider, Version=15.0.0.0, Culture=neutral, PublicKeyToken=b03f5f7f11d50a3a' inside file 'C:\Program Files\dotnet\sdk\9.0.101\Extensions\Microsoft.TestPlatform.TestHostRuntimeProvider.dll'
TpTrace Information: 0 : 15012, 1, 2024/12/17, 23:10:34.552, 877069682738, vstest.console.dll, GetTestExtensionFromType: Register extension with identifier data 'HostProvider://DotnetTestHost' and type 'Microsoft.VisualStudio.TestPlatform.CrossPlatEngine.Hosting.DotnetTestHostManager, Microsoft.TestPlatform.TestHostRuntimeProvider, Version=15.0.0.0, Culture=neutral, PublicKeyToken=b03f5f7f11d50a3a' inside file 'C:\Program Files\dotnet\sdk\9.0.101\Extensions\Microsoft.TestPlatform.TestHostRuntimeProvider.dll'
TpTrace Information: 0 : 15012, 1, 2024/12/17, 23:10:34.552, 877069684863, vstest.console.dll, AssemblyResolver.OnResolve: Microsoft.VisualStudio.TestPlatform.Extensions.Html.TestLogger: Resolving assembly.
TpTrace Information: 0 : 15012, 1, 2024/12/17, 23:10:34.552, 877069686170, vstest.console.dll, AssemblyResolver.OnResolve: Microsoft.VisualStudio.TestPlatform.Extensions.Html.TestLogger: Searching in: 'C:\Program Files\dotnet\sdk\9.0.101\Extensions'.
TpTrace Information: 0 : 15012, 1, 2024/12/17, 23:10:34.552, 877069690125, vstest.console.dll, AssemblyResolver.OnResolve: Microsoft.VisualStudio.TestPlatform.Extensions.Html.TestLogger: Loading assembly 'C:\Program Files\dotnet\sdk\9.0.101\Extensions\Microsoft.VisualStudio.TestPlatform.Extensions.Html.TestLogger.dll'.
TpTrace Information: 0 : 15012, 1, 2024/12/17, 23:10:34.553, 877069694928, vstest.console.dll, AssemblyResolver.OnResolve: Resolved assembly: Microsoft.VisualStudio.TestPlatform.Extensions.Html.TestLogger, from path: C:\Program Files\dotnet\sdk\9.0.101\Extensions\Microsoft.VisualStudio.TestPlatform.Extensions.Html.TestLogger.dll
TpTrace Verbose: 0 : 15012, 1, 2024/12/17, 23:10:34.553, 877069696357, vstest.console.dll, MetadataReaderExtensionsHelper: Discovering extensions inside assembly 'Microsoft.VisualStudio.TestPlatform.Extensions.Html.TestLogger, Version=15.0.0.0, Culture=neutral, PublicKeyToken=b03f5f7f11d50a3a' file path 'C:\Program Files\dotnet\sdk\9.0.101\Extensions\Microsoft.VisualStudio.TestPlatform.Extensions.Html.TestLogger.dll'
TpTrace Information: 0 : 15012, 1, 2024/12/17, 23:10:34.554, 877069704381, vstest.console.dll, AssemblyResolver.OnResolve: Microsoft.VisualStudio.TestPlatform.Extensions.Trx.TestLogger: Resolving assembly.
TpTrace Information: 0 : 15012, 1, 2024/12/17, 23:10:34.554, 877069705741, vstest.console.dll, AssemblyResolver.OnResolve: Microsoft.VisualStudio.TestPlatform.Extensions.Trx.TestLogger: Searching in: 'C:\Program Files\dotnet\sdk\9.0.101\Extensions'.
TpTrace Information: 0 : 15012, 1, 2024/12/17, 23:10:34.554, 877069708866, vstest.console.dll, AssemblyResolver.OnResolve: Microsoft.VisualStudio.TestPlatform.Extensions.Trx.TestLogger: Loading assembly 'C:\Program Files\dotnet\sdk\9.0.101\Extensions\Microsoft.VisualStudio.TestPlatform.Extensions.Trx.TestLogger.dll'.
TpTrace Information: 0 : 15012, 1, 2024/12/17, 23:10:34.555, 877069713357, vstest.console.dll, AssemblyResolver.OnResolve: Resolved assembly: Microsoft.VisualStudio.TestPlatform.Extensions.Trx.TestLogger, from path: C:\Program Files\dotnet\sdk\9.0.101\Extensions\Microsoft.VisualStudio.TestPlatform.Extensions.Trx.TestLogger.dll
TpTrace Verbose: 0 : 15012, 1, 2024/12/17, 23:10:34.555, 877069715002, vstest.console.dll, MetadataReaderExtensionsHelper: Discovering extensions inside assembly 'Microsoft.VisualStudio.TestPlatform.Extensions.Trx.TestLogger, Version=15.0.0.0, Culture=neutral, PublicKeyToken=b03f5f7f11d50a3a' file path 'C:\Program Files\dotnet\sdk\9.0.101\Extensions\Microsoft.VisualStudio.TestPlatform.Extensions.Trx.TestLogger.dll'
TpTrace Verbose: 0 : 15012, 1, 2024/12/17, 23:10:34.556, 877069725107, vstest.console.dll, TestPluginCache: Discovered the extensions using extension path ''.
TpTrace Verbose: 0 : 15012, 1, 2024/12/17, 23:10:34.556, 877069726427, vstest.console.dll, TestPluginCache: Discoverers are ''.
TpTrace Verbose: 0 : 15012, 1, 2024/12/17, 23:10:34.556, 877069727485, vstest.console.dll, TestPluginCache: Executors are ''.
TpTrace Verbose: 0 : 15012, 1, 2024/12/17, 23:10:34.556, 877069728487, vstest.console.dll, TestPluginCache: Executors2 are ''.
TpTrace Verbose: 0 : 15012, 1, 2024/12/17, 23:10:34.556, 877069729484, vstest.console.dll, TestPluginCache: Setting providers are ''.
TpTrace Verbose: 0 : 15012, 1, 2024/12/17, 23:10:34.557, 877069730471, vstest.console.dll, TestPluginCache: Loggers are ''.
TpTrace Verbose: 0 : 15012, 1, 2024/12/17, 23:10:34.557, 877069733112, vstest.console.dll, TestPluginCache: TestHosts are 'HostProvider://DefaultTestHost,HostProvider://DotnetTestHost'.
TpTrace Verbose: 0 : 15012, 1, 2024/12/17, 23:10:34.557, 877069734251, vstest.console.dll, TestPluginCache: DataCollectors are ''.
TpTrace Information: 0 : 15012, 1, 2024/12/17, 23:10:34.573, 877069893813, vstest.console.dll, RunTestsArgumentProcessor:Execute: Test run is starting.
TpTrace Verbose: 0 : 15012, 1, 2024/12/17, 23:10:34.573, 877069895606, vstest.console.dll, RunTestsArgumentProcessor:Execute: Queuing Test run.
TpTrace Information: 0 : 15012, 1, 2024/12/17, 23:10:34.573, 877069899069, vstest.console.dll, TestRequestManager.RunTests: run tests started.
TpTrace Information: 0 : 15012, 1, 2024/12/17, 23:10:34.575, 877069912681, vstest.console.dll, AssemblyMetadataProvider.GetFrameworkName: Determined framework:'.NETCoreApp,Version=v8.0' for source: 'C:\Users\Глеб\Desktop\proect\proektirovanieIS\ConsoleAppTest\bin\x64\Debug\net8.0\fine-code-coverage\build-output\ConsoleAppTest.dll'
TpTrace Information: 0 : 15012, 1, 2024/12/17, 23:10:34.575, 877069915366, vstest.console.dll, Determined framework for all sources: .NETCoreApp,Version=v8.0
TpTrace Verbose: 0 : 15012, 1, 2024/12/17, 23:10:34.575, 877069919844, vstest.console.dll, TestRequestManager.UpdateRunSettingsIfRequired: Default architecture: X64 IsDefaultTargetArchitecture: True, Current process architecture: X64 OperatingSystem: Windows.
TpTrace Information: 0 : 15012, 1, 2024/12/17, 23:10:34.578, 877069941483, vstest.console.dll, AssemblyMetadataProvider.GetArchitecture: Determined architecture:X64 info for assembly: C:\Users\Глеб\Desktop\proect\proektirovanieIS\ConsoleAppTest\bin\x64\Debug\net8.0\fine-code-coverage\build-output\ConsoleAppTest.dll
TpTrace Information: 0 : 15012, 1, 2024/12/17, 23:10:34.578, 877069944250, vstest.console.dll, Determined platform for source 'C:\Users\Глеб\Desktop\proect\proektirovanieIS\ConsoleAppTest\bin\x64\Debug\net8.0\fine-code-coverage\build-output\ConsoleAppTest.dll' was 'X64'.
TpTrace Information: 0 : 15012, 1, 2024/12/17, 23:10:34.578, 877069945448, vstest.console.dll, Determined platform for all sources: X64
TpTrace Information: 0 : 15012, 1, 2024/12/17, 23:10:34.578, 877069947859, vstest.console.dll, Platform was updated to 'X64'.
TpTrace Information: 0 : 15012, 1, 2024/12/17, 23:10:34.582, 877069983355, vstest.console.dll, InferRunSettingsHelper.IsTestSettingsEnabled: Unable to navigate to RunSettings/MSTest. Current node: RunSettings
TpTrace Information: 0 : 15012, 1, 2024/12/17, 23:10:34.583, 877069991233, vstest.console.dll, AssemblyResolver.OnResolve: Microsoft.VisualStudio.TestPlatform.Fakes: Resolving assembly.
TpTrace Information: 0 : 15012, 1, 2024/12/17, 23:10:34.583, 877069992741, vstest.console.dll, AssemblyResolver.OnResolve: Microsoft.VisualStudio.TestPlatform.Fakes: Searching in: 'C:\Program Files\dotnet\sdk\9.0.101\Extensions'.
TpTrace Information: 0 : 15012, 1, 2024/12/17, 23:10:34.583, 877069994876, vstest.console.dll, AssemblyResolver.OnResolve: Microsoft.VisualStudio.TestPlatform.Fakes: Assembly path does not exist: 'C:\Program Files\dotnet\sdk\9.0.101\Extensions\Microsoft.VisualStudio.TestPlatform.Fakes.dll', returning.
TpTrace Information: 0 : 15012, 1, 2024/12/17, 23:10:34.583, 877069996522, vstest.console.dll, AssemblyResolver.OnResolve: Microsoft.VisualStudio.TestPlatform.Fakes: Assembly path does not exist: 'C:\Program Files\dotnet\sdk\9.0.101\Extensions\Microsoft.VisualStudio.TestPlatform.Fakes.exe', returning.
TpTrace Information: 0 : 15012, 1, 2024/12/17, 23:10:34.583, 877069998551, vstest.console.dll, AssemblyResolver.OnResolve: Microsoft.VisualStudio.TestPlatform.Fakes: Searching in: 'C:\Program Files\dotnet\sdk\9.0.101'.
TpTrace Information: 0 : 15012, 1, 2024/12/17, 23:10:34.584, 877070000808, vstest.console.dll, AssemblyResolver.OnResolve: Microsoft.VisualStudio.TestPlatform.Fakes: Assembly path does not exist: 'C:\Program Files\dotnet\sdk\9.0.101\Microsoft.VisualStudio.TestPlatform.Fakes.dll', returning.
TpTrace Information: 0 : 15012, 1, 2024/12/17, 23:10:34.584, 877070002511, vstest.console.dll, AssemblyResolver.OnResolve: Microsoft.VisualStudio.TestPlatform.Fakes: Assembly path does not exist: 'C:\Program Files\dotnet\sdk\9.0.101\Microsoft.VisualStudio.TestPlatform.Fakes.exe', returning.
TpTrace Information: 0 : 15012, 1, 2024/12/17, 23:10:34.584, 877070004976, vstest.console.dll, AssemblyResolver.OnResolve: Microsoft.VisualStudio.TestPlatform.Fakes: Failed to load assembly.
TpTrace Information: 0 : 15012, 1, 2024/12/17, 23:10:34.584, 877070010036, vstest.console.dll, Failed to load assembly Microsoft.VisualStudio.TestPlatform.Fakes, Version=17.0.0.0, Culture=neutral. Reason:System.IO.FileNotFoundException: Could not load file or assembly 'Microsoft.VisualStudio.TestPlatform.Fakes, Version=17.0.0.0, Culture=neutral, PublicKeyToken=null'. Не удается найти указанный файл.
File name: 'Microsoft.VisualStudio.TestPlatform.Fakes, Version=17.0.0.0, Culture=neutral, PublicKeyToken=null'
   at System.Reflection.RuntimeAssembly.InternalLoad(AssemblyName assemblyName, StackCrawlMark& stackMark, AssemblyLoadContext assemblyLoadContext, RuntimeAssembly requestingAssembly, Boolean throwOnFileNotFound)
   at System.Reflection.Assembly.Load(AssemblyName assemblyRef)
   at Microsoft.VisualStudio.TestPlatform.Common.Utilities.FakesUtilities.LoadTestPlatformAssembly() in /_/src/Microsoft.TestPlatform.Common/Utilities/FakesUtilities.cs:line 273
TpTrace Verbose: 0 : 15012, 1, 2024/12/17, 23:10:34.588, 877070046391, vstest.console.dll, TestPluginCache.DiscoverTestExtensions: finding test extensions in assemblies ends with: TestLogger.dll TPluginInfo: Microsoft.VisualStudio.TestPlatform.Common.ExtensionFramework.Utilities.TestLoggerPluginInformation TExtension: Microsoft.VisualStudio.TestPlatform.ObjectModel.Client.ITestLogger
TpTrace Verbose: 0 : 15012, 1, 2024/12/17, 23:10:34.588, 877070048228, vstest.console.dll, TestPluginCache.GetExtensionPaths: Filtered extension paths: 
TpTrace Verbose: 0 : 15012, 1, 2024/12/17, 23:10:34.588, 877070049397, vstest.console.dll, TestPluginCache.GetExtensionPaths: Added default extension paths: C:\Program Files\dotnet\sdk\9.0.101\Extensions\Microsoft.Diagnostics.NETCore.Client.dll
C:\Program Files\dotnet\sdk\9.0.101\Extensions\Microsoft.TestPlatform.Extensions.BlameDataCollector.dll
C:\Program Files\dotnet\sdk\9.0.101\Extensions\Microsoft.TestPlatform.Extensions.EventLogCollector.dll
C:\Program Files\dotnet\sdk\9.0.101\Extensions\Microsoft.TestPlatform.TestHostRuntimeProvider.dll
C:\Program Files\dotnet\sdk\9.0.101\Extensions\Microsoft.VisualStudio.TestPlatform.Extensions.Html.TestLogger.dll
C:\Program Files\dotnet\sdk\9.0.101\Extensions\Microsoft.VisualStudio.TestPlatform.Extensions.Trx.TestLogger.dll
TpTrace Verbose: 0 : 15012, 1, 2024/12/17, 23:10:34.589, 877070050476, vstest.console.dll, TestPluginCache.GetExtensionPaths: Added unfilterableExtensionPaths: 
TpTrace Information: 0 : 15012, 1, 2024/12/17, 23:10:34.589, 877070052593, vstest.console.dll, AssemblyResolver.AddSearchDirectories: Adding more searchDirectories C:\Program Files\dotnet\sdk\9.0.101\Extensions,C:\Program Files\dotnet\sdk\9.0.101
TpTrace Verbose: 0 : 15012, 1, 2024/12/17, 23:10:34.589, 877070054175, vstest.console.dll, TestPluginCache.DiscoverTestExtensions: Discovering the extensions using extension path.
TpTrace Verbose: 0 : 15012, 1, 2024/12/17, 23:10:34.589, 877070055450, vstest.console.dll, TestPluginCache.GetExtensionPaths: Filtered extension paths: 
TpTrace Verbose: 0 : 15012, 1, 2024/12/17, 23:10:34.589, 877070056594, vstest.console.dll, TestPluginCache.GetExtensionPaths: Added default extension paths: C:\Program Files\dotnet\sdk\9.0.101\Extensions\Microsoft.Diagnostics.NETCore.Client.dll
C:\Program Files\dotnet\sdk\9.0.101\Extensions\Microsoft.TestPlatform.Extensions.BlameDataCollector.dll
C:\Program Files\dotnet\sdk\9.0.101\Extensions\Microsoft.TestPlatform.Extensions.EventLogCollector.dll
C:\Program Files\dotnet\sdk\9.0.101\Extensions\Microsoft.TestPlatform.TestHostRuntimeProvider.dll
C:\Program Files\dotnet\sdk\9.0.101\Extensions\Microsoft.VisualStudio.TestPlatform.Extensions.Html.TestLogger.dll
C:\Program Files\dotnet\sdk\9.0.101\Extensions\Microsoft.VisualStudio.TestPlatform.Extensions.Trx.TestLogger.dll
TpTrace Verbose: 0 : 15012, 1, 2024/12/17, 23:10:34.589, 877070057648, vstest.console.dll, TestPluginCache.GetExtensionPaths: Added unfilterableExtensionPaths: 
TpTrace Verbose: 0 : 15012, 1, 2024/12/17, 23:10:34.589, 877070058765, vstest.console.dll, TestPluginCache.DiscoverTestExtensions: Discovering the extensions using allExtensionPaths: C:\Program Files\dotnet\sdk\9.0.101\Extensions\Microsoft.Diagnostics.NETCore.Client.dll
C:\Program Files\dotnet\sdk\9.0.101\Extensions\Microsoft.TestPlatform.Extensions.BlameDataCollector.dll
C:\Program Files\dotnet\sdk\9.0.101\Extensions\Microsoft.TestPlatform.Extensions.EventLogCollector.dll
C:\Program Files\dotnet\sdk\9.0.101\Extensions\Microsoft.TestPlatform.TestHostRuntimeProvider.dll
C:\Program Files\dotnet\sdk\9.0.101\Extensions\Microsoft.VisualStudio.TestPlatform.Extensions.Html.TestLogger.dll
C:\Program Files\dotnet\sdk\9.0.101\Extensions\Microsoft.VisualStudio.TestPlatform.Extensions.Trx.TestLogger.dll
TpTrace Information: 0 : 15012, 1, 2024/12/17, 23:10:34.590, 877070060801, vstest.console.dll, AssemblyResolver.AddSearchDirectories: Adding more searchDirectories C:\Program Files\dotnet\sdk\9.0.101\Extensions,C:\Program Files\dotnet\sdk\9.0.101
TpTrace Information: 0 : 15012, 1, 2024/12/17, 23:10:34.590, 877070061985, vstest.console.dll, AssemblyResolver.AddSearchDirectories: Adding more searchDirectories C:\Program Files\dotnet\sdk\9.0.101\Extensions,C:\Program Files\dotnet\sdk\9.0.101
TpTrace Information: 0 : 15012, 1, 2024/12/17, 23:10:34.590, 877070063347, vstest.console.dll, AssemblyResolver.AddSearchDirectories: Adding more searchDirectories C:\Program Files\dotnet\sdk\9.0.101\Extensions,C:\Program Files\dotnet\sdk\9.0.101
TpTrace Information: 0 : 15012, 1, 2024/12/17, 23:10:34.590, 877070064444, vstest.console.dll, AssemblyResolver.AddSearchDirectories: Adding more searchDirectories C:\Program Files\dotnet\sdk\9.0.101\Extensions,C:\Program Files\dotnet\sdk\9.0.101
TpTrace Information: 0 : 15012, 1, 2024/12/17, 23:10:34.590, 877070065531, vstest.console.dll, AssemblyResolver.AddSearchDirectories: Adding more searchDirectories C:\Program Files\dotnet\sdk\9.0.101\Extensions,C:\Program Files\dotnet\sdk\9.0.101
TpTrace Information: 0 : 15012, 1, 2024/12/17, 23:10:34.590, 877070066661, vstest.console.dll, AssemblyResolver.AddSearchDirectories: Adding more searchDirectories C:\Program Files\dotnet\sdk\9.0.101\Extensions,C:\Program Files\dotnet\sdk\9.0.101
TpTrace Verbose: 0 : 15012, 1, 2024/12/17, 23:10:34.590, 877070068644, vstest.console.dll, MetadataReaderExtensionsHelper: Discovering extensions inside assembly 'Microsoft.Diagnostics.NETCore.Client, Version=0.2.10.41601, Culture=neutral, PublicKeyToken=31bf3856ad364e35' file path 'C:\Program Files\dotnet\sdk\9.0.101\Extensions\Microsoft.Diagnostics.NETCore.Client.dll'
TpTrace Information: 0 : 15012, 1, 2024/12/17, 23:10:34.591, 877070078398, vstest.console.dll, AssemblyResolver.OnResolve: Microsoft.Bcl.AsyncInterfaces: Resolving assembly.
TpTrace Information: 0 : 15012, 1, 2024/12/17, 23:10:34.591, 877070080266, vstest.console.dll, AssemblyResolver.OnResolve: Microsoft.Bcl.AsyncInterfaces: Resolved from cache.
TpTrace Verbose: 0 : 15012, 1, 2024/12/17, 23:10:34.592, 877070081449, vstest.console.dll, CurrentDomainAssemblyResolve: Resolving assembly 'Microsoft.Bcl.AsyncInterfaces'.
TpTrace Information: 0 : 15012, 1, 2024/12/17, 23:10:34.592, 877070082947, vstest.console.dll, AssemblyResolver.OnResolve: Microsoft.Bcl.AsyncInterfaces: Resolving assembly.
TpTrace Information: 0 : 15012, 1, 2024/12/17, 23:10:34.592, 877070084425, vstest.console.dll, AssemblyResolver.OnResolve: Microsoft.Bcl.AsyncInterfaces: Resolved from cache.
TpTrace Verbose: 0 : 15012, 1, 2024/12/17, 23:10:34.592, 877070085493, vstest.console.dll, CurrentDomainAssemblyResolve: Resolving assembly 'Microsoft.Bcl.AsyncInterfaces'.
TpTrace Verbose: 0 : 15012, 1, 2024/12/17, 23:10:34.592, 877070086523, vstest.console.dll, CurrentDomainAssemblyResolve: Failed to resolve assembly 'Microsoft.Bcl.AsyncInterfaces'.
TpTrace Verbose: 0 : 15012, 1, 2024/12/17, 23:10:34.592, 877070089696, vstest.console.dll, CurrentDomainAssemblyResolve: Failed to resolve assembly 'Microsoft.Bcl.AsyncInterfaces'.
TpTrace Warning: 0 : 15012, 1, 2024/12/17, 23:10:34.593, 877070099404, vstest.console.dll, TestPluginDiscoverer: Failed to get types from assembly 'Microsoft.Diagnostics.NETCore.Client, Version=0.2.10.41601, Culture=neutral, PublicKeyToken=31bf3856ad364e35'. Error: System.Reflection.ReflectionTypeLoadException: Unable to load one or more of the requested types.
Could not load file or assembly 'Microsoft.Bcl.AsyncInterfaces, Version=6.0.0.0, Culture=neutral, PublicKeyToken=cc7b13ffcd2ddd51'. Не удается найти указанный файл.
   at System.Reflection.RuntimeModule.GetDefinedTypes()
   at System.Reflection.RuntimeModule.GetTypes()
   at Microsoft.VisualStudio.TestPlatform.Common.ExtensionFramework.TestPluginDiscoverer.GetTestExtensionsFromAssembly[TPluginInfo,TExtension](Assembly assembly, Dictionary`2 pluginInfos, String filePath) in /_/src/Microsoft.TestPlatform.Common/ExtensionFramework/TestPluginDiscoverer.cs:line 159
System.IO.FileNotFoundException: Could not load file or assembly 'Microsoft.Bcl.AsyncInterfaces, Version=6.0.0.0, Culture=neutral, PublicKeyToken=cc7b13ffcd2ddd51'. Не удается найти указанный файл.
File name: 'Microsoft.Bcl.AsyncInterfaces, Version=6.0.0.0, Culture=neutral, PublicKeyToken=cc7b13ffcd2ddd51'
 ---> System.IO.FileNotFoundException: Could not load file or assembly 'Microsoft.Bcl.AsyncInterfaces, Culture=neutral, PublicKeyToken=null'. Не удается найти указанный файл.
File name: 'Microsoft.Bcl.AsyncInterfaces, Culture=neutral, PublicKeyToken=null'
   at System.Reflection.RuntimeAssembly.InternalLoad(AssemblyName assemblyName, StackCrawlMark& stackMark, AssemblyLoadContext assemblyLoadContext, RuntimeAssembly requestingAssembly, Boolean throwOnFileNotFound)
   at System.Reflection.Assembly.Load(AssemblyName assemblyRef)
   at Microsoft.VisualStudio.TestPlatform.Common.ExtensionFramework.TestPluginCache.CurrentDomainAssemblyResolve(Object sender, AssemblyResolveEventArgs args) in /_/src/Microsoft.TestPlatform.Common/ExtensionFramework/TestPluginCache.cs:line 514
   at System.Runtime.Loader.AssemblyLoadContext.GetFirstResolvedAssemblyFromResolvingEvent(AssemblyName assemblyName)
   at System.Runtime.Loader.AssemblyLoadContext.ResolveUsingEvent(AssemblyName assemblyName)
   at System.Runtime.Loader.AssemblyLoadContext.ResolveUsingResolvingEvent(IntPtr gchManagedAssemblyLoadContext, AssemblyName assemblyName)
TpTrace Warning: 0 : 15012, 1, 2024/12/17, 23:10:34.594, 877070102318, vstest.console.dll, LoaderExceptions: System.IO.FileNotFoundException: Could not load file or assembly 'Microsoft.Bcl.AsyncInterfaces, Version=6.0.0.0, Culture=neutral, PublicKeyToken=cc7b13ffcd2ddd51'. Не удается найти указанный файл.
File name: 'Microsoft.Bcl.AsyncInterfaces, Version=6.0.0.0, Culture=neutral, PublicKeyToken=cc7b13ffcd2ddd51'
 ---> System.IO.FileNotFoundException: Could not load file or assembly 'Microsoft.Bcl.AsyncInterfaces, Culture=neutral, PublicKeyToken=null'. Не удается найти указанный файл.
File name: 'Microsoft.Bcl.AsyncInterfaces, Culture=neutral, PublicKeyToken=null'
   at System.Reflection.RuntimeAssembly.InternalLoad(AssemblyName assemblyName, StackCrawlMark& stackMark, AssemblyLoadContext assemblyLoadContext, RuntimeAssembly requestingAssembly, Boolean throwOnFileNotFound)
   at System.Reflection.Assembly.Load(AssemblyName assemblyRef)
   at Microsoft.VisualStudio.TestPlatform.Common.ExtensionFramework.TestPluginCache.CurrentDomainAssemblyResolve(Object sender, AssemblyResolveEventArgs args) in /_/src/Microsoft.TestPlatform.Common/ExtensionFramework/TestPluginCache.cs:line 514
   at System.Runtime.Loader.AssemblyLoadContext.GetFirstResolvedAssemblyFromResolvingEvent(AssemblyName assemblyName)
   at System.Runtime.Loader.AssemblyLoadContext.ResolveUsingEvent(AssemblyName assemblyName)
   at System.Runtime.Loader.AssemblyLoadContext.ResolveUsingResolvingEvent(IntPtr gchManagedAssemblyLoadContext, AssemblyName assemblyName)
TpTrace Verbose: 0 : 15012, 1, 2024/12/17, 23:10:34.594, 877070104013, vstest.console.dll, MetadataReaderExtensionsHelper: Discovering extensions inside assembly 'Microsoft.TestPlatform.Extensions.BlameDataCollector, Version=15.0.0.0, Culture=neutral, PublicKeyToken=b03f5f7f11d50a3a' file path 'C:\Program Files\dotnet\sdk\9.0.101\Extensions\Microsoft.TestPlatform.Extensions.BlameDataCollector.dll'
TpTrace Information: 0 : 15012, 1, 2024/12/17, 23:10:34.594, 877070110114, vstest.console.dll, GetTestExtensionFromType: Register extension with identifier data 'logger://Microsoft/TestPlatform/Extensions/Blame/v1' and type 'Microsoft.TestPlatform.Extensions.BlameDataCollector.BlameLogger, Microsoft.TestPlatform.Extensions.BlameDataCollector, Version=15.0.0.0, Culture=neutral, PublicKeyToken=b03f5f7f11d50a3a' inside file 'C:\Program Files\dotnet\sdk\9.0.101\Extensions\Microsoft.TestPlatform.Extensions.BlameDataCollector.dll'
TpTrace Verbose: 0 : 15012, 1, 2024/12/17, 23:10:34.595, 877070111449, vstest.console.dll, MetadataReaderExtensionsHelper: Discovering extensions inside assembly 'Microsoft.TestPlatform.Extensions.EventLogCollector, Version=15.0.0.0, Culture=neutral, PublicKeyToken=b03f5f7f11d50a3a' file path 'C:\Program Files\dotnet\sdk\9.0.101\Extensions\Microsoft.TestPlatform.Extensions.EventLogCollector.dll'
TpTrace Verbose: 0 : 15012, 1, 2024/12/17, 23:10:34.595, 877070114940, vstest.console.dll, MetadataReaderExtensionsHelper: Discovering extensions inside assembly 'Microsoft.TestPlatform.TestHostRuntimeProvider, Version=15.0.0.0, Culture=neutral, PublicKeyToken=b03f5f7f11d50a3a' file path 'C:\Program Files\dotnet\sdk\9.0.101\Extensions\Microsoft.TestPlatform.TestHostRuntimeProvider.dll'
TpTrace Verbose: 0 : 15012, 1, 2024/12/17, 23:10:34.595, 877070118381, vstest.console.dll, MetadataReaderExtensionsHelper: Discovering extensions inside assembly 'Microsoft.VisualStudio.TestPlatform.Extensions.Html.TestLogger, Version=15.0.0.0, Culture=neutral, PublicKeyToken=b03f5f7f11d50a3a' file path 'C:\Program Files\dotnet\sdk\9.0.101\Extensions\Microsoft.VisualStudio.TestPlatform.Extensions.Html.TestLogger.dll'
TpTrace Information: 0 : 15012, 1, 2024/12/17, 23:10:34.596, 877070124642, vstest.console.dll, GetTestExtensionFromType: Register extension with identifier data 'logger://Microsoft/TestPlatform/HtmlLogger/v1' and type 'Microsoft.VisualStudio.TestPlatform.Extensions.HtmlLogger.HtmlLogger, Microsoft.VisualStudio.TestPlatform.Extensions.Html.TestLogger, Version=15.0.0.0, Culture=neutral, PublicKeyToken=b03f5f7f11d50a3a' inside file 'C:\Program Files\dotnet\sdk\9.0.101\Extensions\Microsoft.VisualStudio.TestPlatform.Extensions.Html.TestLogger.dll'
TpTrace Verbose: 0 : 15012, 1, 2024/12/17, 23:10:34.596, 877070126040, vstest.console.dll, MetadataReaderExtensionsHelper: Discovering extensions inside assembly 'Microsoft.VisualStudio.TestPlatform.Extensions.Trx.TestLogger, Version=15.0.0.0, Culture=neutral, PublicKeyToken=b03f5f7f11d50a3a' file path 'C:\Program Files\dotnet\sdk\9.0.101\Extensions\Microsoft.VisualStudio.TestPlatform.Extensions.Trx.TestLogger.dll'
TpTrace Information: 0 : 15012, 1, 2024/12/17, 23:10:34.596, 877070130240, vstest.console.dll, GetTestExtensionFromType: Register extension with identifier data 'logger://Microsoft/TestPlatform/TrxLogger/v1' and type 'Microsoft.VisualStudio.TestPlatform.Extensions.TrxLogger.TrxLogger, Microsoft.VisualStudio.TestPlatform.Extensions.Trx.TestLogger, Version=15.0.0.0, Culture=neutral, PublicKeyToken=b03f5f7f11d50a3a' inside file 'C:\Program Files\dotnet\sdk\9.0.101\Extensions\Microsoft.VisualStudio.TestPlatform.Extensions.Trx.TestLogger.dll'
TpTrace Verbose: 0 : 15012, 1, 2024/12/17, 23:10:34.597, 877070131673, vstest.console.dll, TestPluginCache: Discovered the extensions using extension path ''.
TpTrace Verbose: 0 : 15012, 1, 2024/12/17, 23:10:34.597, 877070132813, vstest.console.dll, TestPluginCache: Discoverers are ''.
TpTrace Verbose: 0 : 15012, 1, 2024/12/17, 23:10:34.597, 877070134195, vstest.console.dll, TestPluginCache: Executors are ''.
TpTrace Verbose: 0 : 15012, 1, 2024/12/17, 23:10:34.597, 877070135187, vstest.console.dll, TestPluginCache: Executors2 are ''.
TpTrace Verbose: 0 : 15012, 1, 2024/12/17, 23:10:34.597, 877070136151, vstest.console.dll, TestPluginCache: Setting providers are ''.
TpTrace Verbose: 0 : 15012, 1, 2024/12/17, 23:10:34.597, 877070137629, vstest.console.dll, TestPluginCache: Loggers are 'logger://Microsoft/TestPlatform/Extensions/Blame/v1,logger://Microsoft/TestPlatform/HtmlLogger/v1,logger://Microsoft/TestPlatform/TrxLogger/v1'.
TpTrace Verbose: 0 : 15012, 1, 2024/12/17, 23:10:34.597, 877070138896, vstest.console.dll, TestPluginCache: TestHosts are 'HostProvider://DefaultTestHost,HostProvider://DotnetTestHost'.
TpTrace Verbose: 0 : 15012, 1, 2024/12/17, 23:10:34.597, 877070140001, vstest.console.dll, TestPluginCache: DataCollectors are ''.
TpTrace Information: 0 : 15012, 1, 2024/12/17, 23:10:34.598, 877070149855, vstest.console.dll, TestPluginManager.CreateTestExtension: Attempting to load test extension: Microsoft.TestPlatform.Extensions.BlameDataCollector.BlameLogger
TpTrace Verbose: 0 : 15012, 1, 2024/12/17, 23:10:34.606, 877070229002, vstest.console.dll, TestEngine: Initializing Parallel Execution as MaxCpuCount is set to: 1
TpTrace Information: 0 : 15012, 1, 2024/12/17, 23:10:34.608, 877070245806, vstest.console.dll, TestPluginManager.CreateTestExtension: Attempting to load test extension: Microsoft.VisualStudio.TestPlatform.CrossPlatEngine.Hosting.DefaultTestHostManager
TpTrace Information: 0 : 15012, 1, 2024/12/17, 23:10:34.609, 877070253756, vstest.console.dll, TestPluginManager.CreateTestExtension: Attempting to load test extension: Microsoft.VisualStudio.TestPlatform.CrossPlatEngine.Hosting.DotnetTestHostManager
TpTrace Verbose: 0 : 15012, 1, 2024/12/17, 23:10:34.609, 877070257115, vstest.console.dll, TestHostManagerCallbacks.ctor: Forwarding output is enabled.
TpTrace Information: 0 : 15012, 1, 2024/12/17, 23:10:34.610, 877070262446, vstest.console.dll, InferRunSettingsHelper.IsTestSettingsEnabled: Unable to navigate to RunSettings/MSTest. Current node: RunSettings
TpTrace Verbose: 0 : 15012, 1, 2024/12/17, 23:10:34.610, 877070269967, vstest.console.dll, ParallelOperationManager.ClearSlots: Clearing all slots. Slots should accept more work: True
TpTrace Verbose: 0 : 15012, 1, 2024/12/17, 23:10:34.611, 877070276729, vstest.console.dll, ParallelOperationManager.SetOccupiedSlotCount: Setting slot counts AvailableSlotCount = 1, OccupiedSlotCount = 0.
TpTrace Verbose: 0 : 15012, 1, 2024/12/17, 23:10:34.612, 877070281736, vstest.console.dll, Occupied slots:

TpTrace Verbose: 0 : 15012, 1, 2024/12/17, 23:10:34.616, 877070321609, vstest.console.dll, TestEngine.GetExecutionManager: Chosen execution manager 'Microsoft.VisualStudio.TestPlatform.CrossPlatEngine.Client.Parallel.ParallelProxyExecutionManager, Microsoft.TestPlatform.CrossPlatEngine, Version=15.0.0.0, Culture=neutral, PublicKeyToken=b03f5f7f11d50a3a' ParallelLevel '1'.
TpTrace Verbose: 0 : 15012, 1, 2024/12/17, 23:10:34.616, 877070324515, vstest.console.dll, TestPlatform.GetSkipDefaultAdapters: Not skipping default adapters SkipDefaultAdapters was false.
TpTrace Verbose: 0 : 15012, 1, 2024/12/17, 23:10:34.616, 877070326187, vstest.console.dll, TestRunRequest.ExecuteAsync: Creating test run request.
TpTrace Verbose: 0 : 15012, 1, 2024/12/17, 23:10:34.617, 877070330409, vstest.console.dll, TestRunRequest.ExecuteAsync: Starting.
TpTrace Information: 0 : 15012, 1, 2024/12/17, 23:10:34.619, 877070354624, vstest.console.dll, TestRunRequest.ExecuteAsync: Starting run with settings:TestRunCriteria:
   KeepAlive=False,FrequencyOfRunStatsChangeEvent=10,RunStatsChangeEventTimeout=00:00:01.5000000,TestCaseFilter=,TestExecutorLauncher=
   Settingsxml=<RunSettings>
  <RunConfiguration>
    <ResultsDirectory>C:\Users\Глеб\Desktop\proect\proektirovanieIS\ConsoleAppTest\bin\x64\Debug\net8.0\fine-code-coverage\coverage-tool-output</ResultsDirectory>
    <TargetPlatform>X64</TargetPlatform>
    <TargetFrameworkVersion>.NETCoreApp,Version=v8.0</TargetFrameworkVersion>
    <DesignMode>False</DesignMode>
    <CollectSourceInformation>False</CollectSourceInformation>
  </RunConfiguration>
  <LoggerRunSettings>
    <Loggers>
      <Logger friendlyName="blame" enabled="True" />
      <Logger friendlyName="Console" uri="logger://microsoft/TestPlatform/ConsoleLogger/v1" assemblyQualifiedName="Microsoft.VisualStudio.TestPlatform.CommandLine.Internal.ConsoleLogger, vstest.console, Version=15.0.0.0, Culture=neutral, PublicKeyToken=b03f5f7f11d50a3a" codeBase="C:\Program Files\dotnet\sdk\9.0.101\vstest.console.dll" enabled="True" />
    </Loggers>
  </LoggerRunSettings>
  <DataCollectionRunSettings>
    <DataCollectors>
      <DataCollector friendlyName="blame" enabled="True">
        <Configuration>
          <ResultsDirectory>C:\Users\Глеб\Desktop\proect\proektirovanieIS\ConsoleAppTest\bin\x64\Debug\net8.0\fine-code-coverage\coverage-tool-output</ResultsDirectory>
        </Configuration>
      </DataCollector>
    </DataCollectors>
  </DataCollectionRunSettings>
</RunSettings>

TpTrace Verbose: 0 : 15012, 1, 2024/12/17, 23:10:34.619, 877070355988, vstest.console.dll, TestRunRequest.ExecuteAsync: Wait for the first run request is over.
TpTrace Verbose: 0 : 15012, 1, 2024/12/17, 23:10:34.619, 877070359379, vstest.console.dll, MulticastDelegateUtilities.SafeInvoke: TestRun.TestRunStart: Invoking callbacks was skipped because there are no subscribers.
TpTrace Verbose: 0 : 15012, 4, 2024/12/17, 23:10:34.620, 877070361462, vstest.console.dll, MulticastDelegateUtilities.SafeInvoke: InternalTestLoggerEvents.SendTestRunStart: Invoking callback 1/1 for Microsoft.VisualStudio.TestPlatform.CommandLine.Internal.ConsoleLogger., took 0 ms.
TpTrace Verbose: 0 : 15012, 1, 2024/12/17, 23:10:34.621, 877070374446, vstest.console.dll, ParallelProxyExecutionManager: Start execution. Total sources: 1
TpTrace Verbose: 0 : 15012, 1, 2024/12/17, 23:10:34.621, 877070379128, vstest.console.dll, ParallelOperationManager.StartWork: Starting adding 1 workloads.
TpTrace Verbose: 0 : 15012, 1, 2024/12/17, 23:10:34.622, 877070380578, vstest.console.dll, ParallelOperationManager.ClearSlots: Clearing all slots. Slots should accept more work: True
TpTrace Verbose: 0 : 15012, 1, 2024/12/17, 23:10:34.622, 877070382129, vstest.console.dll, ParallelOperationManager.SetOccupiedSlotCount: Setting slot counts AvailableSlotCount = 1, OccupiedSlotCount = 0.
TpTrace Verbose: 0 : 15012, 1, 2024/12/17, 23:10:34.622, 877070383634, vstest.console.dll, Occupied slots:

TpTrace Verbose: 0 : 15012, 1, 2024/12/17, 23:10:34.623, 877070399622, vstest.console.dll, TestHostManagerCallbacks.ctor: Forwarding output is enabled.
TpTrace Verbose: 0 : 15012, 1, 2024/12/17, 23:10:34.624, 877070403922, vstest.console.dll, TestRequestSender is acting as server.
TpTrace Verbose: 0 : 15012, 1, 2024/12/17, 23:10:34.625, 877070418349, vstest.console.dll, ParallelOperationManager.RunWorkInParallel: Adding 1 workload to slot, remaining workloads 0.
TpTrace Verbose: 0 : 15012, 1, 2024/12/17, 23:10:34.625, 877070419699, vstest.console.dll, ParallelOperationManager.SetOccupiedSlotCount: Setting slot counts AvailableSlotCount = 0, OccupiedSlotCount = 1.
TpTrace Verbose: 0 : 15012, 1, 2024/12/17, 23:10:34.626, 877070421593, vstest.console.dll, Occupied slots:
0: C:\Users\Глеб\Desktop\proect\proektirovanieIS\ConsoleAppTest\bin\x64\Debug\net8.0\fine-code-coverage\build-output\ConsoleAppTest.dll
TpTrace Verbose: 0 : 15012, 1, 2024/12/17, 23:10:34.627, 877070438916, vstest.console.dll, ParallelOperationManager.RunWorkInParallel: Started host in slot number 0 for work (source): C:\Users\Глеб\Desktop\proect\proektirovanieIS\ConsoleAppTest\bin\x64\Debug\net8.0\fine-code-coverage\build-output\ConsoleAppTest.dll.
TpTrace Verbose: 0 : 15012, 1, 2024/12/17, 23:10:34.628, 877070448442, vstest.console.dll, ParallelOperationManager.RunWorkInParallel: We started 1 work items, which is the max parallel level. Won't start more work.
TpTrace Verbose: 0 : 15012, 5, 2024/12/17, 23:10:34.628, 877070448644, vstest.console.dll, ParallelProxyExecutionManager.StartTestRunOnConcurrentManager: Initializing uninitialized client. Started clients: 0
TpTrace Verbose: 0 : 15012, 1, 2024/12/17, 23:10:34.628, 877070449946, vstest.console.dll, ParallelOperationManager.RunWorkInParallel: We started 1 work items in here, returning True.
TpTrace Verbose: 0 : 15012, 5, 2024/12/17, 23:10:34.629, 877070452464, vstest.console.dll, DataCollectionRequestSender.InitializeCommunication : Initialize communication. 
TpTrace Information: 0 : 15012, 1, 2024/12/17, 23:10:34.629, 877070452956, vstest.console.dll, TestRunRequest.ExecuteAsync: Started.
TpTrace Verbose: 0 : 15012, 1, 2024/12/17, 23:10:34.630, 877070464323, vstest.console.dll, TestRunRequest.WaitForCompletion: Waiting with timeout -1.
TpTrace Information: 0 : 15012, 5, 2024/12/17, 23:10:34.638, 877070543616, vstest.console.dll, Listening on Endpoint : 127.0.0.1:10411
TpTrace Verbose: 0 : 15012, 5, 2024/12/17, 23:10:34.645, 877070617710, vstest.console.dll, DotnetDataCollectionLauncher: Adding  --runtimeconfig "C:\Program Files\dotnet\sdk\9.0.101\datacollector.runtimeconfig.json" in args
TpTrace Verbose: 0 : 15012, 5, 2024/12/17, 23:10:34.645, 877070619789, vstest.console.dll, DotnetDataCollectionLauncher: Adding  --depsfile "C:\Program Files\dotnet\sdk\9.0.101\datacollector.deps.json" in args
TpTrace Verbose: 0 : 15012, 5, 2024/12/17, 23:10:34.646, 877070622999, vstest.console.dll, DotnetDataCollectionLauncher: Full path of dotnet.exe is C:\Program Files\dotnet\dotnet.exe
TpTrace Information: 0 : 15012, 5, 2024/12/17, 23:10:34.651, 877070672520, vstest.console.dll, ProxyDataCollectionManager.Initialize: Launched datacollector processId: 11188 port: 10411
TpTrace Information: 0 : 15012, 5, 2024/12/17, 23:10:34.651, 877070677702, vstest.console.dll, ProxyDataCollectionManager.Initialize: waiting for connection with timeout: 90 seconds
TpTrace Verbose: 0 : 15012, 5, 2024/12/17, 23:10:34.651, 877070679268, vstest.console.dll, DataCollectionRequestSender.WaitForRequestHandlerConnection : Waiting for connection with timeout: 90000
TpTrace Information: 0 : 15012, 9, 2024/12/17, 23:10:34.832, 877072484417, vstest.console.dll, Using the buffer size of 16384 bytes
TpTrace Information: 0 : 15012, 9, 2024/12/17, 23:10:34.832, 877072486608, vstest.console.dll, Accepted Client request and set the flag
TpTrace Verbose: 0 : 15012, 5, 2024/12/17, 23:10:34.832, 877072484752, vstest.console.dll, SocketCommunicationManager.WaitForClientConnection took: 180 ms, with 90000 ms timeout, and finished with True.
TpTrace Verbose: 0 : 15012, 5, 2024/12/17, 23:10:34.832, 877072489863, vstest.console.dll, ProxyDataCollectionManager.InvokeDataCollectionServiceAction: Starting.
TpTrace Information: 0 : 15012, 5, 2024/12/17, 23:10:34.833, 877072491409, vstest.console.dll, ProxyDataCollectionManager.BeforeTestRunStart: Get environment variable and port for datacollector processId: 11188 port: 10411
TpTrace Verbose: 0 : 15012, 5, 2024/12/17, 23:10:34.833, 877072493429, vstest.console.dll, DataCollectionRequestSender.SendBeforeTestRunStartAndGetResult: Send BeforeTestRunStart message with settingsXml <RunSettings><RunConfiguration><ResultsDirectory>C:\Users\Глеб\Desktop\proect\proektirovanieIS\ConsoleAppTest\bin\x64\Debug\net8.0\fine-code-coverage\coverage-tool-output</ResultsDirectory><TargetPlatform>X64</TargetPlatform><TargetFrameworkVersion>.NETCoreApp,Version=v8.0</TargetFrameworkVersion><DesignMode>False</DesignMode><CollectSourceInformation>False</CollectSourceInformation><TestAdaptersPaths>C:\Program Files\dotnet\sdk\9.0.101\Extensions</TestAdaptersPaths></RunConfiguration><LoggerRunSettings><Loggers><Logger friendlyName="blame" enabled="True" /><Logger friendlyName="Console" uri="logger://microsoft/TestPlatform/ConsoleLogger/v1" assemblyQualifiedName="Microsoft.VisualStudio.TestPlatform.CommandLine.Internal.ConsoleLogger, vstest.console, Version=15.0.0.0, Culture=neutral, PublicKeyToken=b03f5f7f11d50a3a" codeBase="C:\Program Files\dotnet\sdk\9.0.101\vstest.console.dll" enabled="True" /></Loggers></LoggerRunSettings><DataCollectionRunSettings><DataCollectors><DataCollector friendlyName="blame" enabled="True"><Configuration><ResultsDirectory>C:\Users\Глеб\Desktop\proect\proektirovanieIS\ConsoleAppTest\bin\x64\Debug\net8.0\fine-code-coverage\coverage-tool-output</ResultsDirectory></Configuration></DataCollector></DataCollectors></DataCollectionRunSettings></RunSettings> and sources System.Collections.Generic.List`1[System.String]: 
TpTrace Verbose: 0 : 15012, 5, 2024/12/17, 23:10:34.895, 877073117915, vstest.console.dll, DataCollectionRequestSender.SendBeforeTestRunStartAndGetResult: Received message: (DataCollection.SendMessage) -> {"MessageType":"DataCollection.SendMessage","Payload":{"FriendlyName":null,"Uri":null,"TestCaseId":"00000000-0000-0000-0000-000000000000","Message":"Logging DataCollector Diagnostics in file: C:\\Users\\Глеб\\Desktop\\proect\\proektirovanieIS\\ConsoleAppTest\\bin\\x64\\Debug\\net8.0\\fine-code-coverage\\coverage-tool-output\\diagnostics.datacollector.24-12-17_23-10-34_64537_5.log","Level":0}}
TpTrace Verbose: 0 : 15012, 5, 2024/12/17, 23:10:34.996, 877074126559, vstest.console.dll, DataCollectionRequestSender.SendBeforeTestRunStartAndGetResult: Received message: (DataCollection.BeforeTestRunStartResult) -> {"MessageType":"DataCollection.BeforeTestRunStartResult","Payload":{"EnvironmentVariables":{},"DataCollectionEventsPort":10413}}
TpTrace Information: 0 : 15012, 5, 2024/12/17, 23:10:35.001, 877074179113, vstest.console.dll, ProxyDataCollectionManager.BeforeTestRunStart: SendBeforeTestRunStartAndGetResult successful, env variable from datacollector:   and testhost port: 10413
TpTrace Information: 0 : 15012, 5, 2024/12/17, 23:10:35.002, 877074180938, vstest.console.dll, ProxyDataCollectionManager.InvokeDataCollectionServiceAction: Completed.
TpTrace Verbose: 0 : 15012, 5, 2024/12/17, 23:10:35.002, 877074182071, vstest.console.dll, ParallelProxyExecutionManager.StartTestRunOnConcurrentManager: Initializing test run. Started clients: 0
TpTrace Verbose: 0 : 15012, 5, 2024/12/17, 23:10:35.002, 877074184025, vstest.console.dll, ProxyExecutionManager: Test host is always Lazy initialize.
TpTrace Verbose: 0 : 15012, 5, 2024/12/17, 23:10:35.002, 877074187354, vstest.console.dll, TestRequestSender.InitializeCommunication: initialize communication. 
TpTrace Information: 0 : 15012, 5, 2024/12/17, 23:10:35.003, 877074195591, vstest.console.dll, SocketServer.Start: Listening on endpoint : 127.0.0.1:10414
TpTrace Verbose: 0 : 15012, 5, 2024/12/17, 23:10:35.004, 877074203911, vstest.console.dll, DotnetTestHostmanager.GetTestHostProcessStartInfo: Platform environment 'X64' target architecture 'X64' framework '.NETCoreApp,Version=v8.0' OS 'Windows'
TpTrace Verbose: 0 : 15012, 5, 2024/12/17, 23:10:35.004, 877074207286, vstest.console.dll, DotnetTestHostmanager: Adding  --runtimeconfig "C:\Users\Глеб\Desktop\proect\proektirovanieIS\ConsoleAppTest\bin\x64\Debug\net8.0\fine-code-coverage\build-output\ConsoleAppTest.runtimeconfig.json" in args
TpTrace Verbose: 0 : 15012, 5, 2024/12/17, 23:10:35.004, 877074209020, vstest.console.dll, DotnetTestHostmanager: Adding  --depsfile "C:\Users\Глеб\Desktop\proect\proektirovanieIS\ConsoleAppTest\bin\x64\Debug\net8.0\fine-code-coverage\build-output\ConsoleAppTest.deps.json" in args
TpTrace Verbose: 0 : 15012, 5, 2024/12/17, 23:10:35.005, 877074211648, vstest.console.dll, DotnetTestHostmanager.IsWinOnArm: Current PROCESSOR_ARCHITECTURE from environment variable 'AMD64'
TpTrace Verbose: 0 : 15012, 5, 2024/12/17, 23:10:35.005, 877074213081, vstest.console.dll, DotnetTestHostmanager.IsWinOnArm: Is Windows on ARM 'False'
TpTrace Verbose: 0 : 15012, 5, 2024/12/17, 23:10:35.005, 877074214874, vstest.console.dll, DotnetTestHostManager: testhost.exe found at path: C:\Users\Глеб\Desktop\proect\proektirovanieIS\ConsoleAppTest\bin\x64\Debug\net8.0\fine-code-coverage\build-output\testhost.exe
TpTrace Verbose: 0 : 15012, 5, 2024/12/17, 23:10:35.005, 877074216040, vstest.console.dll, DotnetTestHostmanager: Full path of host exe is C:\Users\Глеб\Desktop\proect\proektirovanieIS\ConsoleAppTest\bin\x64\Debug\net8.0\fine-code-coverage\build-output\testhost.exe
TpTrace Verbose: 0 : 15012, 5, 2024/12/17, 23:10:35.005, 877074218112, vstest.console.dll, DotnetTestHostmanager.LaunchTestHostAsync: Found 'VSTEST_WINAPPHOST_DOTNET_ROOT' in env variables, value 'C:\Program Files\dotnet', forwarding to 'DOTNET_ROOT'
TpTrace Verbose: 0 : 15012, 5, 2024/12/17, 23:10:35.005, 877074220379, vstest.console.dll, DotnetTestHostManager: Starting process 'C:\Users\Глеб\Desktop\proect\proektirovanieIS\ConsoleAppTest\bin\x64\Debug\net8.0\fine-code-coverage\build-output\testhost.exe' with command line ' --runtimeconfig "C:\Users\Глеб\Desktop\proect\proektirovanieIS\ConsoleAppTest\bin\x64\Debug\net8.0\fine-code-coverage\build-output\ConsoleAppTest.runtimeconfig.json" --depsfile "C:\Users\Глеб\Desktop\proect\proektirovanieIS\ConsoleAppTest\bin\x64\Debug\net8.0\fine-code-coverage\build-output\ConsoleAppTest.deps.json" --port 10414 --endpoint 127.0.0.1:010414 --role client --parentprocessid 15012 --diag "C:\Users\Глеб\Desktop\proect\proektirovanieIS\ConsoleAppTest\bin\x64\Debug\net8.0\fine-code-coverage\coverage-tool-output\diagnostics.host.24-12-17_23-10-35_00394_5.log" --tracelevel 4 --datacollectionport 10413 --telemetryoptedin false'
TpTrace Verbose: 0 : 15012, 5, 2024/12/17, 23:10:35.009, 877074259322, vstest.console.dll, MulticastDelegateUtilities.SafeInvoke: HostProviderEvents.OnHostLaunched: Invoking callback 1/2 for Microsoft.VisualStudio.TestPlatform.CrossPlatEngine.Client.ProxyExecutionManagerWithDataCollection., took 1 ms.
TpTrace Verbose: 0 : 15012, 5, 2024/12/17, 23:10:35.010, 877074268467, vstest.console.dll, Test Runtime launched
TpTrace Verbose: 0 : 15012, 5, 2024/12/17, 23:10:35.010, 877074270365, vstest.console.dll, MulticastDelegateUtilities.SafeInvoke: HostProviderEvents.OnHostLaunched: Invoking callback 2/2 for Microsoft.VisualStudio.TestPlatform.CrossPlatEngine.Client.ProxyOperationManager., took 0 ms.
TpTrace Verbose: 0 : 15012, 5, 2024/12/17, 23:10:35.011, 877074276967, vstest.console.dll, TestRequestSender.WaitForRequestHandlerConnection: waiting for connection with timeout: 90000.
TpTrace Verbose: 0 : 15012, 5, 2024/12/17, 23:10:35.204, 877076202814, vstest.console.dll, TestRequestSender.WaitForRequestHandlerConnection: waiting took 193 ms, with timeout 90000 ms, and result 0, which is success.
TpTrace Verbose: 0 : 15012, 12, 2024/12/17, 23:10:35.204, 877076205492, vstest.console.dll, MulticastDelegateUtilities.SafeInvoke: SocketServer: ClientConnected: Invoking callback 1/1 for Microsoft.VisualStudio.TestPlatform.CommunicationUtilities.TestRequestSender., took 0 ms.
TpTrace Verbose: 0 : 15012, 12, 2024/12/17, 23:10:35.204, 877076206849, vstest.console.dll, SocketServer.OnClientConnected: Client connected for endPoint: 127.0.0.1:10414, starting MessageLoopAsync:
TpTrace Verbose: 0 : 15012, 12, 2024/12/17, 23:10:35.205, 877076212332, vstest.console.dll, TcpClientExtensions.MessageLoopAsync: Polling on remoteEndPoint: 127.0.0.1:10415 localEndPoint: 127.0.0.1:10414 after 0 ms
TpTrace Verbose: 0 : 15012, 5, 2024/12/17, 23:10:35.205, 877076213151, vstest.console.dll, TestRequestSender.CheckVersionWithTestHost: Sending check version message: {"MessageType":"ProtocolVersion","Payload":7}
TpTrace Verbose: 0 : 15012, 12, 2024/12/17, 23:10:35.341, 877077574638, vstest.console.dll, TcpClientExtensions.MessageLoopAsync: NotifyDataAvailable remoteEndPoint: 127.0.0.1:10415 localEndPoint: 127.0.0.1:10414
TpTrace Verbose: 0 : 15012, 12, 2024/12/17, 23:10:35.341, 877077577953, vstest.console.dll, TestRequestSender.CheckVersionWithTestHost: onMessageReceived received message: (ProtocolVersion) -> {"MessageType":"ProtocolVersion","Payload":7}
TpTrace Verbose: 0 : 15012, 12, 2024/12/17, 23:10:35.342, 877077585639, vstest.console.dll, MulticastDelegateUtilities.SafeInvoke: LengthPrefixCommunicationChannel: MessageReceived: Invoking callback 1/1 for Microsoft.VisualStudio.TestPlatform.CommunicationUtilities.TestRequestSender+<>c__DisplayClass29_0., took 0 ms.
TpTrace Verbose: 0 : 15012, 5, 2024/12/17, 23:10:35.342, 877077587015, vstest.console.dll, TestPluginCache.GetExtensionPaths: Filtered extension paths: 
TpTrace Verbose: 0 : 15012, 12, 2024/12/17, 23:10:35.342, 877077587247, vstest.console.dll, TcpClientExtensions.MessageLoopAsync: Polling on remoteEndPoint: 127.0.0.1:10415 localEndPoint: 127.0.0.1:10414 after 137 ms
TpTrace Verbose: 0 : 15012, 5, 2024/12/17, 23:10:35.342, 877077588533, vstest.console.dll, TestPluginCache.GetExtensionPaths: Added default extension paths: C:\Program Files\dotnet\sdk\9.0.101\Extensions\Microsoft.Diagnostics.NETCore.Client.dll
C:\Program Files\dotnet\sdk\9.0.101\Extensions\Microsoft.TestPlatform.Extensions.BlameDataCollector.dll
C:\Program Files\dotnet\sdk\9.0.101\Extensions\Microsoft.TestPlatform.Extensions.EventLogCollector.dll
C:\Program Files\dotnet\sdk\9.0.101\Extensions\Microsoft.TestPlatform.TestHostRuntimeProvider.dll
C:\Program Files\dotnet\sdk\9.0.101\Extensions\Microsoft.VisualStudio.TestPlatform.Extensions.Html.TestLogger.dll
C:\Program Files\dotnet\sdk\9.0.101\Extensions\Microsoft.VisualStudio.TestPlatform.Extensions.Trx.TestLogger.dll
TpTrace Verbose: 0 : 15012, 5, 2024/12/17, 23:10:35.343, 877077591685, vstest.console.dll, TestPluginCache.GetExtensionPaths: Added unfilterableExtensionPaths: 
TpTrace Verbose: 0 : 15012, 5, 2024/12/17, 23:10:35.346, 877077626215, vstest.console.dll, TestRequestSender.InitializeExecution: Sending initialize execution with message: {"Version":7,"MessageType":"TestExecution.Initialize","Payload":["C:\\Users\\Глеб\\Desktop\\proect\\proektirovanieIS\\ConsoleAppTest\\bin\\x64\\Debug\\net8.0\\fine-code-coverage\\build-output\\Microsoft.VisualStudio.TestPlatform.MSTest.TestAdapter.dll"]}
TpTrace Verbose: 0 : 15012, 5, 2024/12/17, 23:10:35.346, 877077629176, vstest.console.dll, ParallelProxyExecutionManager.StartTestRunOnConcurrentManager: Execution starting. Started clients: 1
TpTrace Verbose: 0 : 15012, 5, 2024/12/17, 23:10:35.347, 877077632735, vstest.console.dll, TestRunRequest:SendTestRunMessage: Starting.
TpTrace Verbose: 0 : 15012, 5, 2024/12/17, 23:10:35.347, 877077635672, vstest.console.dll, MulticastDelegateUtilities.SafeInvoke: TestRun.LogMessages: Invoking callback 1/1 for Microsoft.VisualStudio.TestPlatform.CommandLine.TestRunResultAggregator., took 0 ms.
TpTrace Information: 0 : 15012, 5, 2024/12/17, 23:10:35.347, 877077636953, vstest.console.dll, TestRunRequest:SendTestRunMessage: Completed.
TpTrace Verbose: 0 : 15012, 4, 2024/12/17, 23:10:35.347, 877077638045, vstest.console.dll, MulticastDelegateUtilities.SafeInvoke: InternalTestLoggerEvents.SendTestRunMessage: Invoking callback 1/1 for Microsoft.VisualStudio.TestPlatform.CommandLine.Internal.ConsoleLogger., took 0 ms.
TpTrace Warning: 0 : 15012, 5, 2024/12/17, 23:10:35.348, 877077641359, vstest.console.dll, InferRunSettingsHelper.MakeRunsettingsCompatible: Removing the following settings: TargetPlatform from RunSettings file. To use those settings please move to latest version of Microsoft.NET.Test.Sdk
TpTrace Verbose: 0 : 15012, 12, 2024/12/17, 23:10:35.350, 877077669890, vstest.console.dll, TcpClientExtensions.MessageLoopAsync: NotifyDataAvailable remoteEndPoint: 127.0.0.1:10415 localEndPoint: 127.0.0.1:10414
TpTrace Verbose: 0 : 15012, 12, 2024/12/17, 23:10:35.351, 877077674721, vstest.console.dll, TestRequestSender.OnExecutionMessageReceived: Received message: {"Version":7,"MessageType":"TestSession.Message","Payload":{"MessageLevel":0,"Message":"Ведение журналов диагностики TestHost в файле: C:\\Users\\Глеб\\Desktop\\proect\\proektirovanieIS\\ConsoleAppTest\\bin\\x64\\Debug\\net8.0\\fine-code-coverage\\coverage-tool-output\\diagnostics.host.24-12-17_23-10-35_00394_5.log"}}
TpTrace Verbose: 0 : 15012, 12, 2024/12/17, 23:10:35.354, 877077700817, vstest.console.dll, TestRunRequest:SendTestRunMessage: Starting.
TpTrace Verbose: 0 : 15012, 12, 2024/12/17, 23:10:35.354, 877077702991, vstest.console.dll, MulticastDelegateUtilities.SafeInvoke: TestRun.LogMessages: Invoking callback 1/1 for Microsoft.VisualStudio.TestPlatform.CommandLine.TestRunResultAggregator., took 0 ms.
TpTrace Information: 0 : 15012, 12, 2024/12/17, 23:10:35.354, 877077704413, vstest.console.dll, TestRunRequest:SendTestRunMessage: Completed.
TpTrace Verbose: 0 : 15012, 12, 2024/12/17, 23:10:35.354, 877077705688, vstest.console.dll, MulticastDelegateUtilities.SafeInvoke: LengthPrefixCommunicationChannel: MessageReceived: Invoking callback 1/1 for Microsoft.VisualStudio.TestPlatform.CommunicationUtilities.TestRequestSender+<>c__DisplayClass34_0., took 3 ms.
TpTrace Verbose: 0 : 15012, 4, 2024/12/17, 23:10:35.354, 877077705860, vstest.console.dll, MulticastDelegateUtilities.SafeInvoke: InternalTestLoggerEvents.SendTestRunMessage: Invoking callback 1/1 for Microsoft.VisualStudio.TestPlatform.CommandLine.Internal.ConsoleLogger., took 0 ms.
TpTrace Verbose: 0 : 15012, 12, 2024/12/17, 23:10:35.354, 877077707717, vstest.console.dll, TcpClientExtensions.MessageLoopAsync: Polling on remoteEndPoint: 127.0.0.1:10415 localEndPoint: 127.0.0.1:10414 after 11 ms
TpTrace Verbose: 0 : 15012, 5, 2024/12/17, 23:10:35.355, 877077715431, vstest.console.dll, TestRequestSender.StartTestRun: Sending test run with message: {"Version":7,"MessageType":"TestExecution.StartWithSources","Payload":{"AdapterSourceMap":{"_none_":["C:\\Users\\Глеб\\Desktop\\proect\\proektirovanieIS\\ConsoleAppTest\\bin\\x64\\Debug\\net8.0\\fine-code-coverage\\build-output\\ConsoleAppTest.dll"]},"RunSettings":"<RunSettings>\r\n  <RunConfiguration>\r\n    <ResultsDirectory>C:\\Users\\Глеб\\Desktop\\proect\\proektirovanieIS\\ConsoleAppTest\\bin\\x64\\Debug\\net8.0\\fine-code-coverage\\coverage-tool-output</ResultsDirectory>\r\n    <TargetFrameworkVersion>.NETCoreApp,Version=v8.0</TargetFrameworkVersion>\r\n    <DesignMode>False</DesignMode>\r\n    <CollectSourceInformation>False</CollectSourceInformation>\r\n  </RunConfiguration>\r\n  <LoggerRunSettings>\r\n    <Loggers>\r\n      <Logger friendlyName=\"blame\" enabled=\"True\" />\r\n      <Logger friendlyName=\"Console\" uri=\"logger://microsoft/TestPlatform/ConsoleLogger/v1\" assemblyQualifiedName=\"Microsoft.VisualStudio.TestPlatform.CommandLine.Internal.ConsoleLogger, vstest.console, Version=15.0.0.0, Culture=neutral, PublicKeyToken=b03f5f7f11d50a3a\" codeBase=\"C:\\Program Files\\dotnet\\sdk\\9.0.101\\vstest.console.dll\" enabled=\"True\" />\r\n    </Loggers>\r\n  </LoggerRunSettings>\r\n  <DataCollectionRunSettings>\r\n    <DataCollectors>\r\n      <DataCollector friendlyName=\"blame\" enabled=\"True\">\r\n        <Configuration>\r\n          <ResultsDirectory>C:\\Users\\Глеб\\Desktop\\proect\\proektirovanieIS\\ConsoleAppTest\\bin\\x64\\Debug\\net8.0\\fine-code-coverage\\coverage-tool-output</ResultsDirectory>\r\n        </Configuration>\r\n      </DataCollector>\r\n    </DataCollectors>\r\n  </DataCollectionRunSettings>\r\n</RunSettings>","TestExecutionContext":{"FrequencyOfRunStatsChangeEvent":10,"RunStatsChangeEventTimeout":"00:00:01.5000000","InIsolation":false,"KeepAlive":false,"AreTestCaseLevelEventsRequired":false,"IsDebug":false,"TestCaseFilter":null,"FilterOptions":null},"Package":null}}
TpTrace Verbose: 0 : 15012, 5, 2024/12/17, 23:10:35.355, 877077718016, vstest.console.dll, ParallelProxyExecutionManager.StartTestRunOnConcurrentManager: Execution started. Started clients: 1
TpTrace Verbose: 0 : 15012, 12, 2024/12/17, 23:10:35.846, 877082629154, vstest.console.dll, TcpClientExtensions.MessageLoopAsync: NotifyDataAvailable remoteEndPoint: 127.0.0.1:10415 localEndPoint: 127.0.0.1:10414
TpTrace Verbose: 0 : 15012, 12, 2024/12/17, 23:10:35.847, 877082634353, vstest.console.dll, TestRequestSender.OnExecutionMessageReceived: Received message: {"Version":7,"MessageType":"TestExecution.Completed","Payload":{"TestRunCompleteArgs":{"TestRunStatistics":{"ExecutedTests":4,"Stats":{"Passed":4}},"IsCanceled":false,"IsAborted":false,"Error":null,"AttachmentSets":[],"InvokedDataCollectors":[],"ElapsedTimeInRunningTests":"00:00:00.2762785","Metrics":{},"DiscoveredExtensions":{"TestDiscoverers":["Microsoft.VisualStudio.TestPlatform.MSTest.TestAdapter.MSTestDiscoverer, Microsoft.VisualStudio.TestPlatform.MSTest.TestAdapter, Version=14.0.0.0, Culture=neutral, PublicKeyToken=b03f5f7f11d50a3a"],"TestExecutors":["executor://MSTestAdapter/v2"],"TestExecutors2":[],"TestSettingsProviders":[]}},"LastRunTests":{"NewTestResults":[{"TestCase":{"Id":"6501a496-e8df-365d-a9c6-adef62a78a60","FullyQualifiedName":"ConsoleAppTest.DataAccessTests.AllMethods_AccessDataThenAddData_WorksAsIntented","DisplayName":"AllMethods_AccessDataThenAddData_WorksAsIntented","ExecutorUri":"executor://MSTestAdapter/v2","Source":"C:\\Users\\Глеб\\Desktop\\proect\\proektirovanieIS\\ConsoleAppTest\\bin\\x64\\Debug\\net8.0\\fine-code-coverage\\build-output\\ConsoleAppTest.dll","CodeFilePath":null,"LineNumber":-1,"Properties":[{"Key":{"Id":"TestObject.Traits","Label":"Признаки","Category":"","Description":"","Attributes":5,"ValueType":"System.Collections.Generic.KeyValuePair`2[[System.String],[System.String]][]"},"Value":[]},{"Key":{"Id":"TestCase.ManagedMethod","Label":"ManagedMethod","Category":"","Description":"","Attributes":1,"ValueType":"System.String"},"Value":"AllMethods_AccessDataThenAddData_WorksAsIntented"},{"Key":{"Id":"MSTest.TestIdGenerationStrategy","Label":"TestIdGenerationStrategy","Category":"","Description":"","Attributes":1,"ValueType":"System.Int32"},"Value":2},{"Key":{"Id":"TestCase.ManagedType","Label":"ManagedType","Category":"","Description":"","Attributes":1,"ValueType":"System.String"},"Value":"ConsoleAppTest.DataAccessTests"},{"Key":{"Id":"MSTestDiscoverer.TestClassName","Label":"ClassName","Category":"","Description":"","Attributes":1,"ValueType":"System.String"},"Value":"ConsoleAppTest.DataAccessTests"},{"Key":{"Id":"TestCase.Hierarchy","Label":"Hierarchy","Category":"","Description":"","Attributes":2,"ValueType":"System.String[]"},"Value":[null,"ConsoleAppTest","DataAccessTests","AllMethods_AccessDataThenAddData_WorksAsIntented"]}]},"Attachments":[],"Outcome":1,"ErrorMessage":null,"ErrorStackTrace":null,"DisplayName":"AllMethods_AccessDataThenAddData_WorksAsIntented","Messages":[],"ComputerName":"DESKTOP-LTM32JT","Duration":"00:00:00.0082433","StartTime":"2024-12-17T23:10:35.7068913+07:00","EndTime":"2024-12-17T23:10:35.7304144+07:00","Properties":[{"Key":{"Id":"ParentExecId","Label":"ParentExecId","Category":"","Description":"","Attributes":1,"ValueType":"System.Guid"},"Value":"00000000-0000-0000-0000-000000000000"},{"Key":{"Id":"InnerResultsCount","Label":"InnerResultsCount","Category":"","Description":"","Attributes":1,"ValueType":"System.Int32"},"Value":0},{"Key":{"Id":"ExecutionId","Label":"ExecutionId","Category":"","Description":"","Attributes":1,"ValueType":"System.Guid"},"Value":"00000000-0000-0000-0000-000000000000"}]},{"TestCase":{"Id":"bec5c62f-d347-bd32-e5ab-d9831694e23b","FullyQualifiedName":"ConsoleAppTest.DataProcessingTests.ConvertToCorrespondingClass_ConvertToALectionAndCheckIfInfoIsCorrect_LectionSubject","DisplayName":"ConvertToCorrespondingClass_ConvertToALectionAndCheckIfInfoIsCorrect_LectionSubject","ExecutorUri":"executor://MSTestAdapter/v2","Source":"C:\\Users\\Глеб\\Desktop\\proect\\proektirovanieIS\\ConsoleAppTest\\bin\\x64\\Debug\\net8.0\\fine-code-coverage\\build-output\\ConsoleAppTest.dll","CodeFilePath":null,"LineNumber":-1,"Properties":[{"Key":{"Id":"TestObject.Traits","Label":"Признаки","Category":"","Description":"","Attributes":5,"ValueType":"System.Collections.Generic.KeyValuePair`2[[System.String],[System.String]][]"},"Value":[]},{"Key":{"Id":"TestCase.ManagedMethod","Label":"ManagedMethod","Category":"","Description":"","Attributes":1,"ValueType":"System.String"},"Value":"ConvertToCorrespondingClass_ConvertToALectionAndCheckIfInfoIsCorrect_LectionSubject"},{"Key":{"Id":"MSTest.TestIdGenerationStrategy","Label":"TestIdGenerationStrategy","Category":"","Description":"","Attributes":1,"ValueType":"System.Int32"},"Value":2},{"Key":{"Id":"TestCase.ManagedType","Label":"ManagedType","Category":"","Description":"","Attributes":1,"ValueType":"System.String"},"Value":"ConsoleAppTest.DataProcessingTests"},{"Key":{"Id":"MSTestDiscoverer.TestClassName","Label":"ClassName","Category":"","Description":"","Attributes":1,"ValueType":"System.String"},"Value":"ConsoleAppTest.DataProcessingTests"},{"Key":{"Id":"TestCase.Hierarchy","Label":"Hierarchy","Category":"","Description":"","Attributes":2,"ValueType":"System.String[]"},"Value":[null,"ConsoleAppTest","DataProcessingTests","ConvertToCorrespondingClass_ConvertToALectionAndCheckIfInfoIsCorrect_LectionSubject"]}]},"Attachments":[],"Outcome":1,"ErrorMessage":null,"ErrorStackTrace":null,"DisplayName":"ConvertToCorrespondingClass_ConvertToALectionAndCheckIfInfoIsCorrect_LectionSubject","Messages":[],"ComputerName":"DESKTOP-LTM32JT","Duration":"00:00:00.0036755","StartTime":"2024-12-17T23:10:35.7565127+07:00","EndTime":"2024-12-17T23:10:35.7610729+07:00","Properties":[{"Key":{"Id":"ParentExecId","Label":"ParentExecId","Category":"","Description":"","Attributes":1,"ValueType":"System.Guid"},"Value":"00000000-0000-0000-0000-000000000000"},{"Key":{"Id":"InnerResultsCount","Label":"InnerResultsCount","Category":"","Description":"","Attributes":1,"ValueType":"System.Int32"},"Value":0},{"Key":{"Id":"ExecutionId","Label":"ExecutionId","Category":"","Description":"","Attributes":1,"ValueType":"System.Guid"},"Value":"00000000-0000-0000-0000-000000000000"}]},{"TestCase":{"Id":"c964a920-dc1e-f157-285f-4c41fa6b96e5","FullyQualifiedName":"ConsoleAppTest.DataProcessingTests.ConvertToCorrespondingClass_ConvertToAPracticeAndCheckIfInfoIsCorrect_PracticeSubject","DisplayName":"ConvertToCorrespondingClass_ConvertToAPracticeAndCheckIfInfoIsCorrect_PracticeSubject","ExecutorUri":"executor://MSTestAdapter/v2","Source":"C:\\Users\\Глеб\\Desktop\\proect\\proektirovanieIS\\ConsoleAppTest\\bin\\x64\\Debug\\net8.0\\fine-code-coverage\\build-output\\ConsoleAppTest.dll","CodeFilePath":null,"LineNumber":-1,"Properties":[{"Key":{"Id":"TestObject.Traits","Label":"Признаки","Category":"","Description":"","Attributes":5,"ValueType":"System.Collections.Generic.KeyValuePair`2[[System.String],[System.String]][]"},"Value":[]},{"Key":{"Id":"TestCase.ManagedMethod","Label":"ManagedMethod","Category":"","Description":"","Attributes":1,"ValueType":"System.String"},"Value":"ConvertToCorrespondingClass_ConvertToAPracticeAndCheckIfInfoIsCorrect_PracticeSubject"},{"Key":{"Id":"MSTest.TestIdGenerationStrategy","Label":"TestIdGenerationStrategy","Category":"","Description":"","Attributes":1,"ValueType":"System.Int32"},"Value":2},{"Key":{"Id":"TestCase.ManagedType","Label":"ManagedType","Category":"","Description":"","Attributes":1,"ValueType":"System.String"},"Value":"ConsoleAppTest.DataProcessingTests"},{"Key":{"Id":"MSTestDiscoverer.TestClassName","Label":"ClassName","Category":"","Description":"","Attributes":1,"ValueType":"System.String"},"Value":"ConsoleAppTest.DataProcessingTests"},{"Key":{"Id":"TestCase.Hierarchy","Label":"Hierarchy","Category":"","Description":"","Attributes":2,"ValueType":"System.String[]"},"Value":[null,"ConsoleAppTest","DataProcessingTests","ConvertToCorrespondingClass_ConvertToAPracticeAndCheckIfInfoIsCorrect_PracticeSubject"]}]},"Attachments":[],"Outcome":1,"ErrorMessage":null,"ErrorStackTrace":null,"DisplayName":"ConvertToCorrespondingClass_ConvertToAPracticeAndCheckIfInfoIsCorrect_PracticeSubject","Messages":[],"ComputerName":"DESKTOP-LTM32JT","Duration":"00:00:00.0011557","StartTime":"2024-12-17T23:10:35.7691331+07:00","EndTime":"2024-12-17T23:10:35.7707891+07:00","Properties":[{"Key":{"Id":"ParentExecId","Label":"ParentExecId","Category":"","Description":"","Attributes":1,"ValueType":"System.Guid"},"Value":"00000000-0000-0000-0000-000000000000"},{"Key":{"Id":"InnerResultsCount","Label":"InnerResultsCount","Category":"","Description":"","Attributes":1,"ValueType":"System.Int32"},"Value":0},{"Key":{"Id":"ExecutionId","Label":"ExecutionId","Category":"","Description":"","Attributes":1,"ValueType":"System.Guid"},"Value":"00000000-0000-0000-0000-000000000000"}]},{"TestCase":{"Id":"18e3f7e9-d9b1-48b7-5910-d970b9c333e3","FullyQualifiedName":"ConsoleAppTest.DataProcessingTests.GetParameters_ConvertStringParametersToDictionary_Dictionary","DisplayName":"GetParameters_ConvertStringParametersToDictionary_Dictionary","ExecutorUri":"executor://MSTestAdapter/v2","Source":"C:\\Users\\Глеб\\Desktop\\proect\\proektirovanieIS\\ConsoleAppTest\\bin\\x64\\Debug\\net8.0\\fine-code-coverage\\build-output\\ConsoleAppTest.dll","CodeFilePath":null,"LineNumber":-1,"Properties":[{"Key":{"Id":"TestObject.Traits","Label":"Признаки","Category":"","Description":"","Attributes":5,"ValueType":"System.Collections.Generic.KeyValuePair`2[[System.String],[System.String]][]"},"Value":[]},{"Key":{"Id":"TestCase.ManagedMethod","Label":"ManagedMethod","Category":"","Description":"","Attributes":1,"ValueType":"System.String"},"Value":"GetParameters_ConvertStringParametersToDictionary_Dictionary"},{"Key":{"Id":"MSTest.TestIdGenerationStrategy","Label":"TestIdGenerationStrategy","Category":"","Description":"","Attributes":1,"ValueType":"System.Int32"},"Value":2},{"Key":{"Id":"TestCase.ManagedType","Label":"ManagedType","Category":"","Description":"","Attributes":1,"ValueType":"System.String"},"Value":"ConsoleAppTest.DataProcessingTests"},{"Key":{"Id":"MSTestDiscoverer.TestClassName","Label":"ClassName","Category":"","Description":"","Attributes":1,"ValueType":"System.String"},"Value":"ConsoleAppTest.DataProcessingTests"},{"Key":{"Id":"TestCase.Hierarchy","Label":"Hierarchy","Category":"","Description":"","Attributes":2,"ValueType":"System.String[]"},"Value":[null,"ConsoleAppTest","DataProcessingTests","GetParameters_ConvertStringParametersToDictionary_Dictionary"]}]},"Attachments":[],"Outcome":1,"ErrorMessage":null,"ErrorStackTrace":null,"DisplayName":"GetParameters_ConvertStringParametersToDictionary_Dictionary","Messages":[],"ComputerName":"DESKTOP-LTM32JT","Duration":"00:00:00.0008404","StartTime":"2024-12-17T23:10:35.7794634+07:00","EndTime":"2024-12-17T23:10:35.7819981+07:00","Properties":[{"Key":{"Id":"ParentExecId","Label":"ParentExecId","Category":"","Description":"","Attributes":1,"ValueType":"System.Guid"},"Value":"00000000-0000-0000-0000-000000000000"},{"Key":{"Id":"InnerResultsCount","Label":"InnerResultsCount","Category":"","Description":"","Attributes":1,"ValueType":"System.Int32"},"Value":0},{"Key":{"Id":"ExecutionId","Label":"ExecutionId","Category":"","Description":"","Attributes":1,"ValueType":"System.Guid"},"Value":"00000000-0000-0000-0000-000000000000"}]}],"TestRunStatistics":{"ExecutedTests":4,"Stats":{"Passed":4}},"ActiveTests":[]},"RunAttachments":[],"ExecutorUris":["executor://mstestadapter/v2"]}}
TpTrace Verbose: 0 : 15012, 12, 2024/12/17, 23:10:35.847, 877082638275, vstest.console.dll, TestRequestSender.EndSession: Sending end session.
TpTrace Verbose: 0 : 15012, 12, 2024/12/17, 23:10:35.848, 877082641388, vstest.console.dll, ProxyOperationManager.Close: waiting for test host to exit for 100 ms
TpTrace Verbose: 0 : 15012, 11, 2024/12/17, 23:10:35.858, 877082750358, vstest.console.dll, TestHostManagerCallbacks.StandardOutputReceivedCallback Test host standard output line: 
TpTrace Warning: 0 : 15012, 9, 2024/12/17, 23:10:35.858, 877082750358, vstest.console.dll, TestHostManagerCallbacks.ErrorReceivedCallback Test host standard error line: 
TpTrace Verbose: 0 : 15012, 9, 2024/12/17, 23:10:35.869, 877082852509, vstest.console.dll, TestHostProvider.ExitCallBack: Host exited starting callback.
TpTrace Information: 0 : 15012, 9, 2024/12/17, 23:10:35.869, 877082855675, vstest.console.dll, TestHostManagerCallbacks.ExitCallBack: Testhost processId: 6148 exited with exitcode: 0 error: ''
TpTrace Verbose: 0 : 15012, 9, 2024/12/17, 23:10:35.869, 877082856999, vstest.console.dll, DotnetTestHostManager.OnHostExited: invoking OnHostExited callback
TpTrace Verbose: 0 : 15012, 9, 2024/12/17, 23:10:35.869, 877082858386, vstest.console.dll, CrossPlatEngine.TestHostManagerHostExited: calling on client process exit callback.
TpTrace Information: 0 : 15012, 9, 2024/12/17, 23:10:35.869, 877082859849, vstest.console.dll, TestRequestSender.OnClientProcessExit: Test host process exited. Standard error: 
TpTrace Information: 0 : 15012, 12, 2024/12/17, 23:10:35.869, 877082860252, vstest.console.dll, SocketServer.Stop: Stop server endPoint: 127.0.0.1:10414
TpTrace Information: 0 : 15012, 9, 2024/12/17, 23:10:35.870, 877082861216, vstest.console.dll, SocketServer.Stop: Stop server endPoint: 127.0.0.1:10414
TpTrace Information: 0 : 15012, 12, 2024/12/17, 23:10:35.870, 877082862388, vstest.console.dll, SocketServer.Stop: Cancellation requested. Stopping message loop.
TpTrace Information: 0 : 15012, 9, 2024/12/17, 23:10:35.870, 877082863699, vstest.console.dll, SocketServer.Stop: Cancellation requested. Stopping message loop.
TpTrace Information: 0 : 15012, 12, 2024/12/17, 23:10:35.870, 877082866008, vstest.console.dll, Closing the connection
TpTrace Verbose: 0 : 15012, 9, 2024/12/17, 23:10:35.870, 877082867463, vstest.console.dll, MulticastDelegateUtilities.SafeInvoke: HostProviderEvents.OnHostExited: Invoking callback 1/1 for Microsoft.VisualStudio.TestPlatform.CrossPlatEngine.Client.ProxyOperationManager., took 0 ms.
TpTrace Verbose: 0 : 15012, 12, 2024/12/17, 23:10:35.871, 877082870642, vstest.console.dll, ProxyDataCollectionManager.InvokeDataCollectionServiceAction: Starting.
TpTrace Information: 0 : 15012, 12, 2024/12/17, 23:10:35.871, 877082871980, vstest.console.dll, ProxyDataCollectionManager.AfterTestRunEnd: Get attachment set and invoked data collectors processId: 11188 port: 10411
TpTrace Verbose: 0 : 15012, 12, 2024/12/17, 23:10:35.871, 877082873582, vstest.console.dll, DataCollectionRequestSender.SendAfterTestRunStartAndGetResult: Send AfterTestRunEnd message with isCancelled: False
TpTrace Verbose: 0 : 15012, 12, 2024/12/17, 23:10:35.879, 877082952757, vstest.console.dll, DataCollectionRequestSender.SendAfterTestRunStartAndGetResult: Received message: (DataCollection.AfterTestRunEndResult) -> {"MessageType":"DataCollection.AfterTestRunEndResult","Payload":{"AttachmentSets":[],"InvokedDataCollectors":[{"Uri":"datacollector://Microsoft/TestPlatform/Extensions/Blame/v1","FriendlyName":"Blame","AssemblyQualifiedName":"Microsoft.TestPlatform.Extensions.BlameDataCollector.BlameCollector, Microsoft.TestPlatform.Extensions.BlameDataCollector, Version=15.0.0.0, Culture=neutral, PublicKeyToken=b03f5f7f11d50a3a","FilePath":"C:\\Program Files\\dotnet\\sdk\\9.0.101\\Extensions\\Microsoft.TestPlatform.Extensions.BlameDataCollector.dll","HasAttachmentProcessor":false}],"Metrics":{}}}
TpTrace Warning: 0 : 15012, 10, 2024/12/17, 23:10:35.883, 877082996078, vstest.console.dll, DataCollectionLauncher.ErrorReceivedCallback datacollector standard error line: 
TpTrace Information: 0 : 15012, 12, 2024/12/17, 23:10:35.886, 877083026386, vstest.console.dll, ProxyDataCollectionManager.InvokeDataCollectionServiceAction: Completed.
TpTrace Information: 0 : 15012, 10, 2024/12/17, 23:10:35.892, 877083081123, vstest.console.dll, DataCollectionLauncher.ExitCallBack: Data collector exited with exitcode: 0 error: ''
TpTrace Verbose: 0 : 15012, 12, 2024/12/17, 23:10:35.983, 877083995467, vstest.console.dll, TestRunRequest:SendTestRunStatsChange: Starting.
TpTrace Verbose: 0 : 15012, 12, 2024/12/17, 23:10:35.983, 877083999806, vstest.console.dll, MulticastDelegateUtilities.SafeInvoke: TestRun.RunStatsChanged: Invoking callbacks was skipped because there are no subscribers.
TpTrace Information: 0 : 15012, 12, 2024/12/17, 23:10:35.984, 877084002002, vstest.console.dll, TestRunRequest:SendTestRunStatsChange: Completed.
TpTrace Verbose: 0 : 15012, 12, 2024/12/17, 23:10:35.984, 877084007609, vstest.console.dll, ParallelProxyExecutionManager: HandlePartialRunComplete: Total workloads = 1, Total started clients = 1 Total completed clients = 1, Run complete = True, Run canceled: False.
TpTrace Verbose: 0 : 15012, 12, 2024/12/17, 23:10:35.984, 877084008943, vstest.console.dll, ParallelProxyExecutionManager: HandlePartialRunComplete: All runs completed stopping all managers.
TpTrace Verbose: 0 : 15012, 12, 2024/12/17, 23:10:35.984, 877084010309, vstest.console.dll, ParallelOperationManager.StopAllManagers: Stopping all managers.
TpTrace Verbose: 0 : 15012, 12, 2024/12/17, 23:10:35.985, 877084011664, vstest.console.dll, ParallelOperationManager.ClearSlots: Clearing all slots. Slots should accept more work: False
TpTrace Verbose: 0 : 15012, 12, 2024/12/17, 23:10:35.985, 877084013557, vstest.console.dll, ParallelOperationManager.SetOccupiedSlotCount: Setting slot counts AvailableSlotCount = 1, OccupiedSlotCount = 0.
TpTrace Verbose: 0 : 15012, 12, 2024/12/17, 23:10:35.985, 877084015150, vstest.console.dll, Occupied slots:

TpTrace Verbose: 0 : 15012, 4, 2024/12/17, 23:10:35.986, 877084023854, vstest.console.dll, MulticastDelegateUtilities.SafeInvoke: InternalTestLoggerEvents.SendTestResult: Invoking callback 1/1 for Microsoft.VisualStudio.TestPlatform.CommandLine.Internal.ConsoleLogger., took 2 ms.
TpTrace Verbose: 0 : 15012, 4, 2024/12/17, 23:10:35.986, 877084028655, vstest.console.dll, MulticastDelegateUtilities.SafeInvoke: InternalTestLoggerEvents.SendTestResult: Invoking callback 1/1 for Microsoft.VisualStudio.TestPlatform.CommandLine.Internal.ConsoleLogger., took 0 ms.
TpTrace Verbose: 0 : 15012, 4, 2024/12/17, 23:10:35.987, 877084030392, vstest.console.dll, MulticastDelegateUtilities.SafeInvoke: InternalTestLoggerEvents.SendTestResult: Invoking callback 1/1 for Microsoft.VisualStudio.TestPlatform.CommandLine.Internal.ConsoleLogger., took 0 ms.
TpTrace Verbose: 0 : 15012, 4, 2024/12/17, 23:10:35.987, 877084031892, vstest.console.dll, MulticastDelegateUtilities.SafeInvoke: InternalTestLoggerEvents.SendTestResult: Invoking callback 1/1 for Microsoft.VisualStudio.TestPlatform.CommandLine.Internal.ConsoleLogger., took 0 ms.
TpTrace Verbose: 0 : 15012, 4, 2024/12/17, 23:10:35.995, 877084114555, vstest.console.dll, MulticastDelegateUtilities.SafeInvoke: InternalTestLoggerEvents.SendTestRunComplete: Invoking callback 1/2 for Microsoft.TestPlatform.Extensions.BlameDataCollector.BlameLogger., took 0 ms.
TpTrace Verbose: 0 : 15012, 4, 2024/12/17, 23:10:36.001, 877084174898, vstest.console.dll, MulticastDelegateUtilities.SafeInvoke: InternalTestLoggerEvents.SendTestRunComplete: Invoking callback 2/2 for Microsoft.VisualStudio.TestPlatform.CommandLine.Internal.ConsoleLogger., took 5 ms.
TpTrace Verbose: 0 : 15012, 12, 2024/12/17, 23:10:36.001, 877084179384, vstest.console.dll, TestRunRequest:TestRunComplete: Starting. IsAborted:False IsCanceled:False.
TpTrace Verbose: 0 : 15012, 12, 2024/12/17, 23:10:36.002, 877084182164, vstest.console.dll, ParallelOperationManager.DoActionOnAllManagers: Calling an action on all managers.
TpTrace Verbose: 0 : 15012, 12, 2024/12/17, 23:10:36.003, 877084192797, vstest.console.dll, TestLoggerManager.HandleTestRunComplete: Ignoring as the object is disposed.
TpTrace Verbose: 0 : 15012, 12, 2024/12/17, 23:10:36.003, 877084197188, vstest.console.dll, MulticastDelegateUtilities.SafeInvoke: TestRun.TestRunComplete: Invoking callback 1/2 for Microsoft.VisualStudio.TestPlatform.CommandLine.TestRunResultAggregator., took 0 ms.
TpTrace Verbose: 0 : 15012, 12, 2024/12/17, 23:10:36.003, 877084199446, vstest.console.dll, MulticastDelegateUtilities.SafeInvoke: TestRun.TestRunComplete: Invoking callback 2/2 for Microsoft.VisualStudio.TestPlatform.CommandLine.Processors.RunTestsArgumentExecutor+TestRunRequestEventsRegistrar., took 0 ms.
TpTrace Information: 0 : 15012, 12, 2024/12/17, 23:10:36.004, 877084201408, vstest.console.dll, TestRunRequest:TestRunComplete: Completed.
TpTrace Verbose: 0 : 15012, 1, 2024/12/17, 23:10:36.004, 877084201840, vstest.console.dll, TestRunRequest.Dispose: Starting.
TpTrace Verbose: 0 : 15012, 12, 2024/12/17, 23:10:36.004, 877084202765, vstest.console.dll, TestRequestSender.SetOperationComplete: Setting operation complete.
TpTrace Information: 0 : 15012, 1, 2024/12/17, 23:10:36.004, 877084204882, vstest.console.dll, TestRunRequest.Dispose: Completed.
TpTrace Information: 0 : 15012, 12, 2024/12/17, 23:10:36.004, 877084206386, vstest.console.dll, SocketServer.Stop: Stop server endPoint: 127.0.0.1:10414
TpTrace Information: 0 : 15012, 1, 2024/12/17, 23:10:36.004, 877084208040, vstest.console.dll, TestRequestManager.RunTests: run tests completed.
TpTrace Information: 0 : 15012, 12, 2024/12/17, 23:10:36.004, 877084209105, vstest.console.dll, SocketServer.Stop: Cancellation requested. Stopping message loop.
TpTrace Information: 0 : 15012, 1, 2024/12/17, 23:10:36.005, 877084210982, vstest.console.dll, RunTestsArgumentProcessor:Execute: Test run is completed.
TpTrace Verbose: 0 : 15012, 12, 2024/12/17, 23:10:36.005, 877084211860, vstest.console.dll, MulticastDelegateUtilities.SafeInvoke: LengthPrefixCommunicationChannel: MessageReceived: Invoking callback 1/1 for Microsoft.VisualStudio.TestPlatform.CommunicationUtilities.TestRequestSender+<>c__DisplayClass34_0., took 157 ms.
TpTrace Information: 0 : 15012, 12, 2024/12/17, 23:10:36.005, 877084214634, vstest.console.dll, SocketServer.PrivateStop: Stopping server endPoint: 127.0.0.1:10414 error: 
TpTrace Verbose: 0 : 15012, 1, 2024/12/17, 23:10:36.005, 877084215164, vstest.console.dll, Executor.Execute: Exiting with exit code of 0
TpTrace Verbose: 0 : 15012, 12, 2024/12/17, 23:10:36.005, 877084219578, vstest.console.dll, LengthPrefixCommunicationChannel.Dispose: Dispose reader and writer.
TpTrace Information: 0 : 15012, 12, 2024/12/17, 23:10:36.006, 877084221237, vstest.console.dll, SocketServer.Stop: Raise disconnected event endPoint: 127.0.0.1:10414 error: 
