TpTrace Verbose: 0 : 15488, 1, 2024/12/17, 23:08:17.906, 875703222705, testhost.dll, Version: 17.8.0 Current process architecture: X64
TpTrace Verbose: 0 : 15488, 1, 2024/12/17, 23:08:17.917, 875703333666, testhost.dll, Runtime location: C:\Program Files\dotnet\shared\Microsoft.NETCore.App\8.0.11
TpTrace Information: 0 : 15488, 1, 2024/12/17, 23:08:17.921, 875703374576, testhost.dll, DefaultEngineInvoker.Invoke: Testhost process started with args :[--port, 10305],[--endpoint, 127.0.0.1:010305],[--role, client],[--parentprocessid, 10600],[--diag, C:\Users\Глеб\Desktop\proect\proektirovanieIS\ConsoleAppTest\bin\Debug\net8.0\fine-code-coverage\coverage-tool-output\diagnostics.host.24-12-17_23-08-17_71358_5.log],[--tracelevel, 4],[--datacollectionport, 10304],[--telemetryoptedin, false]
TpTrace Information: 0 : 15488, 1, 2024/12/17, 23:08:17.921, 875703380134, testhost.dll, Setting up debug trace listener.
TpTrace Verbose: 0 : 15488, 1, 2024/12/17, 23:08:17.922, 875703382387, testhost.dll, TestPlatformTraceListener.Setup: Replacing listener System.Diagnostics.DefaultTraceListener with TestHostTraceListener.
TpTrace Verbose: 0 : 15488, 1, 2024/12/17, 23:08:17.922, 875703384220, testhost.dll, TestPlatformTraceListener.Setup: Added test platform trace listener.
TpTrace Information: 0 : 15488, 1, 2024/12/17, 23:08:17.922, 875703388131, testhost.dll, DefaultEngineInvoker.SetParentProcessExitCallback: Monitoring parent process with id: '10600'
TpTrace Information: 0 : 15488, 1, 2024/12/17, 23:08:17.926, 875703427156, testhost.dll, DefaultEngineInvoker.GetConnectionInfo: Initialize communication on endpoint address: '127.0.0.1:010305'
TpTrace Information: 0 : 15488, 1, 2024/12/17, 23:08:17.939, 875703558468, testhost.dll, SocketClient.Start: connecting to server endpoint: 127.0.0.1:010305
TpTrace Information: 0 : 15488, 7, 2024/12/17, 23:08:17.947, 875703637225, testhost.dll, SocketClient.OnServerConnected: connected to server endpoint: 127.0.0.1:010305
TpTrace Verbose: 0 : 15488, 7, 2024/12/17, 23:08:17.949, 875703659642, testhost.dll, MulticastDelegateUtilities.SafeInvoke: SocketClient: ServerConnected: Invoking callback 1/1 for Microsoft.VisualStudio.TestPlatform.CommunicationUtilities.TestRequestHandler., took 0 ms.
TpTrace Verbose: 0 : 15488, 7, 2024/12/17, 23:08:17.950, 875703661104, testhost.dll, Connected to server, and starting MessageLoopAsync
TpTrace Information: 0 : 15488, 1, 2024/12/17, 23:08:17.951, 875703675546, testhost.dll, DefaultEngineInvoker.ConnectToDatacollector: Connecting to datacollector, port: 10304
TpTrace Information: 0 : 15488, 1, 2024/12/17, 23:08:17.952, 875703686758, testhost.dll, Trying to connect to server on socket : 127.0.0.1:10304 
TpTrace Verbose: 0 : 15488, 1, 2024/12/17, 23:08:17.953, 875703691161, testhost.dll, SocketCommunicationManager : SetupClientAsync : Attempting to connect to the server.
TpTrace Information: 0 : 15488, 7, 2024/12/17, 23:08:17.957, 875703734071, testhost.dll, Connected to the server successfully 
TpTrace Information: 0 : 15488, 7, 2024/12/17, 23:08:17.957, 875703736529, testhost.dll, Using the buffer size of 16384 bytes
TpTrace Verbose: 0 : 15488, 1, 2024/12/17, 23:08:17.957, 875703738594, testhost.dll, SocketCommunicationManager.WaitForServerConnection took: 0 ms, with 90000 ms timeout, and finished with True.
TpTrace Information: 0 : 15488, 1, 2024/12/17, 23:08:17.958, 875703740671, testhost.dll, DefaultEngineInvoker.Invoke: Start Request Processing.
TpTrace Information: 0 : 15488, 11, 2024/12/17, 23:08:17.959, 875703752009, testhost.dll, DefaultEngineInvoker.StartProcessingAsync: Connected to vstest.console, Starting process requests.
TpTrace Verbose: 0 : 15488, 9, 2024/12/17, 23:08:17.959, 875703752560, testhost.dll, TcpClientExtensions.MessageLoopAsync: Polling on remoteEndPoint: [::ffff:127.0.0.1]:10305 localEndPoint: [::ffff:127.0.0.1]:10306
TpTrace Verbose: 0 : 15488, 9, 2024/12/17, 23:08:17.959, 875703756809, testhost.dll, TcpClientExtensions.MessageLoopAsync: NotifyDataAvailable remoteEndPoint: [::ffff:127.0.0.1]:10305 localEndPoint: [::ffff:127.0.0.1]:10306
TpTrace Information: 0 : 15488, 9, 2024/12/17, 23:08:17.963, 875703793806, testhost.dll, TestRequestHandler.OnMessageReceived: received message: (ProtocolVersion) -> {"MessageType":"ProtocolVersion","Payload":7}
TpTrace Verbose: 0 : 15488, 9, 2024/12/17, 23:08:18.098, 875705147497, testhost.dll, TestRequestHandler.SendData: sending data from testhost: {"Version":7,"MessageType":"TestSession.Message","Payload":{"MessageLevel":0,"Message":"Ведение журналов диагностики TestHost в файле: C:\\Users\\Глеб\\Desktop\\proect\\proektirovanieIS\\ConsoleAppTest\\bin\\Debug\\net8.0\\fine-code-coverage\\coverage-tool-output\\diagnostics.host.24-12-17_23-08-17_71358_5.log"}}
TpTrace Verbose: 0 : 15488, 9, 2024/12/17, 23:08:18.099, 875705151558, testhost.dll, MulticastDelegateUtilities.SafeInvoke: LengthPrefixCommunicationChannel: MessageReceived: Invoking callback 1/1 for Microsoft.VisualStudio.TestPlatform.CommunicationUtilities.TestRequestHandler., took 138 ms.
TpTrace Verbose: 0 : 15488, 9, 2024/12/17, 23:08:18.099, 875705152834, testhost.dll, TcpClientExtensions.MessageLoopAsync: Polling on remoteEndPoint: [::ffff:127.0.0.1]:10305 localEndPoint: [::ffff:127.0.0.1]:10306
TpTrace Verbose: 0 : 15488, 9, 2024/12/17, 23:08:18.099, 875705154193, testhost.dll, TcpClientExtensions.MessageLoopAsync: NotifyDataAvailable remoteEndPoint: [::ffff:127.0.0.1]:10305 localEndPoint: [::ffff:127.0.0.1]:10306
TpTrace Information: 0 : 15488, 9, 2024/12/17, 23:08:18.099, 875705158527, testhost.dll, TestRequestHandler.OnMessageReceived: received message: (TestExecution.Initialize) -> {"Version":7,"MessageType":"TestExecution.Initialize","Payload":["C:\\Users\\Глеб\\Desktop\\proect\\proektirovanieIS\\ConsoleAppTest\\bin\\Debug\\net8.0\\fine-code-coverage\\build-output\\Microsoft.VisualStudio.TestPlatform.MSTest.TestAdapter.dll"]}
TpTrace Verbose: 0 : 15488, 9, 2024/12/17, 23:08:18.109, 875705257155, testhost.dll, MulticastDelegateUtilities.SafeInvoke: LengthPrefixCommunicationChannel: MessageReceived: Invoking callback 1/1 for Microsoft.VisualStudio.TestPlatform.CommunicationUtilities.TestRequestHandler., took 10 ms.
TpTrace Verbose: 0 : 15488, 9, 2024/12/17, 23:08:18.109, 875705259175, testhost.dll, TcpClientExtensions.MessageLoopAsync: Polling on remoteEndPoint: [::ffff:127.0.0.1]:10305 localEndPoint: [::ffff:127.0.0.1]:10306
TpTrace Verbose: 0 : 15488, 9, 2024/12/17, 23:08:18.110, 875705260535, testhost.dll, TcpClientExtensions.MessageLoopAsync: NotifyDataAvailable remoteEndPoint: [::ffff:127.0.0.1]:10305 localEndPoint: [::ffff:127.0.0.1]:10306
TpTrace Information: 0 : 15488, 9, 2024/12/17, 23:08:18.110, 875705262580, testhost.dll, TestRequestHandler.OnMessageReceived: received message: (TestExecution.StartWithSources) -> {"Version":7,"MessageType":"TestExecution.StartWithSources","Payload":{"AdapterSourceMap":{"_none_":["C:\\Users\\Глеб\\Desktop\\proect\\proektirovanieIS\\ConsoleAppTest\\bin\\Debug\\net8.0\\fine-code-coverage\\build-output\\ConsoleAppTest.dll"]},"RunSettings":"<RunSettings>\r\n  <RunConfiguration>\r\n    <ResultsDirectory>C:\\Users\\Глеб\\Desktop\\proect\\proektirovanieIS\\ConsoleAppTest\\bin\\Debug\\net8.0\\fine-code-coverage\\coverage-tool-output</ResultsDirectory>\r\n    <TargetFrameworkVersion>.NETCoreApp,Version=v8.0</TargetFrameworkVersion>\r\n    <DesignMode>False</DesignMode>\r\n    <CollectSourceInformation>False</CollectSourceInformation>\r\n  </RunConfiguration>\r\n  <LoggerRunSettings>\r\n    <Loggers>\r\n      <Logger friendlyName=\"blame\" enabled=\"True\" />\r\n      <Logger friendlyName=\"Console\" uri=\"logger://microsoft/TestPlatform/ConsoleLogger/v1\" assemblyQualifiedName=\"Microsoft.VisualStudio.TestPlatform.CommandLine.Internal.ConsoleLogger, vstest.console, Version=15.0.0.0, Culture=neutral, PublicKeyToken=b03f5f7f11d50a3a\" codeBase=\"C:\\Program Files\\dotnet\\sdk\\9.0.101\\vstest.console.dll\" enabled=\"True\" />\r\n    </Loggers>\r\n  </LoggerRunSettings>\r\n  <DataCollectionRunSettings>\r\n    <DataCollectors>\r\n      <DataCollector friendlyName=\"blame\" enabled=\"True\">\r\n        <Configuration>\r\n          <ResultsDirectory>C:\\Users\\Глеб\\Desktop\\proect\\proektirovanieIS\\ConsoleAppTest\\bin\\Debug\\net8.0\\fine-code-coverage\\coverage-tool-output</ResultsDirectory>\r\n        </Configuration>\r\n      </DataCollector>\r\n    </DataCollectors>\r\n  </DataCollectionRunSettings>\r\n</RunSettings>","TestExecutionContext":{"FrequencyOfRunStatsChangeEvent":10,"RunStatsChangeEventTimeout":"00:00:01.5000000","InIsolation":false,"KeepAlive":false,"AreTestCaseLevelEventsRequired":false,"IsDebug":false,"TestCaseFilter":null,"FilterOptions":null},"Package":null}}
TpTrace Information: 0 : 15488, 4, 2024/12/17, 23:08:18.110, 875705265639, testhost.dll, TestRequestHandler.OnMessageReceived: Running job 'TestExecution.Initialize'.
TpTrace Verbose: 0 : 15488, 4, 2024/12/17, 23:08:18.114, 875705303672, testhost.dll, TestExecutorService: Loading the extensions
TpTrace Verbose: 0 : 15488, 4, 2024/12/17, 23:08:18.116, 875705328665, testhost.dll, TestPluginCache.DiscoverTestExtensions: finding test extensions in assemblies ends with: TestAdapter.dll TPluginInfo: Microsoft.VisualStudio.TestPlatform.Common.ExtensionFramework.Utilities.TestExecutorPluginInformation TExtension: Microsoft.VisualStudio.TestPlatform.ObjectModel.Adapter.ITestExecutor
TpTrace Verbose: 0 : 15488, 4, 2024/12/17, 23:08:18.120, 875705361089, testhost.dll, TestPluginCache.GetExtensionPaths: Filtered extension paths: 
TpTrace Verbose: 0 : 15488, 4, 2024/12/17, 23:08:18.120, 875705366254, testhost.dll, TestPluginCache.GetExtensionPaths: Added default extension paths: C:\Users\Глеб\Desktop\proect\proektirovanieIS\ConsoleAppTest\bin\Debug\net8.0\fine-code-coverage\build-output\Microsoft.VisualStudio.TestPlatform.MSTest.TestAdapter.dll
TpTrace Verbose: 0 : 15488, 4, 2024/12/17, 23:08:18.120, 875705368403, testhost.dll, TestPluginCache.GetExtensionPaths: Added unfilterableExtensionPaths: 
TpTrace Information: 0 : 15488, 4, 2024/12/17, 23:08:18.122, 875705386975, testhost.dll, AssemblyResolver.ctor: Creating AssemblyResolver with searchDirectories C:\Users\Глеб\Desktop\proect\proektirovanieIS\ConsoleAppTest\bin\Debug\net8.0\fine-code-coverage\build-output
TpTrace Verbose: 0 : 15488, 4, 2024/12/17, 23:08:18.124, 875705400959, testhost.dll, TestPluginCache.DiscoverTestExtensions: Discovering the extensions using extension path.
TpTrace Verbose: 0 : 15488, 4, 2024/12/17, 23:08:18.124, 875705404254, testhost.dll, TestPluginCache.GetExtensionPaths: Filtered extension paths: 
TpTrace Verbose: 0 : 15488, 4, 2024/12/17, 23:08:18.124, 875705406003, testhost.dll, TestPluginCache.GetExtensionPaths: Added default extension paths: C:\Users\Глеб\Desktop\proect\proektirovanieIS\ConsoleAppTest\bin\Debug\net8.0\fine-code-coverage\build-output\Microsoft.VisualStudio.TestPlatform.MSTest.TestAdapter.dll
TpTrace Verbose: 0 : 15488, 4, 2024/12/17, 23:08:18.124, 875705408297, testhost.dll, TestPluginCache.GetExtensionPaths: Added unfilterableExtensionPaths: 
TpTrace Verbose: 0 : 15488, 4, 2024/12/17, 23:08:18.124, 875705410089, testhost.dll, TestPluginCache.DiscoverTestExtensions: Discovering the extensions using allExtensionPaths: C:\Users\Глеб\Desktop\proect\proektirovanieIS\ConsoleAppTest\bin\Debug\net8.0\fine-code-coverage\build-output\Microsoft.VisualStudio.TestPlatform.MSTest.TestAdapter.dll
TpTrace Information: 0 : 15488, 4, 2024/12/17, 23:08:18.126, 875705420522, testhost.dll, AssemblyResolver.AddSearchDirectories: Adding more searchDirectories C:\Users\Глеб\Desktop\proect\proektirovanieIS\ConsoleAppTest\bin\Debug\net8.0\fine-code-coverage\build-output
TpTrace Information: 0 : 15488, 4, 2024/12/17, 23:08:18.128, 875705445986, testhost.dll, AssemblyResolver.OnResolve: Microsoft.VisualStudio.TestPlatform.MSTest.TestAdapter: Resolving assembly.
TpTrace Information: 0 : 15488, 4, 2024/12/17, 23:08:18.128, 875705448111, testhost.dll, AssemblyResolver.OnResolve: Microsoft.VisualStudio.TestPlatform.MSTest.TestAdapter: Searching in: 'C:\Users\Глеб\Desktop\proect\proektirovanieIS\ConsoleAppTest\bin\Debug\net8.0\fine-code-coverage\build-output'.
TpTrace Verbose: 0 : 15488, 9, 2024/12/17, 23:08:18.136, 875705520630, testhost.dll, MulticastDelegateUtilities.SafeInvoke: LengthPrefixCommunicationChannel: MessageReceived: Invoking callback 1/1 for Microsoft.VisualStudio.TestPlatform.CommunicationUtilities.TestRequestHandler., took 25 ms.
TpTrace Verbose: 0 : 15488, 9, 2024/12/17, 23:08:18.136, 875705522430, testhost.dll, TcpClientExtensions.MessageLoopAsync: Polling on remoteEndPoint: [::ffff:127.0.0.1]:10305 localEndPoint: [::ffff:127.0.0.1]:10306
TpTrace Information: 0 : 15488, 4, 2024/12/17, 23:08:18.136, 875705528645, testhost.dll, AssemblyResolver.OnResolve: Microsoft.VisualStudio.TestPlatform.MSTest.TestAdapter: Loading assembly 'C:\Users\Глеб\Desktop\proect\proektirovanieIS\ConsoleAppTest\bin\Debug\net8.0\fine-code-coverage\build-output\Microsoft.VisualStudio.TestPlatform.MSTest.TestAdapter.dll'.
TpTrace Information: 0 : 15488, 4, 2024/12/17, 23:08:18.139, 875705552203, testhost.dll, AssemblyResolver.OnResolve: Resolved assembly: Microsoft.VisualStudio.TestPlatform.MSTest.TestAdapter, from path: C:\Users\Глеб\Desktop\proect\proektirovanieIS\ConsoleAppTest\bin\Debug\net8.0\fine-code-coverage\build-output\Microsoft.VisualStudio.TestPlatform.MSTest.TestAdapter.dll
TpTrace Verbose: 0 : 15488, 4, 2024/12/17, 23:08:18.156, 875705722621, testhost.dll, MetadataReaderExtensionsHelper: Discovering extensions inside assembly 'Microsoft.VisualStudio.TestPlatform.MSTest.TestAdapter, Version=14.0.0.0, Culture=neutral, PublicKeyToken=b03f5f7f11d50a3a' file path 'C:\Users\Глеб\Desktop\proect\proektirovanieIS\ConsoleAppTest\bin\Debug\net8.0\fine-code-coverage\build-output\Microsoft.VisualStudio.TestPlatform.MSTest.TestAdapter.dll'
TpTrace Information: 0 : 15488, 4, 2024/12/17, 23:08:18.162, 875705781097, testhost.dll, GetTestExtensionFromType: Register extension with identifier data 'executor://MSTestAdapter/v2' and type 'Microsoft.VisualStudio.TestPlatform.MSTest.TestAdapter.MSTestExecutor, Microsoft.VisualStudio.TestPlatform.MSTest.TestAdapter, Version=14.0.0.0, Culture=neutral, PublicKeyToken=b03f5f7f11d50a3a' inside file 'C:\Users\Глеб\Desktop\proect\proektirovanieIS\ConsoleAppTest\bin\Debug\net8.0\fine-code-coverage\build-output\Microsoft.VisualStudio.TestPlatform.MSTest.TestAdapter.dll'
TpTrace Verbose: 0 : 15488, 4, 2024/12/17, 23:08:18.164, 875705803437, testhost.dll, TestPluginCache: Discovered the extensions using extension path ''.
TpTrace Verbose: 0 : 15488, 4, 2024/12/17, 23:08:18.164, 875705810040, testhost.dll, TestPluginCache: Discoverers are ''.
TpTrace Verbose: 0 : 15488, 4, 2024/12/17, 23:08:18.165, 875705811590, testhost.dll, TestPluginCache: Executors are 'executor://MSTestAdapter/v2'.
TpTrace Verbose: 0 : 15488, 4, 2024/12/17, 23:08:18.165, 875705813159, testhost.dll, TestPluginCache: Executors2 are ''.
TpTrace Verbose: 0 : 15488, 4, 2024/12/17, 23:08:18.165, 875705814673, testhost.dll, TestPluginCache: Setting providers are ''.
TpTrace Verbose: 0 : 15488, 4, 2024/12/17, 23:08:18.165, 875705816158, testhost.dll, TestPluginCache: Loggers are ''.
TpTrace Verbose: 0 : 15488, 4, 2024/12/17, 23:08:18.165, 875705817634, testhost.dll, TestPluginCache: TestHosts are ''.
TpTrace Verbose: 0 : 15488, 4, 2024/12/17, 23:08:18.165, 875705819161, testhost.dll, TestPluginCache: DataCollectors are ''.
TpTrace Verbose: 0 : 15488, 4, 2024/12/17, 23:08:18.168, 875705840817, testhost.dll, TestPluginCache.DiscoverTestExtensions: finding test extensions in assemblies ends with: TestAdapter.dll TPluginInfo: Microsoft.VisualStudio.TestPlatform.Common.ExtensionFramework.Utilities.TestExecutorPluginInformation2 TExtension: Microsoft.VisualStudio.TestPlatform.ObjectModel.Adapter.ITestExecutor2
TpTrace Verbose: 0 : 15488, 4, 2024/12/17, 23:08:18.168, 875705843919, testhost.dll, TestPluginCache.GetExtensionPaths: Filtered extension paths: 
TpTrace Verbose: 0 : 15488, 4, 2024/12/17, 23:08:18.168, 875705845194, testhost.dll, TestPluginCache.GetExtensionPaths: Added default extension paths: C:\Users\Глеб\Desktop\proect\proektirovanieIS\ConsoleAppTest\bin\Debug\net8.0\fine-code-coverage\build-output\Microsoft.VisualStudio.TestPlatform.MSTest.TestAdapter.dll
TpTrace Verbose: 0 : 15488, 4, 2024/12/17, 23:08:18.168, 875705847008, testhost.dll, TestPluginCache.GetExtensionPaths: Added unfilterableExtensionPaths: 
TpTrace Information: 0 : 15488, 4, 2024/12/17, 23:08:18.168, 875705849728, testhost.dll, AssemblyResolver.AddSearchDirectories: Adding more searchDirectories C:\Users\Глеб\Desktop\proect\proektirovanieIS\ConsoleAppTest\bin\Debug\net8.0\fine-code-coverage\build-output
TpTrace Verbose: 0 : 15488, 4, 2024/12/17, 23:08:18.169, 875705851048, testhost.dll, TestPluginCache.DiscoverTestExtensions: Discovering the extensions using extension path.
TpTrace Verbose: 0 : 15488, 4, 2024/12/17, 23:08:18.169, 875705852164, testhost.dll, TestPluginCache.GetExtensionPaths: Filtered extension paths: 
TpTrace Verbose: 0 : 15488, 4, 2024/12/17, 23:08:18.169, 875705853817, testhost.dll, TestPluginCache.GetExtensionPaths: Added default extension paths: C:\Users\Глеб\Desktop\proect\proektirovanieIS\ConsoleAppTest\bin\Debug\net8.0\fine-code-coverage\build-output\Microsoft.VisualStudio.TestPlatform.MSTest.TestAdapter.dll
TpTrace Verbose: 0 : 15488, 4, 2024/12/17, 23:08:18.169, 875705854999, testhost.dll, TestPluginCache.GetExtensionPaths: Added unfilterableExtensionPaths: 
TpTrace Verbose: 0 : 15488, 4, 2024/12/17, 23:08:18.169, 875705856163, testhost.dll, TestPluginCache.DiscoverTestExtensions: Discovering the extensions using allExtensionPaths: C:\Users\Глеб\Desktop\proect\proektirovanieIS\ConsoleAppTest\bin\Debug\net8.0\fine-code-coverage\build-output\Microsoft.VisualStudio.TestPlatform.MSTest.TestAdapter.dll
TpTrace Information: 0 : 15488, 4, 2024/12/17, 23:08:18.169, 875705857414, testhost.dll, AssemblyResolver.AddSearchDirectories: Adding more searchDirectories C:\Users\Глеб\Desktop\proect\proektirovanieIS\ConsoleAppTest\bin\Debug\net8.0\fine-code-coverage\build-output
TpTrace Verbose: 0 : 15488, 4, 2024/12/17, 23:08:18.169, 875705858947, testhost.dll, MetadataReaderExtensionsHelper: Discovering extensions inside assembly 'Microsoft.VisualStudio.TestPlatform.MSTest.TestAdapter, Version=14.0.0.0, Culture=neutral, PublicKeyToken=b03f5f7f11d50a3a' file path 'C:\Users\Глеб\Desktop\proect\proektirovanieIS\ConsoleAppTest\bin\Debug\net8.0\fine-code-coverage\build-output\Microsoft.VisualStudio.TestPlatform.MSTest.TestAdapter.dll'
TpTrace Verbose: 0 : 15488, 4, 2024/12/17, 23:08:18.170, 875705865544, testhost.dll, TestPluginCache: Discovered the extensions using extension path ''.
TpTrace Verbose: 0 : 15488, 4, 2024/12/17, 23:08:18.170, 875705866758, testhost.dll, TestPluginCache: Discoverers are ''.
TpTrace Verbose: 0 : 15488, 4, 2024/12/17, 23:08:18.171, 875705874132, testhost.dll, TestPluginCache: Executors are 'executor://MSTestAdapter/v2'.
TpTrace Verbose: 0 : 15488, 4, 2024/12/17, 23:08:18.171, 875705876043, testhost.dll, TestPluginCache: Executors2 are ''.
TpTrace Verbose: 0 : 15488, 4, 2024/12/17, 23:08:18.171, 875705877193, testhost.dll, TestPluginCache: Setting providers are ''.
TpTrace Verbose: 0 : 15488, 4, 2024/12/17, 23:08:18.171, 875705878246, testhost.dll, TestPluginCache: Loggers are ''.
TpTrace Verbose: 0 : 15488, 4, 2024/12/17, 23:08:18.171, 875705879282, testhost.dll, TestPluginCache: TestHosts are ''.
TpTrace Verbose: 0 : 15488, 4, 2024/12/17, 23:08:18.171, 875705880311, testhost.dll, TestPluginCache: DataCollectors are ''.
TpTrace Information: 0 : 15488, 4, 2024/12/17, 23:08:18.178, 875705949799, testhost.dll, TestPluginManager.CreateTestExtension: Attempting to load test extension: Microsoft.VisualStudio.TestPlatform.MSTest.TestAdapter.MSTestExecutor
TpTrace Verbose: 0 : 15488, 4, 2024/12/17, 23:08:18.185, 875706012544, testhost.dll, TestExecutorExtensionManager: Loading executor Microsoft.VisualStudio.TestPlatform.Common.ExtensionDecorators.SerialTestRunDecorator
TpTrace Verbose: 0 : 15488, 4, 2024/12/17, 23:08:18.185, 875706014688, testhost.dll, TestExecutorService: Loaded the executors
TpTrace Verbose: 0 : 15488, 4, 2024/12/17, 23:08:18.186, 875706021552, testhost.dll, TestPluginCache.DiscoverTestExtensions: finding test extensions in assemblies ends with: TestAdapter.dll TPluginInfo: Microsoft.VisualStudio.TestPlatform.Common.ExtensionFramework.Utilities.TestSettingsProviderPluginInformation TExtension: Microsoft.VisualStudio.TestPlatform.ObjectModel.Adapter.ISettingsProvider
TpTrace Verbose: 0 : 15488, 4, 2024/12/17, 23:08:18.186, 875706023895, testhost.dll, TestPluginCache.GetExtensionPaths: Filtered extension paths: 
TpTrace Verbose: 0 : 15488, 4, 2024/12/17, 23:08:18.186, 875706025260, testhost.dll, TestPluginCache.GetExtensionPaths: Added default extension paths: C:\Users\Глеб\Desktop\proect\proektirovanieIS\ConsoleAppTest\bin\Debug\net8.0\fine-code-coverage\build-output\Microsoft.VisualStudio.TestPlatform.MSTest.TestAdapter.dll
TpTrace Verbose: 0 : 15488, 4, 2024/12/17, 23:08:18.186, 875706026423, testhost.dll, TestPluginCache.GetExtensionPaths: Added unfilterableExtensionPaths: 
TpTrace Information: 0 : 15488, 4, 2024/12/17, 23:08:18.186, 875706028685, testhost.dll, AssemblyResolver.AddSearchDirectories: Adding more searchDirectories C:\Users\Глеб\Desktop\proect\proektirovanieIS\ConsoleAppTest\bin\Debug\net8.0\fine-code-coverage\build-output
TpTrace Verbose: 0 : 15488, 4, 2024/12/17, 23:08:18.186, 875706029929, testhost.dll, TestPluginCache.DiscoverTestExtensions: Discovering the extensions using extension path.
TpTrace Verbose: 0 : 15488, 4, 2024/12/17, 23:08:18.187, 875706031060, testhost.dll, TestPluginCache.GetExtensionPaths: Filtered extension paths: 
TpTrace Verbose: 0 : 15488, 4, 2024/12/17, 23:08:18.187, 875706032147, testhost.dll, TestPluginCache.GetExtensionPaths: Added default extension paths: C:\Users\Глеб\Desktop\proect\proektirovanieIS\ConsoleAppTest\bin\Debug\net8.0\fine-code-coverage\build-output\Microsoft.VisualStudio.TestPlatform.MSTest.TestAdapter.dll
TpTrace Verbose: 0 : 15488, 4, 2024/12/17, 23:08:18.187, 875706033433, testhost.dll, TestPluginCache.GetExtensionPaths: Added unfilterableExtensionPaths: 
TpTrace Verbose: 0 : 15488, 4, 2024/12/17, 23:08:18.187, 875706034614, testhost.dll, TestPluginCache.DiscoverTestExtensions: Discovering the extensions using allExtensionPaths: C:\Users\Глеб\Desktop\proect\proektirovanieIS\ConsoleAppTest\bin\Debug\net8.0\fine-code-coverage\build-output\Microsoft.VisualStudio.TestPlatform.MSTest.TestAdapter.dll
TpTrace Information: 0 : 15488, 4, 2024/12/17, 23:08:18.187, 875706035902, testhost.dll, AssemblyResolver.AddSearchDirectories: Adding more searchDirectories C:\Users\Глеб\Desktop\proect\proektirovanieIS\ConsoleAppTest\bin\Debug\net8.0\fine-code-coverage\build-output
TpTrace Verbose: 0 : 15488, 4, 2024/12/17, 23:08:18.187, 875706037568, testhost.dll, MetadataReaderExtensionsHelper: Discovering extensions inside assembly 'Microsoft.VisualStudio.TestPlatform.MSTest.TestAdapter, Version=14.0.0.0, Culture=neutral, PublicKeyToken=b03f5f7f11d50a3a' file path 'C:\Users\Глеб\Desktop\proect\proektirovanieIS\ConsoleAppTest\bin\Debug\net8.0\fine-code-coverage\build-output\Microsoft.VisualStudio.TestPlatform.MSTest.TestAdapter.dll'
TpTrace Verbose: 0 : 15488, 4, 2024/12/17, 23:08:18.188, 875706044389, testhost.dll, TestPluginCache: Discovered the extensions using extension path ''.
TpTrace Verbose: 0 : 15488, 4, 2024/12/17, 23:08:18.188, 875706045808, testhost.dll, TestPluginCache: Discoverers are ''.
TpTrace Verbose: 0 : 15488, 4, 2024/12/17, 23:08:18.188, 875706047050, testhost.dll, TestPluginCache: Executors are 'executor://MSTestAdapter/v2'.
TpTrace Verbose: 0 : 15488, 4, 2024/12/17, 23:08:18.188, 875706048161, testhost.dll, TestPluginCache: Executors2 are ''.
TpTrace Verbose: 0 : 15488, 4, 2024/12/17, 23:08:18.188, 875706049691, testhost.dll, TestPluginCache: Setting providers are ''.
TpTrace Verbose: 0 : 15488, 4, 2024/12/17, 23:08:18.189, 875706050855, testhost.dll, TestPluginCache: Loggers are ''.
TpTrace Verbose: 0 : 15488, 4, 2024/12/17, 23:08:18.189, 875706051980, testhost.dll, TestPluginCache: TestHosts are ''.
TpTrace Verbose: 0 : 15488, 4, 2024/12/17, 23:08:18.189, 875706053821, testhost.dll, TestPluginCache: DataCollectors are ''.
TpTrace Verbose: 0 : 15488, 4, 2024/12/17, 23:08:18.190, 875706064879, testhost.dll, TestExecutorService: Loaded the settings providers
TpTrace Information: 0 : 15488, 4, 2024/12/17, 23:08:18.190, 875706067569, testhost.dll, TestExecutorService: Loaded the extensions
TpTrace Information: 0 : 15488, 4, 2024/12/17, 23:08:18.191, 875706075563, testhost.dll, TestRequestHandler.OnMessageReceived: Running job 'TestExecution.StartWithSources'.
TpTrace Verbose: 0 : 15488, 4, 2024/12/17, 23:08:18.267, 875706830742, testhost.dll, MulticastDelegateUtilities.SafeInvoke: TestCaseEventsHandler.RaiseSessionStart: Invoking callbacks was skipped because there are no subscribers.
TpTrace Information: 0 : 15488, 4, 2024/12/17, 23:08:18.269, 875706856157, testhost.dll, TestDiscoveryManager: Discovering tests from sources C:\Users\Глеб\Desktop\proect\proektirovanieIS\ConsoleAppTest\bin\Debug\net8.0\fine-code-coverage\build-output\ConsoleAppTest.dll
TpTrace Verbose: 0 : 15488, 4, 2024/12/17, 23:08:18.271, 875706879976, testhost.dll, TestPluginCache.DiscoverTestExtensions: finding test extensions in assemblies ends with: TestAdapter.dll TPluginInfo: Microsoft.VisualStudio.TestPlatform.Common.ExtensionFramework.Utilities.TestDiscovererPluginInformation TExtension: Microsoft.VisualStudio.TestPlatform.ObjectModel.Adapter.ITestDiscoverer
TpTrace Verbose: 0 : 15488, 4, 2024/12/17, 23:08:18.272, 875706882496, testhost.dll, TestPluginCache.GetExtensionPaths: Filtered extension paths: 
TpTrace Verbose: 0 : 15488, 4, 2024/12/17, 23:08:18.272, 875706883880, testhost.dll, TestPluginCache.GetExtensionPaths: Added default extension paths: C:\Users\Глеб\Desktop\proect\proektirovanieIS\ConsoleAppTest\bin\Debug\net8.0\fine-code-coverage\build-output\Microsoft.VisualStudio.TestPlatform.MSTest.TestAdapter.dll
TpTrace Verbose: 0 : 15488, 4, 2024/12/17, 23:08:18.272, 875706885041, testhost.dll, TestPluginCache.GetExtensionPaths: Added unfilterableExtensionPaths: 
TpTrace Information: 0 : 15488, 4, 2024/12/17, 23:08:18.272, 875706887455, testhost.dll, AssemblyResolver.AddSearchDirectories: Adding more searchDirectories C:\Users\Глеб\Desktop\proect\proektirovanieIS\ConsoleAppTest\bin\Debug\net8.0\fine-code-coverage\build-output
TpTrace Verbose: 0 : 15488, 4, 2024/12/17, 23:08:18.272, 875706888789, testhost.dll, TestPluginCache.DiscoverTestExtensions: Discovering the extensions using extension path.
TpTrace Verbose: 0 : 15488, 4, 2024/12/17, 23:08:18.272, 875706889958, testhost.dll, TestPluginCache.GetExtensionPaths: Filtered extension paths: 
TpTrace Verbose: 0 : 15488, 4, 2024/12/17, 23:08:18.273, 875706891050, testhost.dll, TestPluginCache.GetExtensionPaths: Added default extension paths: C:\Users\Глеб\Desktop\proect\proektirovanieIS\ConsoleAppTest\bin\Debug\net8.0\fine-code-coverage\build-output\Microsoft.VisualStudio.TestPlatform.MSTest.TestAdapter.dll
TpTrace Verbose: 0 : 15488, 4, 2024/12/17, 23:08:18.273, 875706892679, testhost.dll, TestPluginCache.GetExtensionPaths: Added unfilterableExtensionPaths: 
TpTrace Verbose: 0 : 15488, 4, 2024/12/17, 23:08:18.273, 875706894505, testhost.dll, TestPluginCache.DiscoverTestExtensions: Discovering the extensions using allExtensionPaths: C:\Users\Глеб\Desktop\proect\proektirovanieIS\ConsoleAppTest\bin\Debug\net8.0\fine-code-coverage\build-output\Microsoft.VisualStudio.TestPlatform.MSTest.TestAdapter.dll
TpTrace Information: 0 : 15488, 4, 2024/12/17, 23:08:18.273, 875706896060, testhost.dll, AssemblyResolver.AddSearchDirectories: Adding more searchDirectories C:\Users\Глеб\Desktop\proect\proektirovanieIS\ConsoleAppTest\bin\Debug\net8.0\fine-code-coverage\build-output
TpTrace Verbose: 0 : 15488, 4, 2024/12/17, 23:08:18.273, 875706897894, testhost.dll, MetadataReaderExtensionsHelper: Discovering extensions inside assembly 'Microsoft.VisualStudio.TestPlatform.MSTest.TestAdapter, Version=14.0.0.0, Culture=neutral, PublicKeyToken=b03f5f7f11d50a3a' file path 'C:\Users\Глеб\Desktop\proect\proektirovanieIS\ConsoleAppTest\bin\Debug\net8.0\fine-code-coverage\build-output\Microsoft.VisualStudio.TestPlatform.MSTest.TestAdapter.dll'
TpTrace Information: 0 : 15488, 4, 2024/12/17, 23:08:18.276, 875706925328, testhost.dll, GetTestExtensionFromType: Register extension with identifier data 'Microsoft.VisualStudio.TestPlatform.MSTest.TestAdapter.MSTestDiscoverer, Microsoft.VisualStudio.TestPlatform.MSTest.TestAdapter, Version=14.0.0.0, Culture=neutral, PublicKeyToken=b03f5f7f11d50a3a' and type 'Microsoft.VisualStudio.TestPlatform.MSTest.TestAdapter.MSTestDiscoverer, Microsoft.VisualStudio.TestPlatform.MSTest.TestAdapter, Version=14.0.0.0, Culture=neutral, PublicKeyToken=b03f5f7f11d50a3a' inside file 'C:\Users\Глеб\Desktop\proect\proektirovanieIS\ConsoleAppTest\bin\Debug\net8.0\fine-code-coverage\build-output\Microsoft.VisualStudio.TestPlatform.MSTest.TestAdapter.dll'
TpTrace Verbose: 0 : 15488, 4, 2024/12/17, 23:08:18.276, 875706928372, testhost.dll, TestPluginCache: Discovered the extensions using extension path ''.
TpTrace Verbose: 0 : 15488, 4, 2024/12/17, 23:08:18.276, 875706929874, testhost.dll, TestPluginCache: Discoverers are 'Microsoft.VisualStudio.TestPlatform.MSTest.TestAdapter.MSTestDiscoverer, Microsoft.VisualStudio.TestPlatform.MSTest.TestAdapter, Version=14.0.0.0, Culture=neutral, PublicKeyToken=b03f5f7f11d50a3a'.
TpTrace Verbose: 0 : 15488, 4, 2024/12/17, 23:08:18.277, 875706931203, testhost.dll, TestPluginCache: Executors are 'executor://MSTestAdapter/v2'.
TpTrace Verbose: 0 : 15488, 4, 2024/12/17, 23:08:18.277, 875706933013, testhost.dll, TestPluginCache: Executors2 are ''.
TpTrace Verbose: 0 : 15488, 4, 2024/12/17, 23:08:18.277, 875706934209, testhost.dll, TestPluginCache: Setting providers are ''.
TpTrace Verbose: 0 : 15488, 4, 2024/12/17, 23:08:18.277, 875706935289, testhost.dll, TestPluginCache: Loggers are ''.
TpTrace Verbose: 0 : 15488, 4, 2024/12/17, 23:08:18.277, 875706936863, testhost.dll, TestPluginCache: TestHosts are ''.
TpTrace Verbose: 0 : 15488, 4, 2024/12/17, 23:08:18.277, 875706938033, testhost.dll, TestPluginCache: DataCollectors are ''.
TpTrace Verbose: 0 : 15488, 4, 2024/12/17, 23:08:18.283, 875706996031, testhost.dll, BaseRunTests.RunTestInternalWithExecutors: Running tests for executor://MSTestAdapter/v2
TpTrace Information: 0 : 15488, 4, 2024/12/17, 23:08:18.288, 875707043117, testhost.dll, AssemblyResolver.OnResolve: Microsoft.VisualStudio.TestPlatform.MSTestAdapter.PlatformServices: Resolving assembly.
TpTrace Information: 0 : 15488, 4, 2024/12/17, 23:08:18.288, 875707045285, testhost.dll, AssemblyResolver.OnResolve: Microsoft.VisualStudio.TestPlatform.MSTestAdapter.PlatformServices: Searching in: 'C:\Users\Глеб\Desktop\proect\proektirovanieIS\ConsoleAppTest\bin\Debug\net8.0\fine-code-coverage\build-output'.
TpTrace Information: 0 : 15488, 4, 2024/12/17, 23:08:18.288, 875707050170, testhost.dll, AssemblyResolver.OnResolve: Microsoft.VisualStudio.TestPlatform.MSTestAdapter.PlatformServices: Loading assembly 'C:\Users\Глеб\Desktop\proect\proektirovanieIS\ConsoleAppTest\bin\Debug\net8.0\fine-code-coverage\build-output\Microsoft.VisualStudio.TestPlatform.MSTestAdapter.PlatformServices.dll'.
TpTrace Information: 0 : 15488, 4, 2024/12/17, 23:08:18.291, 875707071895, testhost.dll, AssemblyResolver.OnResolve: Resolved assembly: Microsoft.VisualStudio.TestPlatform.MSTestAdapter.PlatformServices, from path: C:\Users\Глеб\Desktop\proect\proektirovanieIS\ConsoleAppTest\bin\Debug\net8.0\fine-code-coverage\build-output\Microsoft.VisualStudio.TestPlatform.MSTestAdapter.PlatformServices.dll
TpTrace Information: 0 : 15488, 4, 2024/12/17, 23:08:18.294, 875707106034, testhost.dll, MSTest - MSTestExecutor.RunTests: Running tests from sources.
TpTrace Information: 0 : 15488, 4, 2024/12/17, 23:08:18.297, 875707137970, testhost.dll, MSTest - CollectSourceInformation value Found : False 
TpTrace Information: 0 : 15488, 4, 2024/12/17, 23:08:18.316, 875707329468, testhost.dll, MSTest - DictionaryHelper.ConcatWithOverwrites: The source is null or empty, returning the overwrite dictionary.
TpTrace Information: 0 : 15488, 4, 2024/12/17, 23:08:18.322, 875707386209, testhost.dll, MSTest - DictionaryHelper.ConcatWithOverwrites: The source is null or empty, returning the overwrite dictionary.
TpTrace Information: 0 : 15488, 4, 2024/12/17, 23:08:18.327, 875707438974, testhost.dll, AssemblyResolver.OnResolve: Microsoft.TestPlatform.AdapterUtilities: Resolving assembly.
TpTrace Information: 0 : 15488, 4, 2024/12/17, 23:08:18.328, 875707441149, testhost.dll, AssemblyResolver.OnResolve: Microsoft.TestPlatform.AdapterUtilities: Searching in: 'C:\Users\Глеб\Desktop\proect\proektirovanieIS\ConsoleAppTest\bin\Debug\net8.0\fine-code-coverage\build-output'.
TpTrace Information: 0 : 15488, 4, 2024/12/17, 23:08:18.328, 875707445927, testhost.dll, AssemblyResolver.OnResolve: Microsoft.TestPlatform.AdapterUtilities: Loading assembly 'C:\Users\Глеб\Desktop\proect\proektirovanieIS\ConsoleAppTest\bin\Debug\net8.0\fine-code-coverage\build-output\Microsoft.TestPlatform.AdapterUtilities.dll'.
TpTrace Information: 0 : 15488, 4, 2024/12/17, 23:08:18.329, 875707453387, testhost.dll, AssemblyResolver.OnResolve: Resolved assembly: Microsoft.TestPlatform.AdapterUtilities, from path: C:\Users\Глеб\Desktop\proect\proektirovanieIS\ConsoleAppTest\bin\Debug\net8.0\fine-code-coverage\build-output\Microsoft.TestPlatform.AdapterUtilities.dll
TpTrace Information: 0 : 15488, 4, 2024/12/17, 23:08:18.351, 875707671364, testhost.dll, MSTest - DictionaryHelper.ConcatWithOverwrites: The source is null or empty, returning the overwrite dictionary.
TpTrace Information: 0 : 15488, 4, 2024/12/17, 23:08:18.352, 875707683256, testhost.dll, MSTest - DictionaryHelper.ConcatWithOverwrites: The source is null or empty, returning the overwrite dictionary.
TpTrace Information: 0 : 15488, 4, 2024/12/17, 23:08:18.352, 875707686930, testhost.dll, MSTest - MSTestDiscoverer: Found 4 tests from source C:\Users\Глеб\Desktop\proect\proektirovanieIS\ConsoleAppTest\bin\Debug\net8.0\fine-code-coverage\build-output\ConsoleAppTest.dll
TpTrace Information: 0 : 15488, 4, 2024/12/17, 23:08:18.385, 875708011227, testhost.dll, AssemblyResolver.OnResolve: Microsoft.VisualStudio.TestPlatform.ObjectModel.resources: Resolving assembly.
TpTrace Information: 0 : 15488, 4, 2024/12/17, 23:08:18.385, 875708013427, testhost.dll, AssemblyResolver.OnResolve: Microsoft.VisualStudio.TestPlatform.ObjectModel.resources: Searching in: 'C:\Users\Глеб\Desktop\proect\proektirovanieIS\ConsoleAppTest\bin\Debug\net8.0\fine-code-coverage\build-output'.
TpTrace Information: 0 : 15488, 4, 2024/12/17, 23:08:18.385, 875708015497, testhost.dll, AssemblyResolver.OnResolve: Microsoft.VisualStudio.TestPlatform.ObjectModel.resources: Assembly path does not exist: 'C:\Users\Глеб\Desktop\proect\proektirovanieIS\ConsoleAppTest\bin\Debug\net8.0\fine-code-coverage\build-output\Microsoft.VisualStudio.TestPlatform.ObjectModel.resources.dll', returning.
TpTrace Information: 0 : 15488, 4, 2024/12/17, 23:08:18.385, 875708017385, testhost.dll, AssemblyResolver.OnResolve: Microsoft.VisualStudio.TestPlatform.ObjectModel.resources: Assembly path does not exist: 'C:\Users\Глеб\Desktop\proect\proektirovanieIS\ConsoleAppTest\bin\Debug\net8.0\fine-code-coverage\build-output\Microsoft.VisualStudio.TestPlatform.ObjectModel.resources.exe', returning.
TpTrace Information: 0 : 15488, 4, 2024/12/17, 23:08:18.385, 875708018666, testhost.dll, AssemblyResolver.OnResolve: Microsoft.VisualStudio.TestPlatform.ObjectModel.resources: Failed to load assembly.
TpTrace Information: 0 : 15488, 4, 2024/12/17, 23:08:18.395, 875708118723, testhost.dll, AssemblyResolver.OnResolve: Microsoft.VisualStudio.TestPlatform.MSTestAdapter.PlatformServices.resources: Resolving assembly.
TpTrace Information: 0 : 15488, 4, 2024/12/17, 23:08:18.396, 875708120821, testhost.dll, AssemblyResolver.OnResolve: Microsoft.VisualStudio.TestPlatform.MSTestAdapter.PlatformServices.resources: Searching in: 'C:\Users\Глеб\Desktop\proect\proektirovanieIS\ConsoleAppTest\bin\Debug\net8.0\fine-code-coverage\build-output'.
TpTrace Information: 0 : 15488, 4, 2024/12/17, 23:08:18.396, 875708122643, testhost.dll, AssemblyResolver.OnResolve: Microsoft.VisualStudio.TestPlatform.MSTestAdapter.PlatformServices.resources: Assembly path does not exist: 'C:\Users\Глеб\Desktop\proect\proektirovanieIS\ConsoleAppTest\bin\Debug\net8.0\fine-code-coverage\build-output\Microsoft.VisualStudio.TestPlatform.MSTestAdapter.PlatformServices.resources.dll', returning.
TpTrace Information: 0 : 15488, 4, 2024/12/17, 23:08:18.396, 875708124901, testhost.dll, AssemblyResolver.OnResolve: Microsoft.VisualStudio.TestPlatform.MSTestAdapter.PlatformServices.resources: Assembly path does not exist: 'C:\Users\Глеб\Desktop\proect\proektirovanieIS\ConsoleAppTest\bin\Debug\net8.0\fine-code-coverage\build-output\Microsoft.VisualStudio.TestPlatform.MSTestAdapter.PlatformServices.resources.exe', returning.
TpTrace Information: 0 : 15488, 4, 2024/12/17, 23:08:18.396, 875708126149, testhost.dll, AssemblyResolver.OnResolve: Microsoft.VisualStudio.TestPlatform.MSTestAdapter.PlatformServices.resources: Failed to load assembly.
TpTrace Information: 0 : 15488, 4, 2024/12/17, 23:08:18.396, 875708128814, testhost.dll, AssemblyResolver.OnResolve: Microsoft.VisualStudio.TestPlatform.MSTestAdapter.PlatformServices.resources: Resolving assembly.
TpTrace Information: 0 : 15488, 4, 2024/12/17, 23:08:18.396, 875708130006, testhost.dll, AssemblyResolver.OnResolve: Microsoft.VisualStudio.TestPlatform.MSTestAdapter.PlatformServices.resources: Resolved from cache.
TpTrace Information: 0 : 15488, 4, 2024/12/17, 23:08:18.436, 875708520838, testhost.dll, MSTest - Created unit-test runner C:\Users\Глеб\Desktop\proect\proektirovanieIS\ConsoleAppTest\bin\Debug\net8.0\fine-code-coverage\build-output\ConsoleAppTest.dll
TpTrace Verbose: 0 : 15488, 4, 2024/12/17, 23:08:18.454, 875708709378, testhost.dll, TestExecutionRecorder.RecordStart: Starting test: ConsoleAppTest.DataAccessTests.AllMethods_AccessDataThenAddData_WorksAsIntented.
TpTrace Verbose: 0 : 15488, 4, 2024/12/17, 23:08:18.754, 875711704854, testhost.dll, MulticastDelegateUtilities.SafeInvoke: TestCaseEventsHandler.RaiseTestCaseStart: Invoking callback 1/1 for Microsoft.VisualStudio.TestPlatform.CrossPlatEngine.DataCollection.ProxyOutOfProcDataCollectionManager., took 289 ms.
TpTrace Information: 0 : 15488, 4, 2024/12/17, 23:08:18.756, 875711721411, testhost.dll, MSTest - Executing test AllMethods_AccessDataThenAddData_WorksAsIntented
TpTrace Information: 0 : 15488, 4, 2024/12/17, 23:08:18.773, 875711891685, testhost.dll, AssemblyResolver.OnResolve: Microsoft.VisualStudio.TestPlatform.MSTest.TestAdapter.resources: Resolving assembly.
TpTrace Information: 0 : 15488, 4, 2024/12/17, 23:08:18.773, 875711894020, testhost.dll, AssemblyResolver.OnResolve: Microsoft.VisualStudio.TestPlatform.MSTest.TestAdapter.resources: Searching in: 'C:\Users\Глеб\Desktop\proect\proektirovanieIS\ConsoleAppTest\bin\Debug\net8.0\fine-code-coverage\build-output'.
TpTrace Information: 0 : 15488, 4, 2024/12/17, 23:08:18.773, 875711896143, testhost.dll, AssemblyResolver.OnResolve: Microsoft.VisualStudio.TestPlatform.MSTest.TestAdapter.resources: Assembly path does not exist: 'C:\Users\Глеб\Desktop\proect\proektirovanieIS\ConsoleAppTest\bin\Debug\net8.0\fine-code-coverage\build-output\Microsoft.VisualStudio.TestPlatform.MSTest.TestAdapter.resources.dll', returning.
TpTrace Information: 0 : 15488, 4, 2024/12/17, 23:08:18.773, 875711898001, testhost.dll, AssemblyResolver.OnResolve: Microsoft.VisualStudio.TestPlatform.MSTest.TestAdapter.resources: Assembly path does not exist: 'C:\Users\Глеб\Desktop\proect\proektirovanieIS\ConsoleAppTest\bin\Debug\net8.0\fine-code-coverage\build-output\Microsoft.VisualStudio.TestPlatform.MSTest.TestAdapter.resources.exe', returning.
TpTrace Information: 0 : 15488, 4, 2024/12/17, 23:08:18.773, 875711899387, testhost.dll, AssemblyResolver.OnResolve: Microsoft.VisualStudio.TestPlatform.MSTest.TestAdapter.resources: Failed to load assembly.
TpTrace Information: 0 : 15488, 4, 2024/12/17, 23:08:18.774, 875711902425, testhost.dll, AssemblyResolver.OnResolve: Microsoft.VisualStudio.TestPlatform.MSTest.TestAdapter.resources: Resolving assembly.
TpTrace Information: 0 : 15488, 4, 2024/12/17, 23:08:18.774, 875711903786, testhost.dll, AssemblyResolver.OnResolve: Microsoft.VisualStudio.TestPlatform.MSTest.TestAdapter.resources: Resolved from cache.
TpTrace Information: 0 : 15488, 4, 2024/12/17, 23:08:18.792, 875712084805, testhost.dll, MSTest - Executed test AllMethods_AccessDataThenAddData_WorksAsIntented
TpTrace Verbose: 0 : 15488, 4, 2024/12/17, 23:08:18.795, 875712115622, testhost.dll, TestExecutionRecorder.RecordEnd: test: ConsoleAppTest.DataAccessTests.AllMethods_AccessDataThenAddData_WorksAsIntented execution completed.
TpTrace Verbose: 0 : 15488, 4, 2024/12/17, 23:08:18.810, 875712269561, testhost.dll, MulticastDelegateUtilities.SafeInvoke: TestCaseEventsHandler.RaiseTestCaseEnd: Invoking callback 1/1 for Microsoft.VisualStudio.TestPlatform.CrossPlatEngine.DataCollection.ProxyOutOfProcDataCollectionManager., took 14 ms.
TpTrace Information: 0 : 15488, 4, 2024/12/17, 23:08:18.812, 875712281847, testhost.dll, MSTest - MSTestExecutor:Test ConsoleAppTest.DataAccessTests.AllMethods_AccessDataThenAddData_WorksAsIntented failed. ErrorMessage:Test method ConsoleAppTest.DataAccessTests.AllMethods_AccessDataThenAddData_WorksAsIntented threw exception: 
System.BadImageFormatException: Could not load file or assembly 'C:\Users\Глеб\Desktop\proect\proektirovanieIS\ConsoleAppTest\bin\Debug\net8.0\fine-code-coverage\build-output\ConsoleAppStruct.exe'. Format of the executable (.exe) or library (.dll) is invalid., ErrorStackTrace:    at ConsoleAppTest.DataAccessTests.AllMethods_AccessDataThenAddData_WorksAsIntented()
   at System.RuntimeMethodHandle.InvokeMethod(Object target, Void** arguments, Signature sig, Boolean isConstructor)
   at System.Reflection.MethodBaseInvoker.InvokeWithNoArgs(Object obj, BindingFlags invokeAttr)
.
TpTrace Verbose: 0 : 15488, 4, 2024/12/17, 23:08:18.812, 875712285566, testhost.dll, TestExecutionRecorder.RecordResult: Received result for test: ConsoleAppTest.DataAccessTests.AllMethods_AccessDataThenAddData_WorksAsIntented.
TpTrace Verbose: 0 : 15488, 4, 2024/12/17, 23:08:18.813, 875712296806, testhost.dll, MulticastDelegateUtilities.SafeInvoke: TestCaseEventsHandler.RaiseTestCaseEnd: Invoking callback 1/1 for Microsoft.VisualStudio.TestPlatform.CrossPlatEngine.DataCollection.ProxyOutOfProcDataCollectionManager., took 0 ms.
TpTrace Warning: 0 : 15488, 4, 2024/12/17, 23:08:18.815, 875712317759, testhost.dll, TestRunCache: InProgressTests is null
TpTrace Warning: 0 : 15488, 4, 2024/12/17, 23:08:18.815, 875712320119, testhost.dll, TestRunCache: No test found corresponding to testResult 'AllMethods_AccessDataThenAddData_WorksAsIntented' in inProgress list.
TpTrace Verbose: 0 : 15488, 4, 2024/12/17, 23:08:18.816, 875712322288, testhost.dll, TestExecutionRecorder.RecordStart: Starting test: ConsoleAppTest.DataProcessingTests.ConvertToCorrespondingClass_ConvertToALectionAndCheckIfInfoIsCorrect_LectionSubject.
TpTrace Verbose: 0 : 15488, 4, 2024/12/17, 23:08:18.819, 875712351931, testhost.dll, MulticastDelegateUtilities.SafeInvoke: TestCaseEventsHandler.RaiseTestCaseStart: Invoking callback 1/1 for Microsoft.VisualStudio.TestPlatform.CrossPlatEngine.DataCollection.ProxyOutOfProcDataCollectionManager., took 2 ms.
TpTrace Information: 0 : 15488, 4, 2024/12/17, 23:08:18.819, 875712354155, testhost.dll, MSTest - Executing test ConvertToCorrespondingClass_ConvertToALectionAndCheckIfInfoIsCorrect_LectionSubject
TpTrace Information: 0 : 15488, 4, 2024/12/17, 23:08:18.820, 875712367818, testhost.dll, MSTest - Executed test ConvertToCorrespondingClass_ConvertToALectionAndCheckIfInfoIsCorrect_LectionSubject
TpTrace Verbose: 0 : 15488, 4, 2024/12/17, 23:08:18.820, 875712369715, testhost.dll, TestExecutionRecorder.RecordEnd: test: ConsoleAppTest.DataProcessingTests.ConvertToCorrespondingClass_ConvertToALectionAndCheckIfInfoIsCorrect_LectionSubject execution completed.
TpTrace Verbose: 0 : 15488, 4, 2024/12/17, 23:08:18.824, 875712401781, testhost.dll, MulticastDelegateUtilities.SafeInvoke: TestCaseEventsHandler.RaiseTestCaseEnd: Invoking callback 1/1 for Microsoft.VisualStudio.TestPlatform.CrossPlatEngine.DataCollection.ProxyOutOfProcDataCollectionManager., took 3 ms.
TpTrace Information: 0 : 15488, 4, 2024/12/17, 23:08:18.824, 875712404193, testhost.dll, MSTest - MSTestExecutor:Test ConsoleAppTest.DataProcessingTests.ConvertToCorrespondingClass_ConvertToALectionAndCheckIfInfoIsCorrect_LectionSubject failed. ErrorMessage:Test method ConsoleAppTest.DataProcessingTests.ConvertToCorrespondingClass_ConvertToALectionAndCheckIfInfoIsCorrect_LectionSubject threw exception: 
System.BadImageFormatException: Could not load file or assembly 'C:\Users\Глеб\Desktop\proect\proektirovanieIS\ConsoleAppTest\bin\Debug\net8.0\fine-code-coverage\build-output\ConsoleAppStruct.exe'. Format of the executable (.exe) or library (.dll) is invalid., ErrorStackTrace:    at ConsoleAppTest.DataProcessingTests.ConvertToCorrespondingClass_ConvertToALectionAndCheckIfInfoIsCorrect_LectionSubject()
   at System.RuntimeMethodHandle.InvokeMethod(Object target, Void** arguments, Signature sig, Boolean isConstructor)
   at System.Reflection.MethodBaseInvoker.InvokeWithNoArgs(Object obj, BindingFlags invokeAttr)
.
TpTrace Verbose: 0 : 15488, 4, 2024/12/17, 23:08:18.824, 875712405830, testhost.dll, TestExecutionRecorder.RecordResult: Received result for test: ConsoleAppTest.DataProcessingTests.ConvertToCorrespondingClass_ConvertToALectionAndCheckIfInfoIsCorrect_LectionSubject.
TpTrace Verbose: 0 : 15488, 4, 2024/12/17, 23:08:18.824, 875712410208, testhost.dll, MulticastDelegateUtilities.SafeInvoke: TestCaseEventsHandler.RaiseTestCaseEnd: Invoking callback 1/1 for Microsoft.VisualStudio.TestPlatform.CrossPlatEngine.DataCollection.ProxyOutOfProcDataCollectionManager., took 0 ms.
TpTrace Warning: 0 : 15488, 4, 2024/12/17, 23:08:18.825, 875712415672, testhost.dll, TestRunCache: InProgressTests is null
TpTrace Warning: 0 : 15488, 4, 2024/12/17, 23:08:18.825, 875712417006, testhost.dll, TestRunCache: No test found corresponding to testResult 'ConvertToCorrespondingClass_ConvertToALectionAndCheckIfInfoIsCorrect_LectionSubject' in inProgress list.
TpTrace Verbose: 0 : 15488, 4, 2024/12/17, 23:08:18.825, 875712418968, testhost.dll, TestExecutionRecorder.RecordStart: Starting test: ConsoleAppTest.DataProcessingTests.ConvertToCorrespondingClass_ConvertToAPracticeAndCheckIfInfoIsCorrect_PracticeSubject.
TpTrace Verbose: 0 : 15488, 4, 2024/12/17, 23:08:18.827, 875712439196, testhost.dll, MulticastDelegateUtilities.SafeInvoke: TestCaseEventsHandler.RaiseTestCaseStart: Invoking callback 1/1 for Microsoft.VisualStudio.TestPlatform.CrossPlatEngine.DataCollection.ProxyOutOfProcDataCollectionManager., took 1 ms.
TpTrace Information: 0 : 15488, 4, 2024/12/17, 23:08:18.828, 875712440995, testhost.dll, MSTest - Executing test ConvertToCorrespondingClass_ConvertToAPracticeAndCheckIfInfoIsCorrect_PracticeSubject
TpTrace Information: 0 : 15488, 4, 2024/12/17, 23:08:18.829, 875712451306, testhost.dll, MSTest - Executed test ConvertToCorrespondingClass_ConvertToAPracticeAndCheckIfInfoIsCorrect_PracticeSubject
TpTrace Verbose: 0 : 15488, 4, 2024/12/17, 23:08:18.829, 875712452883, testhost.dll, TestExecutionRecorder.RecordEnd: test: ConsoleAppTest.DataProcessingTests.ConvertToCorrespondingClass_ConvertToAPracticeAndCheckIfInfoIsCorrect_PracticeSubject execution completed.
TpTrace Verbose: 0 : 15488, 4, 2024/12/17, 23:08:18.835, 875712510576, testhost.dll, MulticastDelegateUtilities.SafeInvoke: TestCaseEventsHandler.RaiseTestCaseEnd: Invoking callback 1/1 for Microsoft.VisualStudio.TestPlatform.CrossPlatEngine.DataCollection.ProxyOutOfProcDataCollectionManager., took 5 ms.
TpTrace Information: 0 : 15488, 4, 2024/12/17, 23:08:18.835, 875712512541, testhost.dll, MSTest - MSTestExecutor:Test ConsoleAppTest.DataProcessingTests.ConvertToCorrespondingClass_ConvertToAPracticeAndCheckIfInfoIsCorrect_PracticeSubject failed. ErrorMessage:Test method ConsoleAppTest.DataProcessingTests.ConvertToCorrespondingClass_ConvertToAPracticeAndCheckIfInfoIsCorrect_PracticeSubject threw exception: 
System.BadImageFormatException: Could not load file or assembly 'C:\Users\Глеб\Desktop\proect\proektirovanieIS\ConsoleAppTest\bin\Debug\net8.0\fine-code-coverage\build-output\ConsoleAppStruct.exe'. Format of the executable (.exe) or library (.dll) is invalid., ErrorStackTrace:    at ConsoleAppTest.DataProcessingTests.ConvertToCorrespondingClass_ConvertToAPracticeAndCheckIfInfoIsCorrect_PracticeSubject()
   at System.RuntimeMethodHandle.InvokeMethod(Object target, Void** arguments, Signature sig, Boolean isConstructor)
   at System.Reflection.MethodBaseInvoker.InvokeWithNoArgs(Object obj, BindingFlags invokeAttr)
.
TpTrace Verbose: 0 : 15488, 4, 2024/12/17, 23:08:18.835, 875712514439, testhost.dll, TestExecutionRecorder.RecordResult: Received result for test: ConsoleAppTest.DataProcessingTests.ConvertToCorrespondingClass_ConvertToAPracticeAndCheckIfInfoIsCorrect_PracticeSubject.
TpTrace Verbose: 0 : 15488, 4, 2024/12/17, 23:08:18.835, 875712516031, testhost.dll, MulticastDelegateUtilities.SafeInvoke: TestCaseEventsHandler.RaiseTestCaseEnd: Invoking callback 1/1 for Microsoft.VisualStudio.TestPlatform.CrossPlatEngine.DataCollection.ProxyOutOfProcDataCollectionManager., took 0 ms.
TpTrace Warning: 0 : 15488, 4, 2024/12/17, 23:08:18.835, 875712517297, testhost.dll, TestRunCache: InProgressTests is null
TpTrace Warning: 0 : 15488, 4, 2024/12/17, 23:08:18.835, 875712518463, testhost.dll, TestRunCache: No test found corresponding to testResult 'ConvertToCorrespondingClass_ConvertToAPracticeAndCheckIfInfoIsCorrect_PracticeSubject' in inProgress list.
TpTrace Verbose: 0 : 15488, 4, 2024/12/17, 23:08:18.835, 875712520350, testhost.dll, TestExecutionRecorder.RecordStart: Starting test: ConsoleAppTest.DataProcessingTests.GetParameters_ConvertStringParametersToDictionary_Dictionary.
TpTrace Verbose: 0 : 15488, 4, 2024/12/17, 23:08:18.837, 875712539471, testhost.dll, MulticastDelegateUtilities.SafeInvoke: TestCaseEventsHandler.RaiseTestCaseStart: Invoking callback 1/1 for Microsoft.VisualStudio.TestPlatform.CrossPlatEngine.DataCollection.ProxyOutOfProcDataCollectionManager., took 1 ms.
TpTrace Information: 0 : 15488, 4, 2024/12/17, 23:08:18.838, 875712541021, testhost.dll, MSTest - Executing test GetParameters_ConvertStringParametersToDictionary_Dictionary
TpTrace Information: 0 : 15488, 4, 2024/12/17, 23:08:18.840, 875712563576, testhost.dll, MSTest - Executed test GetParameters_ConvertStringParametersToDictionary_Dictionary
TpTrace Verbose: 0 : 15488, 4, 2024/12/17, 23:08:18.840, 875712565218, testhost.dll, TestExecutionRecorder.RecordEnd: test: ConsoleAppTest.DataProcessingTests.GetParameters_ConvertStringParametersToDictionary_Dictionary execution completed.
TpTrace Verbose: 0 : 15488, 4, 2024/12/17, 23:08:18.842, 875712587499, testhost.dll, MulticastDelegateUtilities.SafeInvoke: TestCaseEventsHandler.RaiseTestCaseEnd: Invoking callback 1/1 for Microsoft.VisualStudio.TestPlatform.CrossPlatEngine.DataCollection.ProxyOutOfProcDataCollectionManager., took 2 ms.
TpTrace Information: 0 : 15488, 4, 2024/12/17, 23:08:18.842, 875712589390, testhost.dll, MSTest - MSTestExecutor:Test ConsoleAppTest.DataProcessingTests.GetParameters_ConvertStringParametersToDictionary_Dictionary failed. ErrorMessage:Test method ConsoleAppTest.DataProcessingTests.GetParameters_ConvertStringParametersToDictionary_Dictionary threw exception: 
System.BadImageFormatException: Could not load file or assembly 'C:\Users\Глеб\Desktop\proect\proektirovanieIS\ConsoleAppTest\bin\Debug\net8.0\fine-code-coverage\build-output\ConsoleAppStruct.exe'. Format of the executable (.exe) or library (.dll) is invalid., ErrorStackTrace:    at ConsoleAppTest.DataProcessingTests.GetParameters_ConvertStringParametersToDictionary_Dictionary()
   at System.RuntimeMethodHandle.InvokeMethod(Object target, Void** arguments, Signature sig, Boolean isConstructor)
   at System.Reflection.MethodBaseInvoker.InvokeWithNoArgs(Object obj, BindingFlags invokeAttr)
.
TpTrace Verbose: 0 : 15488, 4, 2024/12/17, 23:08:18.843, 875712590766, testhost.dll, TestExecutionRecorder.RecordResult: Received result for test: ConsoleAppTest.DataProcessingTests.GetParameters_ConvertStringParametersToDictionary_Dictionary.
TpTrace Verbose: 0 : 15488, 4, 2024/12/17, 23:08:18.843, 875712592291, testhost.dll, MulticastDelegateUtilities.SafeInvoke: TestCaseEventsHandler.RaiseTestCaseEnd: Invoking callback 1/1 for Microsoft.VisualStudio.TestPlatform.CrossPlatEngine.DataCollection.ProxyOutOfProcDataCollectionManager., took 0 ms.
TpTrace Warning: 0 : 15488, 4, 2024/12/17, 23:08:18.843, 875712593846, testhost.dll, TestRunCache: InProgressTests is null
TpTrace Warning: 0 : 15488, 4, 2024/12/17, 23:08:18.843, 875712595023, testhost.dll, TestRunCache: No test found corresponding to testResult 'GetParameters_ConvertStringParametersToDictionary_Dictionary' in inProgress list.
TpTrace Information: 0 : 15488, 4, 2024/12/17, 23:08:18.843, 875712596391, testhost.dll, MSTest - Executed tests belonging to source C:\Users\Глеб\Desktop\proect\proektirovanieIS\ConsoleAppTest\bin\Debug\net8.0\fine-code-coverage\build-output\ConsoleAppTest.dll
TpTrace Verbose: 0 : 15488, 4, 2024/12/17, 23:08:18.844, 875712603082, testhost.dll, BaseRunTests.RunTestInternalWithExecutors: Completed running tests for executor://MSTestAdapter/v2
TpTrace Verbose: 0 : 15488, 4, 2024/12/17, 23:08:18.845, 875712617896, testhost.dll, MulticastDelegateUtilities.SafeInvoke: TestCaseEventsHandler.RaiseSessionEnd: Invoking callback 1/1 for Microsoft.VisualStudio.TestPlatform.CrossPlatEngine.DataCollection.ProxyOutOfProcDataCollectionManager., took 0 ms.
TpTrace Information: 0 : 15488, 4, 2024/12/17, 23:08:18.850, 875712669334, testhost.dll, Sending test run complete
TpTrace Verbose: 0 : 15488, 4, 2024/12/17, 23:08:18.893, 875713100247, testhost.dll, TestRequestHandler.SendData: sending data from testhost: {"Version":7,"MessageType":"TestExecution.Completed","Payload":{"TestRunCompleteArgs":{"TestRunStatistics":{"ExecutedTests":4,"Stats":{"Failed":4}},"IsCanceled":false,"IsAborted":false,"Error":null,"AttachmentSets":[],"InvokedDataCollectors":[],"ElapsedTimeInRunningTests":"00:00:00.5642423","Metrics":{},"DiscoveredExtensions":{"TestDiscoverers":["Microsoft.VisualStudio.TestPlatform.MSTest.TestAdapter.MSTestDiscoverer, Microsoft.VisualStudio.TestPlatform.MSTest.TestAdapter, Version=14.0.0.0, Culture=neutral, PublicKeyToken=b03f5f7f11d50a3a"],"TestExecutors":["executor://MSTestAdapter/v2"],"TestExecutors2":[],"TestSettingsProviders":[]}},"LastRunTests":{"NewTestResults":[{"TestCase":{"Id":"6501a496-e8df-365d-a9c6-adef62a78a60","FullyQualifiedName":"ConsoleAppTest.DataAccessTests.AllMethods_AccessDataThenAddData_WorksAsIntented","DisplayName":"AllMethods_AccessDataThenAddData_WorksAsIntented","ExecutorUri":"executor://MSTestAdapter/v2","Source":"C:\\Users\\Глеб\\Desktop\\proect\\proektirovanieIS\\ConsoleAppTest\\bin\\Debug\\net8.0\\fine-code-coverage\\build-output\\ConsoleAppTest.dll","CodeFilePath":null,"LineNumber":-1,"Properties":[{"Key":{"Id":"MSTestDiscoverer.TestClassName","Label":"ClassName","Category":"","Description":"","Attributes":1,"ValueType":"System.String"},"Value":"ConsoleAppTest.DataAccessTests"},{"Key":{"Id":"TestCase.Hierarchy","Label":"Hierarchy","Category":"","Description":"","Attributes":2,"ValueType":"System.String[]"},"Value":[null,"ConsoleAppTest","DataAccessTests","AllMethods_AccessDataThenAddData_WorksAsIntented"]},{"Key":{"Id":"MSTest.TestIdGenerationStrategy","Label":"TestIdGenerationStrategy","Category":"","Description":"","Attributes":1,"ValueType":"System.Int32"},"Value":2},{"Key":{"Id":"TestCase.ManagedMethod","Label":"ManagedMethod","Category":"","Description":"","Attributes":1,"ValueType":"System.String"},"Value":"AllMethods_AccessDataThenAddData_WorksAsIntented"},{"Key":{"Id":"TestObject.Traits","Label":"Признаки","Category":"","Description":"","Attributes":5,"ValueType":"System.Collections.Generic.KeyValuePair`2[[System.String],[System.String]][]"},"Value":[]},{"Key":{"Id":"TestCase.ManagedType","Label":"ManagedType","Category":"","Description":"","Attributes":1,"ValueType":"System.String"},"Value":"ConsoleAppTest.DataAccessTests"}]},"Attachments":[],"Outcome":2,"ErrorMessage":"Test method ConsoleAppTest.DataAccessTests.AllMethods_AccessDataThenAddData_WorksAsIntented threw exception: \r\nSystem.BadImageFormatException: Could not load file or assembly 'C:\\Users\\Глеб\\Desktop\\proect\\proektirovanieIS\\ConsoleAppTest\\bin\\Debug\\net8.0\\fine-code-coverage\\build-output\\ConsoleAppStruct.exe'. Format of the executable (.exe) or library (.dll) is invalid.","ErrorStackTrace":"    at ConsoleAppTest.DataAccessTests.AllMethods_AccessDataThenAddData_WorksAsIntented()\r\n   at System.RuntimeMethodHandle.InvokeMethod(Object target, Void** arguments, Signature sig, Boolean isConstructor)\r\n   at System.Reflection.MethodBaseInvoker.InvokeWithNoArgs(Object obj, BindingFlags invokeAttr)\r\n","DisplayName":"AllMethods_AccessDataThenAddData_WorksAsIntented","Messages":[],"ComputerName":"DESKTOP-LTM32JT","Duration":"00:00:00.0207049","StartTime":"2024-12-17T23:08:18.7547+07:00","EndTime":"2024-12-17T23:08:18.7926394+07:00","Properties":[{"Key":{"Id":"ExecutionId","Label":"ExecutionId","Category":"","Description":"","Attributes":1,"ValueType":"System.Guid"},"Value":"00000000-0000-0000-0000-000000000000"},{"Key":{"Id":"ParentExecId","Label":"ParentExecId","Category":"","Description":"","Attributes":1,"ValueType":"System.Guid"},"Value":"00000000-0000-0000-0000-000000000000"},{"Key":{"Id":"InnerResultsCount","Label":"InnerResultsCount","Category":"","Description":"","Attributes":1,"ValueType":"System.Int32"},"Value":0}]},{"TestCase":{"Id":"bec5c62f-d347-bd32-e5ab-d9831694e23b","FullyQualifiedName":"ConsoleAppTest.DataProcessingTests.ConvertToCorrespondingClass_ConvertToALectionAndCheckIfInfoIsCorrect_LectionSubject","DisplayName":"ConvertToCorrespondingClass_ConvertToALectionAndCheckIfInfoIsCorrect_LectionSubject","ExecutorUri":"executor://MSTestAdapter/v2","Source":"C:\\Users\\Глеб\\Desktop\\proect\\proektirovanieIS\\ConsoleAppTest\\bin\\Debug\\net8.0\\fine-code-coverage\\build-output\\ConsoleAppTest.dll","CodeFilePath":null,"LineNumber":-1,"Properties":[{"Key":{"Id":"MSTestDiscoverer.TestClassName","Label":"ClassName","Category":"","Description":"","Attributes":1,"ValueType":"System.String"},"Value":"ConsoleAppTest.DataProcessingTests"},{"Key":{"Id":"TestCase.Hierarchy","Label":"Hierarchy","Category":"","Description":"","Attributes":2,"ValueType":"System.String[]"},"Value":[null,"ConsoleAppTest","DataProcessingTests","ConvertToCorrespondingClass_ConvertToALectionAndCheckIfInfoIsCorrect_LectionSubject"]},{"Key":{"Id":"MSTest.TestIdGenerationStrategy","Label":"TestIdGenerationStrategy","Category":"","Description":"","Attributes":1,"ValueType":"System.Int32"},"Value":2},{"Key":{"Id":"TestCase.ManagedMethod","Label":"ManagedMethod","Category":"","Description":"","Attributes":1,"ValueType":"System.String"},"Value":"ConvertToCorrespondingClass_ConvertToALectionAndCheckIfInfoIsCorrect_LectionSubject"},{"Key":{"Id":"TestObject.Traits","Label":"Признаки","Category":"","Description":"","Attributes":5,"ValueType":"System.Collections.Generic.KeyValuePair`2[[System.String],[System.String]][]"},"Value":[]},{"Key":{"Id":"TestCase.ManagedType","Label":"ManagedType","Category":"","Description":"","Attributes":1,"ValueType":"System.String"},"Value":"ConsoleAppTest.DataProcessingTests"}]},"Attachments":[],"Outcome":2,"ErrorMessage":"Test method ConsoleAppTest.DataProcessingTests.ConvertToCorrespondingClass_ConvertToALectionAndCheckIfInfoIsCorrect_LectionSubject threw exception: \r\nSystem.BadImageFormatException: Could not load file or assembly 'C:\\Users\\Глеб\\Desktop\\proect\\proektirovanieIS\\ConsoleAppTest\\bin\\Debug\\net8.0\\fine-code-coverage\\build-output\\ConsoleAppStruct.exe'. Format of the executable (.exe) or library (.dll) is invalid.","ErrorStackTrace":"    at ConsoleAppTest.DataProcessingTests.ConvertToCorrespondingClass_ConvertToALectionAndCheckIfInfoIsCorrect_LectionSubject()\r\n   at System.RuntimeMethodHandle.InvokeMethod(Object target, Void** arguments, Signature sig, Boolean isConstructor)\r\n   at System.Reflection.MethodBaseInvoker.InvokeWithNoArgs(Object obj, BindingFlags invokeAttr)\r\n","DisplayName":"ConvertToCorrespondingClass_ConvertToALectionAndCheckIfInfoIsCorrect_LectionSubject","Messages":[],"ComputerName":"DESKTOP-LTM32JT","Duration":"00:00:00.0007440","StartTime":"2024-12-17T23:08:18.8193664+07:00","EndTime":"2024-12-17T23:08:18.8208747+07:00","Properties":[{"Key":{"Id":"ExecutionId","Label":"ExecutionId","Category":"","Description":"","Attributes":1,"ValueType":"System.Guid"},"Value":"00000000-0000-0000-0000-000000000000"},{"Key":{"Id":"ParentExecId","Label":"ParentExecId","Category":"","Description":"","Attributes":1,"ValueType":"System.Guid"},"Value":"00000000-0000-0000-0000-000000000000"},{"Key":{"Id":"InnerResultsCount","Label":"InnerResultsCount","Category":"","Description":"","Attributes":1,"ValueType":"System.Int32"},"Value":0}]},{"TestCase":{"Id":"c964a920-dc1e-f157-285f-4c41fa6b96e5","FullyQualifiedName":"ConsoleAppTest.DataProcessingTests.ConvertToCorrespondingClass_ConvertToAPracticeAndCheckIfInfoIsCorrect_PracticeSubject","DisplayName":"ConvertToCorrespondingClass_ConvertToAPracticeAndCheckIfInfoIsCorrect_PracticeSubject","ExecutorUri":"executor://MSTestAdapter/v2","Source":"C:\\Users\\Глеб\\Desktop\\proect\\proektirovanieIS\\ConsoleAppTest\\bin\\Debug\\net8.0\\fine-code-coverage\\build-output\\ConsoleAppTest.dll","CodeFilePath":null,"LineNumber":-1,"Properties":[{"Key":{"Id":"MSTestDiscoverer.TestClassName","Label":"ClassName","Category":"","Description":"","Attributes":1,"ValueType":"System.String"},"Value":"ConsoleAppTest.DataProcessingTests"},{"Key":{"Id":"TestCase.Hierarchy","Label":"Hierarchy","Category":"","Description":"","Attributes":2,"ValueType":"System.String[]"},"Value":[null,"ConsoleAppTest","DataProcessingTests","ConvertToCorrespondingClass_ConvertToAPracticeAndCheckIfInfoIsCorrect_PracticeSubject"]},{"Key":{"Id":"MSTest.TestIdGenerationStrategy","Label":"TestIdGenerationStrategy","Category":"","Description":"","Attributes":1,"ValueType":"System.Int32"},"Value":2},{"Key":{"Id":"TestCase.ManagedMethod","Label":"ManagedMethod","Category":"","Description":"","Attributes":1,"ValueType":"System.String"},"Value":"ConvertToCorrespondingClass_ConvertToAPracticeAndCheckIfInfoIsCorrect_PracticeSubject"},{"Key":{"Id":"TestObject.Traits","Label":"Признаки","Category":"","Description":"","Attributes":5,"ValueType":"System.Collections.Generic.KeyValuePair`2[[System.String],[System.String]][]"},"Value":[]},{"Key":{"Id":"TestCase.ManagedType","Label":"ManagedType","Category":"","Description":"","Attributes":1,"ValueType":"System.String"},"Value":"ConsoleAppTest.DataProcessingTests"}]},"Attachments":[],"Outcome":2,"ErrorMessage":"Test method ConsoleAppTest.DataProcessingTests.ConvertToCorrespondingClass_ConvertToAPracticeAndCheckIfInfoIsCorrect_PracticeSubject threw exception: \r\nSystem.BadImageFormatException: Could not load file or assembly 'C:\\Users\\Глеб\\Desktop\\proect\\proektirovanieIS\\ConsoleAppTest\\bin\\Debug\\net8.0\\fine-code-coverage\\build-output\\ConsoleAppStruct.exe'. Format of the executable (.exe) or library (.dll) is invalid.","ErrorStackTrace":"    at ConsoleAppTest.DataProcessingTests.ConvertToCorrespondingClass_ConvertToAPracticeAndCheckIfInfoIsCorrect_PracticeSubject()\r\n   at System.RuntimeMethodHandle.InvokeMethod(Object target, Void** arguments, Signature sig, Boolean isConstructor)\r\n   at System.Reflection.MethodBaseInvoker.InvokeWithNoArgs(Object obj, BindingFlags invokeAttr)\r\n","DisplayName":"ConvertToCorrespondingClass_ConvertToAPracticeAndCheckIfInfoIsCorrect_PracticeSubject","Messages":[],"ComputerName":"DESKTOP-LTM32JT","Duration":"00:00:00.0006579","StartTime":"2024-12-17T23:08:18.8280526+07:00","EndTime":"2024-12-17T23:08:18.8292167+07:00","Properties":[{"Key":{"Id":"ExecutionId","Label":"ExecutionId","Category":"","Description":"","Attributes":1,"ValueType":"System.Guid"},"Value":"00000000-0000-0000-0000-000000000000"},{"Key":{"Id":"ParentExecId","Label":"ParentExecId","Category":"","Description":"","Attributes":1,"ValueType":"System.Guid"},"Value":"00000000-0000-0000-0000-000000000000"},{"Key":{"Id":"InnerResultsCount","Label":"InnerResultsCount","Category":"","Description":"","Attributes":1,"ValueType":"System.Int32"},"Value":0}]},{"TestCase":{"Id":"18e3f7e9-d9b1-48b7-5910-d970b9c333e3","FullyQualifiedName":"ConsoleAppTest.DataProcessingTests.GetParameters_ConvertStringParametersToDictionary_Dictionary","DisplayName":"GetParameters_ConvertStringParametersToDictionary_Dictionary","ExecutorUri":"executor://MSTestAdapter/v2","Source":"C:\\Users\\Глеб\\Desktop\\proect\\proektirovanieIS\\ConsoleAppTest\\bin\\Debug\\net8.0\\fine-code-coverage\\build-output\\ConsoleAppTest.dll","CodeFilePath":null,"LineNumber":-1,"Properties":[{"Key":{"Id":"MSTestDiscoverer.TestClassName","Label":"ClassName","Category":"","Description":"","Attributes":1,"ValueType":"System.String"},"Value":"ConsoleAppTest.DataProcessingTests"},{"Key":{"Id":"TestCase.Hierarchy","Label":"Hierarchy","Category":"","Description":"","Attributes":2,"ValueType":"System.String[]"},"Value":[null,"ConsoleAppTest","DataProcessingTests","GetParameters_ConvertStringParametersToDictionary_Dictionary"]},{"Key":{"Id":"MSTest.TestIdGenerationStrategy","Label":"TestIdGenerationStrategy","Category":"","Description":"","Attributes":1,"ValueType":"System.Int32"},"Value":2},{"Key":{"Id":"TestCase.ManagedMethod","Label":"ManagedMethod","Category":"","Description":"","Attributes":1,"ValueType":"System.String"},"Value":"GetParameters_ConvertStringParametersToDictionary_Dictionary"},{"Key":{"Id":"TestObject.Traits","Label":"Признаки","Category":"","Description":"","Attributes":5,"ValueType":"System.Collections.Generic.KeyValuePair`2[[System.String],[System.String]][]"},"Value":[]},{"Key":{"Id":"TestCase.ManagedType","Label":"ManagedType","Category":"","Description":"","Attributes":1,"ValueType":"System.String"},"Value":"ConsoleAppTest.DataProcessingTests"}]},"Attachments":[],"Outcome":2,"ErrorMessage":"Test method ConsoleAppTest.DataProcessingTests.GetParameters_ConvertStringParametersToDictionary_Dictionary threw exception: \r\nSystem.BadImageFormatException: Could not load file or assembly 'C:\\Users\\Глеб\\Desktop\\proect\\proektirovanieIS\\ConsoleAppTest\\bin\\Debug\\net8.0\\fine-code-coverage\\build-output\\ConsoleAppStruct.exe'. Format of the executable (.exe) or library (.dll) is invalid.","ErrorStackTrace":"    at ConsoleAppTest.DataProcessingTests.GetParameters_ConvertStringParametersToDictionary_Dictionary()\r\n   at System.RuntimeMethodHandle.InvokeMethod(Object target, Void** arguments, Signature sig, Boolean isConstructor)\r\n   at System.Reflection.MethodBaseInvoker.InvokeWithNoArgs(Object obj, BindingFlags invokeAttr)\r\n","DisplayName":"GetParameters_ConvertStringParametersToDictionary_Dictionary","Messages":[],"ComputerName":"DESKTOP-LTM32JT","Duration":"00:00:00.0005974","StartTime":"2024-12-17T23:08:18.8380552+07:00","EndTime":"2024-12-17T23:08:18.8404534+07:00","Properties":[{"Key":{"Id":"ExecutionId","Label":"ExecutionId","Category":"","Description":"","Attributes":1,"ValueType":"System.Guid"},"Value":"00000000-0000-0000-0000-000000000000"},{"Key":{"Id":"ParentExecId","Label":"ParentExecId","Category":"","Description":"","Attributes":1,"ValueType":"System.Guid"},"Value":"00000000-0000-0000-0000-000000000000"},{"Key":{"Id":"InnerResultsCount","Label":"InnerResultsCount","Category":"","Description":"","Attributes":1,"ValueType":"System.Int32"},"Value":0}]}],"TestRunStatistics":{"ExecutedTests":4,"Stats":{"Failed":4}},"ActiveTests":[]},"RunAttachments":[],"ExecutorUris":["executor://mstestadapter/v2"]}}
TpTrace Verbose: 0 : 15488, 4, 2024/12/17, 23:08:18.894, 875713108487, testhost.dll, BaseRunTests.RunTests: Run is complete.
TpTrace Verbose: 0 : 15488, 9, 2024/12/17, 23:08:18.896, 875713120809, testhost.dll, TcpClientExtensions.MessageLoopAsync: NotifyDataAvailable remoteEndPoint: [::ffff:127.0.0.1]:10305 localEndPoint: [::ffff:127.0.0.1]:10306
TpTrace Information: 0 : 15488, 9, 2024/12/17, 23:08:18.896, 875713123586, testhost.dll, TestRequestHandler.OnMessageReceived: received message: (TestSession.Terminate) -> {"MessageType":"TestSession.Terminate","Payload":null}
TpTrace Information: 0 : 15488, 9, 2024/12/17, 23:08:18.896, 875713124900, testhost.dll, Session End message received from server. Closing the connection.
TpTrace Information: 0 : 15488, 9, 2024/12/17, 23:08:18.896, 875713129365, testhost.dll, SocketClient.Stop: Stop communication from server endpoint: 127.0.0.1:010305
TpTrace Information: 0 : 15488, 9, 2024/12/17, 23:08:18.897, 875713130743, testhost.dll, SocketClient: Stop: Cancellation requested. Stopping message loop.
TpTrace Verbose: 0 : 15488, 9, 2024/12/17, 23:08:18.897, 875713134346, testhost.dll, LengthPrefixCommunicationChannel.Dispose: Dispose reader and writer.
TpTrace Information: 0 : 15488, 9, 2024/12/17, 23:08:18.897, 875713135949, testhost.dll, Closing the connection !
TpTrace Verbose: 0 : 15488, 9, 2024/12/17, 23:08:18.897, 875713137330, testhost.dll, MulticastDelegateUtilities.SafeInvoke: LengthPrefixCommunicationChannel: MessageReceived: Invoking callback 1/1 for Microsoft.VisualStudio.TestPlatform.CommunicationUtilities.TestRequestHandler., took 1 ms.
TpTrace Information: 0 : 15488, 1, 2024/12/17, 23:08:18.897, 875713140036, testhost.dll, Closing the connection!
TpTrace Information: 0 : 15488, 9, 2024/12/17, 23:08:18.898, 875713140711, testhost.dll, SocketClient.PrivateStop: Stop communication from server endpoint: 127.0.0.1:010305, error:
TpTrace Information: 0 : 15488, 1, 2024/12/17, 23:08:18.898, 875713142223, testhost.dll, Testhost process exiting.
